#
# There is insufficient memory for the Java Runtime Environment to continue.
# Native memory allocation (malloc) failed to allocate 32744 bytes for ChunkPool::allocate
# Possible reasons:
#   The system is out of physical RAM or swap space
#   In 32 bit mode, the process size limit was hit
# Possible solutions:
#   Reduce memory load on the system
#   Increase physical memory or swap space
#   Check if swap backing store is full
#   Use 64 bit Java on a 64 bit OS
#   Decrease Java heap size (-Xmx/-Xms)
#   Decrease number of Java threads
#   Decrease Java thread stack sizes (-Xss)
#   Set larger code cache with -XX:ReservedCodeCacheSize=
# This output file may be truncated or incomplete.
#
#  Out of Memory Error (allocation.cpp:273), pid=4528, tid=0x0000000000000bc4
#
# JRE version: OpenJDK Runtime Environment (8.0_112-b06) (build 1.8.0_112-release-b06)
# Java VM: OpenJDK 64-Bit Server VM (25.112-b06 mixed mode windows-amd64 compressed oops)
# Failed to write core dump. Minidumps are not enabled by default on client versions of Windows
#

---------------  T H R E A D  ---------------

Current thread (0x0000000015209000):  JavaThread "C2 CompilerThread1" daemon [_thread_in_native, id=3012, stack(0x0000000016930000,0x0000000016a30000)]

Stack: [0x0000000016930000,0x0000000016a30000]
[error occurred during error reporting (printing stack bounds), id 0xc0000005]

Native frames: (J=compiled Java code, j=interpreted, Vv=VM code, C=native code)


Current CompileTask:
C2: 494610 9701       4       org.gradle.internal.component.external.model.AbstractModuleComponentResolveMetadata::populateConfigurationFromDescriptor (270 bytes)


---------------  P R O C E S S  ---------------

Java Threads: ( => current thread )
  0x000000001922b000 JavaThread "Cache update executor" [_thread_blocked, id=1444, stack(0x000000001a860000,0x000000001a960000)]
  0x0000000019229800 JavaThread "Stdin handler" [_thread_blocked, id=7524, stack(0x000000001a760000,0x000000001a860000)]
  0x0000000019222000 JavaThread "Asynchronous log dispatcher for DefaultDaemonConnection: socket connection from /127.0.0.1:53235 to /127.0.0.1:53263" [_thread_blocked, id=5360, stack(0x000000001a660000,0x000000001a760000)]
  0x0000000019225000 JavaThread "Daemon worker Thread 2" [_thread_in_Java, id=4860, stack(0x000000001a060000,0x000000001a160000)]
  0x0000000019224800 JavaThread "Cancel handler" [_thread_blocked, id=6712, stack(0x0000000002780000,0x0000000002880000)]
  0x0000000019223000 JavaThread "Handler for socket connection from /127.0.0.1:53235 to /127.0.0.1:53263" [_thread_in_native, id=1652, stack(0x0000000000ee0000,0x0000000000fe0000)]
  0x0000000019221800 JavaThread "Daemon Thread 2" [_thread_blocked, id=4396, stack(0x0000000000de0000,0x0000000000ee0000)]
  0x0000000018f52800 JavaThread "File lock request listener" [_thread_in_native, id=6784, stack(0x000000001ab60000,0x000000001ac60000)]
  0x0000000017f40800 JavaThread "pool-1-thread-1" [_thread_blocked, id=7752, stack(0x000000001a460000,0x000000001a560000)]
  0x0000000018828800 JavaThread "Incoming local TCP Connector on port 53235" [_thread_in_native, id=4120, stack(0x0000000018900000,0x0000000018a00000)]
  0x0000000016ba0800 JavaThread "Service Thread" daemon [_thread_blocked, id=8140, stack(0x0000000016f30000,0x0000000017030000)]
  0x0000000015255000 JavaThread "C1 CompilerThread2" daemon [_thread_in_native, id=3580, stack(0x0000000016a30000,0x0000000016b30000)]
=>0x0000000015209000 JavaThread "C2 CompilerThread1" daemon [_thread_in_native, id=3012, stack(0x0000000016930000,0x0000000016a30000)]
  0x0000000015206000 JavaThread "C2 CompilerThread0" daemon [_thread_in_native, id=5744, stack(0x0000000016830000,0x0000000016930000)]
  0x0000000015253800 JavaThread "Attach Listener" daemon [_thread_blocked, id=5240, stack(0x0000000016730000,0x0000000016830000)]
  0x00000000151f8800 JavaThread "Signal Dispatcher" daemon [_thread_blocked, id=3416, stack(0x0000000016630000,0x0000000016730000)]
  0x0000000002b2c000 JavaThread "Finalizer" daemon [_thread_blocked, id=1076, stack(0x0000000016450000,0x0000000016550000)]
  0x0000000002b21000 JavaThread "Reference Handler" daemon [_thread_blocked, id=4820, stack(0x0000000016350000,0x0000000016450000)]
  0x000000000292e000 JavaThread "main" [_thread_blocked, id=7696, stack(0x0000000002930000,0x0000000002a30000)]

Other Threads:
  0x00000000151c5800 VMThread [stack: 0x0000000016250000,0x0000000016350000] [id=1568]
  0x0000000016ba2000 WatcherThread [stack: 0x0000000017030000,0x0000000017130000] [id=1588]

VM state:not at safepoint (normal execution)

VM Mutex/Monitor currently owned by a thread: None

Heap:
 PSYoungGen      total 214528K, used 84586K [0x00000000eab00000, 0x00000000fa880000, 0x0000000100000000)
  eden space 205312K, 36% used [0x00000000eab00000,0x00000000ef5049d8,0x00000000f7380000)
  from space 9216K, 95% used [0x00000000f7a00000,0x00000000f8295f78,0x00000000f8300000)
  to   space 27136K, 0% used [0x00000000f8e00000,0x00000000f8e00000,0x00000000fa880000)
 ParOldGen       total 98304K, used 49759K [0x00000000c0000000, 0x00000000c6000000, 0x00000000eab00000)
  object space 98304K, 50% used [0x00000000c0000000,0x00000000c3097d70,0x00000000c6000000)
 Metaspace       used 59111K, capacity 61844K, committed 62080K, reserved 1103872K
  class space    used 7875K, capacity 8532K, committed 8576K, reserved 1048576K

Card table byte_map: [0x0000000011ef0000,0x0000000012100000] byte_map_base: 0x00000000118f0000

Marking Bits: (ParMarkBitMap*) 0x000000005aa718f0
 Begin Bits: [0x0000000012660000, 0x0000000013660000)
 End Bits:   [0x0000000013660000, 0x0000000014660000)

Polling page: 0x0000000000ff0000

CodeCache: size=245760Kb used=29616Kb max_used=29616Kb free=216143Kb
 bounds [0x0000000002b30000, 0x0000000004840000, 0x0000000011b30000]
 total_blobs=9686 nmethods=8926 adapters=671
 compilation: enabled

Compilation events (10 events):
Event: 494.573 Thread 0x0000000015255000 nmethod 10503 0x000000000483d8d0 code [0x000000000483da20, 0x000000000483db70]
Event: 494.573 Thread 0x0000000015255000 10504       2       com.android.ide.common.res2.DataItem::isWritten (16 bytes)
Event: 494.573 Thread 0x0000000015255000 nmethod 10504 0x000000000483dc10 code [0x000000000483dd60, 0x000000000483ded0]
Event: 494.573 Thread 0x0000000015255000 10505       2       com.android.ide.common.res2.ResourceMerger::filterAccept (9 bytes)
Event: 494.573 Thread 0x0000000015255000 nmethod 10505 0x000000000483df50 code [0x000000000483e0c0, 0x000000000483e268]
Event: 494.573 Thread 0x0000000015255000 10507       2       com.android.ide.common.res2.MergedResourceWriter::addItem (68 bytes)
Event: 494.574 Thread 0x0000000015255000 nmethod 10507 0x000000000483e310 code [0x000000000483e4e0, 0x000000000483e8c8]
Event: 494.574 Thread 0x0000000015255000 10506       2       com.android.ide.common.res2.ResourceMerger::filterAccept (36 bytes)
Event: 494.574 Thread 0x0000000015255000 nmethod 10506 0x000000000483ebd0 code [0x000000000483ed40, 0x000000000483ef48]
Event: 494.580 Thread 0x0000000015255000 10508       2       com.google.gson.stream.JsonReader::push (58 bytes)

GC Heap History (10 events):
Event: 9.530 GC heap before
{Heap before GC invocations=12 (full 2):
 PSYoungGen      total 151552K, used 151528K [0x00000000eab00000, 0x00000000f6f80000, 0x0000000100000000)
  eden space 138752K, 100% used [0x00000000eab00000,0x00000000f3280000,0x00000000f3280000)
  from space 12800K, 99% used [0x00000000f3280000,0x00000000f3efa1e0,0x00000000f3f00000)
  to   space 14336K, 0% used [0x00000000f6180000,0x00000000f6180000,0x00000000f6f80000)
 ParOldGen       total 98304K, used 17200K [0x00000000c0000000, 0x00000000c6000000, 0x00000000eab00000)
  object space 98304K, 17% used [0x00000000c0000000,0x00000000c10cc3f8,0x00000000c6000000)
 Metaspace       used 44998K, capacity 46150K, committed 46336K, reserved 1089536K
  class space    used 5987K, capacity 6295K, committed 6400K, reserved 1048576K
Event: 9.541 GC heap after
Heap after GC invocations=12 (full 2):
 PSYoungGen      total 185344K, used 14327K [0x00000000eab00000, 0x00000000f7400000, 0x0000000100000000)
  eden space 171008K, 0% used [0x00000000eab00000,0x00000000eab00000,0x00000000f5200000)
  from space 14336K, 99% used [0x00000000f6180000,0x00000000f6f7dfb8,0x00000000f6f80000)
  to   space 15872K, 0% used [0x00000000f5200000,0x00000000f5200000,0x00000000f6180000)
 ParOldGen       total 98304K, used 17257K [0x00000000c0000000, 0x00000000c6000000, 0x00000000eab00000)
  object space 98304K, 17% used [0x00000000c0000000,0x00000000c10da708,0x00000000c6000000)
 Metaspace       used 44998K, capacity 46150K, committed 46336K, reserved 1089536K
  class space    used 5987K, capacity 6295K, committed 6400K, reserved 1048576K
}
Event: 10.890 GC heap before
{Heap before GC invocations=13 (full 2):
 PSYoungGen      total 185344K, used 185335K [0x00000000eab00000, 0x00000000f7400000, 0x0000000100000000)
  eden space 171008K, 100% used [0x00000000eab00000,0x00000000f5200000,0x00000000f5200000)
  from space 14336K, 99% used [0x00000000f6180000,0x00000000f6f7dfb8,0x00000000f6f80000)
  to   space 15872K, 0% used [0x00000000f5200000,0x00000000f5200000,0x00000000f6180000)
 ParOldGen       total 98304K, used 17257K [0x00000000c0000000, 0x00000000c6000000, 0x00000000eab00000)
  object space 98304K, 17% used [0x00000000c0000000,0x00000000c10da708,0x00000000c6000000)
 Metaspace       used 50525K, capacity 52236K, committed 52480K, reserved 1093632K
  class space    used 6868K, capacity 7316K, committed 7424K, reserved 1048576K
Event: 10.915 GC heap after
Heap after GC invocations=13 (full 2):
 PSYoungGen      total 186880K, used 15843K [0x00000000eab00000, 0x00000000faa80000, 0x0000000100000000)
  eden space 171008K, 0% used [0x00000000eab00000,0x00000000eab00000,0x00000000f5200000)
  from space 15872K, 99% used [0x00000000f5200000,0x00000000f6178df8,0x00000000f6180000)
  to   space 22016K, 0% used [0x00000000f9500000,0x00000000f9500000,0x00000000faa80000)
 ParOldGen       total 98304K, used 28920K [0x00000000c0000000, 0x00000000c6000000, 0x00000000eab00000)
  object space 98304K, 29% used [0x00000000c0000000,0x00000000c1c3e3a8,0x00000000c6000000)
 Metaspace       used 50525K, capacity 52236K, committed 52480K, reserved 1093632K
  class space    used 6868K, capacity 7316K, committed 7424K, reserved 1048576K
}
Event: 14.822 GC heap before
{Heap before GC invocations=14 (full 2):
 PSYoungGen      total 186880K, used 177025K [0x00000000eab00000, 0x00000000faa80000, 0x0000000100000000)
  eden space 171008K, 94% used [0x00000000eab00000,0x00000000f48676f0,0x00000000f5200000)
  from space 15872K, 99% used [0x00000000f5200000,0x00000000f6178df8,0x00000000f6180000)
  to   space 22016K, 0% used [0x00000000f9500000,0x00000000f9500000,0x00000000faa80000)
 ParOldGen       total 98304K, used 28920K [0x00000000c0000000, 0x00000000c6000000, 0x00000000eab00000)
  object space 98304K, 29% used [0x00000000c0000000,0x00000000c1c3e3a8,0x00000000c6000000)
 Metaspace       used 56529K, capacity 58998K, committed 59096K, reserved 1099776K
  class space    used 7621K, capacity 8243K, committed 8320K, reserved 1048576K
Event: 14.843 GC heap after
Heap after GC invocations=14 (full 2):
 PSYoungGen      total 233984K, used 21987K [0x00000000eab00000, 0x00000000fb180000, 0x0000000100000000)
  eden space 211968K, 0% used [0x00000000eab00000,0x00000000eab00000,0x00000000f7a00000)
  from space 22016K, 99% used [0x00000000f9500000,0x00000000faa78c30,0x00000000faa80000)
  to   space 27648K, 0% used [0x00000000f7a00000,0x00000000f7a00000,0x00000000f9500000)
 ParOldGen       total 98304K, used 36957K [0x00000000c0000000, 0x00000000c6000000, 0x00000000eab00000)
  object space 98304K, 37% used [0x00000000c0000000,0x00000000c2417450,0x00000000c6000000)
 Metaspace       used 56529K, capacity 58998K, committed 59096K, reserved 1099776K
  class space    used 7621K, capacity 8243K, committed 8320K, reserved 1048576K
}
Event: 14.843 GC heap before
{Heap before GC invocations=15 (full 3):
 PSYoungGen      total 233984K, used 21987K [0x00000000eab00000, 0x00000000fb180000, 0x0000000100000000)
  eden space 211968K, 0% used [0x00000000eab00000,0x00000000eab00000,0x00000000f7a00000)
  from space 22016K, 99% used [0x00000000f9500000,0x00000000faa78c30,0x00000000faa80000)
  to   space 27648K, 0% used [0x00000000f7a00000,0x00000000f7a00000,0x00000000f9500000)
 ParOldGen       total 98304K, used 36957K [0x00000000c0000000, 0x00000000c6000000, 0x00000000eab00000)
  object space 98304K, 37% used [0x00000000c0000000,0x00000000c2417450,0x00000000c6000000)
 Metaspace       used 56529K, capacity 58998K, committed 59096K, reserved 1099776K
  class space    used 7621K, capacity 8243K, committed 8320K, reserved 1048576K
Event: 15.006 GC heap after
Heap after GC invocations=15 (full 3):
 PSYoungGen      total 233984K, used 0K [0x00000000eab00000, 0x00000000fb180000, 0x0000000100000000)
  eden space 211968K, 0% used [0x00000000eab00000,0x00000000eab00000,0x00000000f7a00000)
  from space 22016K, 0% used [0x00000000f9500000,0x00000000f9500000,0x00000000faa80000)
  to   space 27648K, 0% used [0x00000000f7a00000,0x00000000f7a00000,0x00000000f9500000)
 ParOldGen       total 98304K, used 49751K [0x00000000c0000000, 0x00000000c6000000, 0x00000000eab00000)
  object space 98304K, 50% used [0x00000000c0000000,0x00000000c3095d70,0x00000000c6000000)
 Metaspace       used 56529K, capacity 58998K, committed 59096K, reserved 1099776K
  class space    used 7621K, capacity 8243K, committed 8320K, reserved 1048576K
}
Event: 493.598 GC heap before
{Heap before GC invocations=16 (full 3):
 PSYoungGen      total 233984K, used 211968K [0x00000000eab00000, 0x00000000fb180000, 0x0000000100000000)
  eden space 211968K, 100% used [0x00000000eab00000,0x00000000f7a00000,0x00000000f7a00000)
  from space 22016K, 0% used [0x00000000f9500000,0x00000000f9500000,0x00000000faa80000)
  to   space 27648K, 0% used [0x00000000f7a00000,0x00000000f7a00000,0x00000000f9500000)
 ParOldGen       total 98304K, used 49751K [0x00000000c0000000, 0x00000000c6000000, 0x00000000eab00000)
  object space 98304K, 50% used [0x00000000c0000000,0x00000000c3095d70,0x00000000c6000000)
 Metaspace       used 57967K, capacity 60602K, committed 60672K, reserved 1101824K
  class space    used 7776K, capacity 8413K, committed 8448K, reserved 1048576K
Event: 493.637 GC heap after
Heap after GC invocations=16 (full 3):
 PSYoungGen      total 214528K, used 8791K [0x00000000eab00000, 0x00000000fa880000, 0x0000000100000000)
  eden space 205312K, 0% used [0x00000000eab00000,0x00000000eab00000,0x00000000f7380000)
  from space 9216K, 95% used [0x00000000f7a00000,0x00000000f8295f78,0x00000000f8300000)
  to   space 27136K, 0% used [0x00000000f8e00000,0x00000000f8e00000,0x00000000fa880000)
 ParOldGen       total 98304K, used 49759K [0x00000000c0000000, 0x00000000c6000000, 0x00000000eab00000)
  object space 98304K, 50% used [0x00000000c0000000,0x00000000c3097d70,0x00000000c6000000)
 Metaspace       used 57967K, capacity 60602K, committed 60672K, reserved 1101824K
  class space    used 7776K, capacity 8413K, committed 8448K, reserved 1048576K
}

Deoptimization events (10 events):
Event: 494.398 Thread 0x0000000019225000 Uncommon trap: reason=unstable_if action=reinterpret pc=0x00000000037e8194 method=java.security.MessageDigest.isEqual([B[B)Z @ 53
Event: 494.430 Thread 0x0000000019225000 Uncommon trap: reason=unstable_if action=reinterpret pc=0x0000000003463c30 method=com.sun.org.apache.xerces.internal.impl.XMLEntityScanner.scanQName(Lcom/sun/org/apache/xerces/internal/xni/QName;)Z @ 261
Event: 494.431 Thread 0x0000000019225000 Uncommon trap: reason=unstable_if action=reinterpret pc=0x0000000003200990 method=sun.nio.cs.UTF_8$Decoder.decodeArrayLoop(Ljava/nio/ByteBuffer;Ljava/nio/CharBuffer;)Ljava/nio/charset/CoderResult; @ 84
Event: 494.436 Thread 0x0000000019225000 Uncommon trap: reason=unstable_if action=reinterpret pc=0x0000000002faec7c method=sun.nio.cs.UTF_8$Decoder.decodeArrayLoop(Ljava/nio/ByteBuffer;Ljava/nio/CharBuffer;)Ljava/nio/charset/CoderResult; @ 84
Event: 494.437 Thread 0x0000000019225000 Uncommon trap: reason=unstable_if action=reinterpret pc=0x0000000003512418 method=com.sun.org.apache.xerces.internal.dom.DeferredDocumentImpl.ensureCapacity(I)V @ 88
Event: 494.451 Thread 0x0000000019225000 Uncommon trap: reason=speculate_class_check action=maybe_recompile pc=0x0000000003cd1ba8 method=com.sun.org.apache.xerces.internal.dom.ParentNode.getChildNodes()Lorg/w3c/dom/NodeList; @ 8
Event: 494.451 Thread 0x0000000019225000 Uncommon trap: reason=unstable_if action=reinterpret pc=0x000000000348c9f8 method=com.sun.org.apache.xerces.internal.dom.DeferredDocumentImpl.clearChunkValue([[Ljava/lang/Object;II)Ljava/lang/String; @ 3
Event: 494.470 Thread 0x0000000019225000 Uncommon trap: reason=unstable_if action=reinterpret pc=0x000000000464c8dc method=com.sun.org.apache.xerces.internal.dom.DeferredDocumentImpl.getChunkIndex([[III)I @ 3
Event: 494.470 Thread 0x0000000019225000 Uncommon trap: reason=unstable_if action=reinterpret pc=0x000000000341f904 method=com.sun.org.apache.xerces.internal.dom.DeferredDocumentImpl.getChunkIndex([[III)I @ 3
Event: 494.572 Thread 0x0000000019225000 Uncommon trap: reason=unstable_if action=reinterpret pc=0x00000000030050e0 method=java.util.concurrent.ConcurrentHashMap.replaceNode(Ljava/lang/Object;Ljava/lang/Object;Ljava/lang/Object;)Ljava/lang/Object; @ 246

Internal exceptions (10 events):
Event: 493.746 Thread 0x0000000019225000 Exception <a 'sun/nio/fs/WindowsException'> (0x00000000eb598618) thrown at [C:\src\android\AOSP-openjdk\external\jetbrains\jdk\hotspot\src\share\vm\prims\jni.cpp, line 709]
Event: 493.746 Thread 0x0000000019225000 Exception <a 'sun/nio/fs/WindowsException'> (0x00000000eb599018) thrown at [C:\src\android\AOSP-openjdk\external\jetbrains\jdk\hotspot\src\share\vm\prims\jni.cpp, line 709]
Event: 493.746 Thread 0x0000000019225000 Exception <a 'sun/nio/fs/WindowsException'> (0x00000000eb59c198) thrown at [C:\src\android\AOSP-openjdk\external\jetbrains\jdk\hotspot\src\share\vm\prims\jni.cpp, line 709]
Event: 493.746 Thread 0x0000000019225000 Exception <a 'sun/nio/fs/WindowsException'> (0x00000000eb59cad8) thrown at [C:\src\android\AOSP-openjdk\external\jetbrains\jdk\hotspot\src\share\vm\prims\jni.cpp, line 709]
Event: 493.746 Thread 0x0000000019225000 Exception <a 'sun/nio/fs/WindowsException'> (0x00000000eb59e5f0) thrown at [C:\src\android\AOSP-openjdk\external\jetbrains\jdk\hotspot\src\share\vm\prims\jni.cpp, line 709]
Event: 493.746 Thread 0x0000000019225000 Exception <a 'sun/nio/fs/WindowsException'> (0x00000000eb59ef40) thrown at [C:\src\android\AOSP-openjdk\external\jetbrains\jdk\hotspot\src\share\vm\prims\jni.cpp, line 709]
Event: 493.881 Thread 0x0000000019225000 Implicit null exception at 0x000000000450b333 to 0x000000000450b555
Event: 494.451 Thread 0x0000000019225000 Implicit null exception at 0x000000000348c85e to 0x000000000348c9e1
Event: 494.470 Thread 0x0000000019225000 Implicit null exception at 0x000000000464b4a7 to 0x000000000464c8b9
Event: 494.470 Thread 0x0000000019225000 Implicit null exception at 0x000000000341f89a to 0x000000000341f8ed

Events (10 events):
Event: 494.564 loading class com/android/ide/common/res2/MergedResourceWriter$2 done
Event: 494.565 loading class com/android/ide/common/blame/MergingLogPersistUtil
Event: 494.565 loading class com/android/ide/common/blame/MergingLogPersistUtil done
Event: 494.570 loading class com/android/ide/common/blame/SourceFileJsonTypeAdapter$1
Event: 494.570 loading class com/android/ide/common/blame/SourceFileJsonTypeAdapter$1 done
Event: 494.572 Thread 0x0000000019225000 Uncommon trap: trap_request=0xffffff65 fr.pc=0x00000000030050e0
Event: 494.572 Executing VM operation: RevokeBias
Event: 494.572 Executing VM operation: RevokeBias done
Event: 494.572 Thread 0x0000000019225000 DEOPT PACKING pc=0x00000000030050e0 sp=0x000000001a15b940
Event: 494.572 Thread 0x0000000019225000 DEOPT UNPACKING pc=0x0000000002b7556a sp=0x000000001a15b8b8 mode 2


Dynamic libraries:
0x00007ff6a0730000 - 0x00007ff6a0761000 	C:\Program Files\Android\Android Studio\jre\bin\java.exe
0x00007ff8b8430000 - 0x00007ff8b85f2000 	C:\Windows\SYSTEM32\ntdll.dll
0x00007ff8b7440000 - 0x00007ff8b74ed000 	C:\Windows\system32\KERNEL32.DLL
0x00007ff8b5810000 - 0x00007ff8b59ed000 	C:\Windows\system32\KERNELBASE.dll
0x00007ff8b8110000 - 0x00007ff8b81b6000 	C:\Windows\system32\ADVAPI32.dll
0x00007ff8b8390000 - 0x00007ff8b842d000 	C:\Windows\system32\msvcrt.dll
0x00007ff8b5b70000 - 0x00007ff8b5bcb000 	C:\Windows\system32\sechost.dll
0x00007ff8b7630000 - 0x00007ff8b7756000 	C:\Windows\system32\RPCRT4.dll
0x00007ff8b5d60000 - 0x00007ff8b5eae000 	C:\Windows\system32\USER32.dll
0x00007ff8b5bd0000 - 0x00007ff8b5d53000 	C:\Windows\system32\GDI32.dll
0x00007ff8ad830000 - 0x00007ff8adaa4000 	C:\Windows\WinSxS\amd64_microsoft.windows.common-controls_6595b64144ccf1df_6.0.10240.17184_none_f41d7a705752bce6\COMCTL32.dll
0x00007ff8b80c0000 - 0x00007ff8b80f6000 	C:\Windows\system32\IMM32.DLL
0x00007ff8b7980000 - 0x00007ff8b7adc000 	C:\Windows\system32\MSCTF.dll
0x000000005a1d0000 - 0x000000005a2a2000 	C:\Program Files\Android\Android Studio\jre\jre\bin\msvcr100.dll
0x000000005a2b0000 - 0x000000005aaec000 	C:\Program Files\Android\Android Studio\jre\jre\bin\server\jvm.dll
0x00007ff8b8100000 - 0x00007ff8b8108000 	C:\Windows\system32\PSAPI.DLL
0x00007ff8aac90000 - 0x00007ff8aac99000 	C:\Windows\SYSTEM32\WSOCK32.dll
0x00007ff8b3110000 - 0x00007ff8b3133000 	C:\Windows\SYSTEM32\WINMM.dll
0x00007ff8b7760000 - 0x00007ff8b77c9000 	C:\Windows\system32\WS2_32.dll
0x00007ff8acb00000 - 0x00007ff8acb0a000 	C:\Windows\SYSTEM32\VERSION.dll
0x00007ff8b30b0000 - 0x00007ff8b30dc000 	C:\Windows\SYSTEM32\WINMMBASE.dll
0x00007ff8b5b50000 - 0x00007ff8b5b58000 	C:\Windows\system32\NSI.dll
0x00007ff8b59f0000 - 0x00007ff8b5a34000 	C:\Windows\system32\cfgmgr32.dll
0x00007ff8b37d0000 - 0x00007ff8b37f7000 	C:\Windows\SYSTEM32\DEVOBJ.dll
0x00007ff8b2e50000 - 0x00007ff8b2e5f000 	C:\Program Files\Android\Android Studio\jre\jre\bin\verify.dll
0x00007ff8ac420000 - 0x00007ff8ac449000 	C:\Program Files\Android\Android Studio\jre\jre\bin\java.dll
0x00007ff8ad550000 - 0x00007ff8ad566000 	C:\Program Files\Android\Android Studio\jre\jre\bin\zip.dll
0x00007ff8b5f10000 - 0x00007ff8b7433000 	C:\Windows\system32\SHELL32.dll
0x00007ff8b4ef0000 - 0x00007ff8b5519000 	C:\Windows\system32\windows.storage.dll
0x00007ff8b7bb0000 - 0x00007ff8b7e2c000 	C:\Windows\system32\combase.dll
0x00007ff8b5af0000 - 0x00007ff8b5b41000 	C:\Windows\system32\shlwapi.dll
0x00007ff8b4ec0000 - 0x00007ff8b4ecf000 	C:\Windows\system32\kernel.appcore.dll
0x00007ff8b56f0000 - 0x00007ff8b57a3000 	C:\Windows\system32\shcore.dll
0x00007ff8b4e70000 - 0x00007ff8b4eba000 	C:\Windows\system32\powrprof.dll
0x00007ff8b4e50000 - 0x00007ff8b4e63000 	C:\Windows\system32\profapi.dll
0x00007ff8ac8c0000 - 0x00007ff8ac8da000 	C:\Program Files\Android\Android Studio\jre\jre\bin\net.dll
0x00007ff8b4660000 - 0x00007ff8b46bd000 	C:\Windows\system32\mswsock.dll
0x00007ff8ac400000 - 0x00007ff8ac411000 	C:\Program Files\Android\Android Studio\jre\jre\bin\nio.dll
0x00007ff8a6a60000 - 0x00007ff8a6a7e000 	C:\Users\FCC\.gradle\native\23\windows-amd64\native-platform.dll
0x00007ff8b46c0000 - 0x00007ff8b46d7000 	C:\Windows\SYSTEM32\CRYPTSP.dll
0x00007ff8b4d80000 - 0x00007ff8b4da8000 	C:\Windows\SYSTEM32\bcrypt.dll
0x00007ff8b4310000 - 0x00007ff8b4343000 	C:\Windows\system32\rsaenh.dll
0x00007ff8b4400000 - 0x00007ff8b441f000 	C:\Windows\SYSTEM32\USERENV.dll
0x00007ff8b4c10000 - 0x00007ff8b4c7b000 	C:\Windows\system32\bcryptprimitives.dll
0x00007ff8b4810000 - 0x00007ff8b481b000 	C:\Windows\SYSTEM32\CRYPTBASE.dll
0x00007ff8b2e00000 - 0x00007ff8b2e38000 	C:\Windows\SYSTEM32\IPHLPAPI.DLL
0x00007ff8b2d10000 - 0x00007ff8b2d1b000 	C:\Windows\SYSTEM32\WINNSI.DLL
0x00007ff8af200000 - 0x00007ff8af216000 	C:\Windows\SYSTEM32\dhcpcsvc6.DLL
0x00007ff8af170000 - 0x00007ff8af18a000 	C:\Windows\SYSTEM32\dhcpcsvc.DLL
0x00007ff8b2e40000 - 0x00007ff8b2e4d000 	C:\Program Files\Android\Android Studio\jre\jre\bin\management.dll

VM Arguments:
jvm_args: -XX:MaxPermSize=256m -XX:+HeapDumpOnOutOfMemoryError -Xmx1024m -Dfile.encoding=windows-1256 -Duser.country=US -Duser.language=en -Duser.variant 
java_command: org.gradle.launcher.daemon.bootstrap.GradleDaemon 3.3
java_class_path (initial): C:\Users\FCC\.gradle\wrapper\dists\gradle-3.3-all\55gk2rcmfc6p2dg9u9ohc3hw9\gradle-3.3\lib\gradle-launcher-3.3.jar
Launcher Type: SUN_STANDARD

Environment Variables:
JAVA_HOME=C:\Program Files\Java\jdk1.9.0
PATH=C:\ProgramData\Oracle\Java\javapath;C:\Program Files\Microsoft MPI\Bin\;C:\Program Files (x86)\Intel\iCLS Client\;C:\Program Files\Intel\iCLS Client\;C:\Windows\system32;C:\Windows;C:\Windows\System32\Wbem;C:\Windows\System32\WindowsPowerShell\v1.0\;C:\Program Files (x86)\Intel\Intel(R) Management Engine Components\DAL;C:\Program Files\Intel\Intel(R) Management Engine Components\DAL;C:\Program Files (x86)\Intel\Intel(R) Management Engine Components\IPT;C:\Program Files\Intel\Intel(R) Management Engine Components\IPT;C:\Program Files\Git\cmd
USERNAME=FCC
OS=Windows_NT
PROCESSOR_IDENTIFIER=Intel64 Family 6 Model 94 Stepping 3, GenuineIntel



---------------  S Y S T E M  ---------------

OS: Windows 10.0 , 64 bit Build 10240 (10.0.10240.17113)

CPU:total 4 (4 cores per cpu, 1 threads per core) family 6 model 94 stepping 3, cmov, cx8, fxsr, mmx, sse, sse2, sse3, ssse3, sse4.1, sse4.2, popcnt, avx, avx2, aes, clmul, erms, rtm, 3dnowpref, lzcnt, tsc, tscinvbit, bmi1, bmi2, adx

Memory: 4k page, physical 8261104k(892028k free), swap 11480480k(4656k free)

vm_info: OpenJDK 64-Bit Server VM (25.112-b06) for windows-amd64 JRE (1.8.0_112-release-b06), built on Dec  8 2016 00:54:26 by "builder" with MS VC++ 10.0 (VS2010)

time: Tue Oct 24 14:14:32 2017
elapsed time: 494 seconds (0d 0h 8m 14s)

