#
# There is insufficient memory for the Java Runtime Environment to continue.
# Native memory allocation (malloc) failed to allocate 1134576 bytes for Chunk::new
# Possible reasons:
#   The system is out of physical RAM or swap space
#   In 32 bit mode, the process size limit was hit
# Possible solutions:
#   Reduce memory load on the system
#   Increase physical memory or swap space
#   Check if swap backing store is full
#   Use 64 bit Java on a 64 bit OS
#   Decrease Java heap size (-Xmx/-Xms)
#   Decrease number of Java threads
#   Decrease Java thread stack sizes (-Xss)
#   Set larger code cache with -XX:ReservedCodeCacheSize=
# This output file may be truncated or incomplete.
#
#  Out of Memory Error (allocation.cpp:390), pid=5752, tid=0x0000000000001ad8
#
# JRE version: OpenJDK Runtime Environment (8.0_112-b06) (build 1.8.0_112-release-b06)
# Java VM: OpenJDK 64-Bit Server VM (25.112-b06 mixed mode windows-amd64 compressed oops)
# Failed to write core dump. Minidumps are not enabled by default on client versions of Windows
#

---------------  T H R E A D  ---------------

Current thread (0x00000000152e7000):  JavaThread "C2 CompilerThread0" daemon [_thread_in_native, id=6872, stack(0x0000000016910000,0x0000000016a10000)]

Stack: [0x0000000016910000,0x0000000016a10000]
[error occurred during error reporting (printing stack bounds), id 0xc0000005]

Native frames: (J=compiled Java code, j=interpreted, Vv=VM code, C=native code)


Current CompileTask:
C2:   1269 1387   !   4       java.net.URLClassLoader$1::run (63 bytes)


---------------  P R O C E S S  ---------------

Java Threads: ( => current thread )
  0x00000000189b4800 JavaThread "Stdin handler" [_thread_blocked, id=4824, stack(0x000000001a940000,0x000000001aa40000)]
  0x00000000189b3800 JavaThread "Asynchronous log dispatcher for DefaultDaemonConnection: socket connection from /127.0.0.1:57753 to /127.0.0.1:57759" [_thread_blocked, id=816, stack(0x000000001a840000,0x000000001a940000)]
  0x00000000189af000 JavaThread "Daemon worker" [_thread_in_native, id=5524, stack(0x000000001a740000,0x000000001a840000)]
  0x0000000017f5f800 JavaThread "pool-1-thread-1" [_thread_blocked, id=4240, stack(0x000000001a640000,0x000000001a740000)]
  0x0000000017f40800 JavaThread "Cancel handler" [_thread_blocked, id=5464, stack(0x000000001a540000,0x000000001a640000)]
  0x0000000018303000 JavaThread "Handler for socket connection from /127.0.0.1:57753 to /127.0.0.1:57759" [_thread_in_native, id=8128, stack(0x000000001a440000,0x000000001a540000)]
  0x00000000182fd800 JavaThread "Daemon" [_thread_blocked, id=3292, stack(0x000000001a340000,0x000000001a440000)]
  0x00000000189c3800 JavaThread "Incoming local TCP Connector on port 57753" [_thread_in_native, id=5136, stack(0x00000000189e0000,0x0000000018ae0000)]
  0x0000000016b71800 JavaThread "Service Thread" daemon [_thread_blocked, id=2496, stack(0x0000000017010000,0x0000000017110000)]
  0x0000000016b4a800 JavaThread "C1 CompilerThread2" daemon [_thread_blocked, id=1020, stack(0x0000000016f10000,0x0000000017010000)]
  0x00000000152ea800 JavaThread "C2 CompilerThread1" daemon [_thread_in_native, id=7220, stack(0x0000000016a10000,0x0000000016b10000)]
=>0x00000000152e7000 JavaThread "C2 CompilerThread0" daemon [_thread_in_native, id=6872, stack(0x0000000016910000,0x0000000016a10000)]
  0x00000000152e5800 JavaThread "Attach Listener" daemon [_thread_blocked, id=5240, stack(0x0000000016810000,0x0000000016910000)]
  0x0000000015334800 JavaThread "Signal Dispatcher" daemon [_thread_blocked, id=6160, stack(0x0000000016710000,0x0000000016810000)]
  0x00000000152ce000 JavaThread "Finalizer" daemon [_thread_blocked, id=3284, stack(0x0000000016530000,0x0000000016630000)]
  0x0000000002c03000 JavaThread "Reference Handler" daemon [_thread_blocked, id=7396, stack(0x0000000016430000,0x0000000016530000)]
  0x0000000002b0e000 JavaThread "main" [_thread_blocked, id=2700, stack(0x0000000002970000,0x0000000002a70000)]

Other Threads:
  0x00000000152a5800 VMThread [stack: 0x0000000016330000,0x0000000016430000] [id=4964]
  0x0000000016ba4000 WatcherThread [stack: 0x0000000017110000,0x0000000017210000] [id=4184]

VM state:not at safepoint (normal execution)

VM Mutex/Monitor currently owned by a thread: None

Heap:
 PSYoungGen      total 38400K, used 38114K [0x00000000eab00000, 0x00000000ed580000, 0x0000000100000000)
  eden space 33280K, 99% used [0x00000000eab00000,0x00000000ecb3b110,0x00000000ecb80000)
  from space 5120K, 99% used [0x00000000ed080000,0x00000000ed57d8e0,0x00000000ed580000)
  to   space 5120K, 0% used [0x00000000ecb80000,0x00000000ecb80000,0x00000000ed080000)
 ParOldGen       total 87552K, used 806K [0x00000000c0000000, 0x00000000c5580000, 0x00000000eab00000)
  object space 87552K, 0% used [0x00000000c0000000,0x00000000c00c9868,0x00000000c5580000)
 Metaspace       used 16605K, capacity 16892K, committed 17024K, reserved 1064960K
  class space    used 2304K, capacity 2381K, committed 2432K, reserved 1048576K

Card table byte_map: [0x0000000011fd0000,0x00000000121e0000] byte_map_base: 0x00000000119d0000

Marking Bits: (ParMarkBitMap*) 0x000000005aa718f0
 Begin Bits: [0x0000000012740000, 0x0000000013740000)
 End Bits:   [0x0000000013740000, 0x0000000014740000)

Polling page: 0x0000000002880000

CodeCache: size=245760Kb used=5031Kb max_used=5031Kb free=240728Kb
 bounds [0x0000000002c10000, 0x0000000003100000, 0x0000000011c10000]
 total_blobs=1821 nmethods=1429 adapters=305
 compilation: enabled

Compilation events (10 events):
Event: 1.251 Thread 0x0000000016b4a800 1430       3       org.gradle.groovy.scripts.AbstractUriScriptSource::getClassName (41 bytes)
Event: 1.251 Thread 0x0000000016b4a800 nmethod 1430 0x00000000030eed50 code [0x00000000030eef00, 0x00000000030ef458]
Event: 1.259 Thread 0x0000000016b4a800 1433       3       java.lang.AbstractStringBuilder::append (144 bytes)
Event: 1.260 Thread 0x0000000016b4a800 nmethod 1433 0x00000000030ef690 code [0x00000000030ef960, 0x00000000030f0e48]
Event: 1.260 Thread 0x0000000016b4a800 1435       3       java.util.regex.Matcher::appendReplacement (571 bytes)
Event: 1.263 Thread 0x0000000016b4a800 nmethod 1435 0x00000000030f1890 code [0x00000000030f1fe0, 0x00000000030f7918]
Event: 1.263 Thread 0x0000000016b4a800 1436       3       java.util.regex.Matcher::replaceAll (59 bytes)
Event: 1.263 Thread 0x0000000016b4a800 nmethod 1436 0x00000000030fac10 code [0x00000000030fae20, 0x00000000030fbc38]
Event: 1.263 Thread 0x0000000016b4a800 1434       3       org.gradle.groovy.scripts.internal.FileCacheBackedScriptClassCompiler$BuildScriptRemapper::access$300 (6 bytes)
Event: 1.264 Thread 0x0000000016b4a800 nmethod 1434 0x00000000030fc150 code [0x00000000030fc300, 0x00000000030fc918]

GC Heap History (4 events):
Event: 0.498 GC heap before
{Heap before GC invocations=1 (full 0):
 PSYoungGen      total 38400K, used 33280K [0x00000000eab00000, 0x00000000ed580000, 0x0000000100000000)
  eden space 33280K, 100% used [0x00000000eab00000,0x00000000ecb80000,0x00000000ecb80000)
  from space 5120K, 0% used [0x00000000ed080000,0x00000000ed080000,0x00000000ed580000)
  to   space 5120K, 0% used [0x00000000ecb80000,0x00000000ecb80000,0x00000000ed080000)
 ParOldGen       total 87552K, used 0K [0x00000000c0000000, 0x00000000c5580000, 0x00000000eab00000)
  object space 87552K, 0% used [0x00000000c0000000,0x00000000c0000000,0x00000000c5580000)
 Metaspace       used 6855K, capacity 7012K, committed 7040K, reserved 1056768K
  class space    used 835K, capacity 888K, committed 896K, reserved 1048576K
Event: 0.502 GC heap after
Heap after GC invocations=1 (full 0):
 PSYoungGen      total 38400K, used 4399K [0x00000000eab00000, 0x00000000ed580000, 0x0000000100000000)
  eden space 33280K, 0% used [0x00000000eab00000,0x00000000eab00000,0x00000000ecb80000)
  from space 5120K, 85% used [0x00000000ecb80000,0x00000000ecfcbe90,0x00000000ed080000)
  to   space 5120K, 0% used [0x00000000ed080000,0x00000000ed080000,0x00000000ed580000)
 ParOldGen       total 87552K, used 8K [0x00000000c0000000, 0x00000000c5580000, 0x00000000eab00000)
  object space 87552K, 0% used [0x00000000c0000000,0x00000000c0002000,0x00000000c5580000)
 Metaspace       used 6855K, capacity 7012K, committed 7040K, reserved 1056768K
  class space    used 835K, capacity 888K, committed 896K, reserved 1048576K
}
Event: 0.867 GC heap before
{Heap before GC invocations=2 (full 0):
 PSYoungGen      total 38400K, used 37679K [0x00000000eab00000, 0x00000000ed580000, 0x0000000100000000)
  eden space 33280K, 100% used [0x00000000eab00000,0x00000000ecb80000,0x00000000ecb80000)
  from space 5120K, 85% used [0x00000000ecb80000,0x00000000ecfcbe90,0x00000000ed080000)
  to   space 5120K, 0% used [0x00000000ed080000,0x00000000ed080000,0x00000000ed580000)
 ParOldGen       total 87552K, used 8K [0x00000000c0000000, 0x00000000c5580000, 0x00000000eab00000)
  object space 87552K, 0% used [0x00000000c0000000,0x00000000c0002000,0x00000000c5580000)
 Metaspace       used 13107K, capacity 13412K, committed 13696K, reserved 1060864K
  class space    used 1747K, capacity 1865K, committed 1920K, reserved 1048576K
Event: 0.872 GC heap after
Heap after GC invocations=2 (full 0):
 PSYoungGen      total 38400K, used 5110K [0x00000000eab00000, 0x00000000ed580000, 0x0000000100000000)
  eden space 33280K, 0% used [0x00000000eab00000,0x00000000eab00000,0x00000000ecb80000)
  from space 5120K, 99% used [0x00000000ed080000,0x00000000ed57d8e0,0x00000000ed580000)
  to   space 5120K, 0% used [0x00000000ecb80000,0x00000000ecb80000,0x00000000ed080000)
 ParOldGen       total 87552K, used 806K [0x00000000c0000000, 0x00000000c5580000, 0x00000000eab00000)
  object space 87552K, 0% used [0x00000000c0000000,0x00000000c00c9868,0x00000000c5580000)
 Metaspace       used 13107K, capacity 13412K, committed 13696K, reserved 1060864K
  class space    used 1747K, capacity 1865K, committed 1920K, reserved 1048576K
}

Deoptimization events (10 events):
Event: 0.936 Thread 0x00000000189af000 Uncommon trap: reason=class_check action=maybe_recompile pc=0x0000000002e7bf9c method=java.util.regex.Matcher.match(II)Z @ 86
Event: 0.937 Thread 0x00000000189af000 Uncommon trap: reason=class_check action=maybe_recompile pc=0x0000000002e7bf9c method=java.util.regex.Matcher.match(II)Z @ 86
Event: 1.060 Thread 0x00000000189af000 Uncommon trap: reason=unstable_if action=reinterpret pc=0x0000000002d64208 method=java.net.URI.match(CJJ)Z @ 19
Event: 1.060 Thread 0x00000000189af000 Uncommon trap: reason=unstable_if action=reinterpret pc=0x0000000002ea3b40 method=java.net.URI.match(CJJ)Z @ 19
Event: 1.152 Thread 0x00000000189af000 Uncommon trap: reason=unstable_if action=reinterpret pc=0x0000000002ee7008 method=java.lang.AbstractStringBuilder.append(Ljava/lang/String;)Ljava/lang/AbstractStringBuilder; @ 1
Event: 1.152 Thread 0x00000000189af000 Uncommon trap: reason=unstable_if action=reinterpret pc=0x0000000002e325c8 method=java.lang.AbstractStringBuilder.append(Ljava/lang/String;)Ljava/lang/AbstractStringBuilder; @ 1
Event: 1.222 Thread 0x00000000189af000 Uncommon trap: reason=class_check action=maybe_recompile pc=0x0000000002dd3a68 method=java.lang.String.equals(Ljava/lang/Object;)Z @ 8
Event: 1.222 Thread 0x00000000189af000 Uncommon trap: reason=class_check action=maybe_recompile pc=0x0000000002dd3a68 method=java.lang.String.equals(Ljava/lang/Object;)Z @ 8
Event: 1.222 Thread 0x00000000189af000 Uncommon trap: reason=class_check action=maybe_recompile pc=0x0000000002dd3a68 method=java.lang.String.equals(Ljava/lang/Object;)Z @ 8
Event: 1.222 Thread 0x00000000189af000 Uncommon trap: reason=class_check action=maybe_recompile pc=0x0000000002dd3a68 method=java.lang.String.equals(Ljava/lang/Object;)Z @ 8

Internal exceptions (10 events):
Event: 0.829 Thread 0x00000000189af000 Exception <a 'java/lang/NoSuchMethodError': <clinit>> (0x00000000ec609370) thrown at [C:\src\android\AOSP-openjdk\external\jetbrains\jdk\hotspot\src\share\vm\prims\jni.cpp, line 1613]
Event: 0.830 Thread 0x00000000189af000 Exception <a 'java/lang/NoSuchMethodError': <clinit>> (0x00000000ec6115f8) thrown at [C:\src\android\AOSP-openjdk\external\jetbrains\jdk\hotspot\src\share\vm\prims\jni.cpp, line 1613]
Event: 0.852 Thread 0x00000000189af000 Exception <a 'java/lang/ArrayIndexOutOfBoundsException'> (0x00000000ec85c1d0) thrown at [C:\src\android\AOSP-openjdk\external\jetbrains\jdk\hotspot\src\share\vm\runtime\sharedRuntime.cpp, line 605]
Event: 0.858 Thread 0x00000000189af000 Exception <a 'java/lang/ArrayIndexOutOfBoundsException'> (0x00000000ec92c9a0) thrown at [C:\src\android\AOSP-openjdk\external\jetbrains\jdk\hotspot\src\share\vm\runtime\sharedRuntime.cpp, line 605]
Event: 1.111 Thread 0x00000000189af000 Exception <a 'java/lang/NoSuchMethodError': <clinit>> (0x00000000ec5b3310) thrown at [C:\src\android\AOSP-openjdk\external\jetbrains\jdk\hotspot\src\share\vm\prims\jni.cpp, line 1613]
Event: 1.112 Thread 0x00000000189af000 Exception <a 'java/lang/NoSuchMethodError': <clinit>> (0x00000000ec5b5ae0) thrown at [C:\src\android\AOSP-openjdk\external\jetbrains\jdk\hotspot\src\share\vm\prims\jni.cpp, line 1613]
Event: 1.115 Thread 0x00000000189af000 Exception <a 'java/lang/NoSuchMethodError': <clinit>> (0x00000000ec5c1dc0) thrown at [C:\src\android\AOSP-openjdk\external\jetbrains\jdk\hotspot\src\share\vm\prims\jni.cpp, line 1613]
Event: 1.116 Thread 0x00000000189af000 Exception <a 'java/lang/NoSuchMethodError': <clinit>> (0x00000000ec5cc400) thrown at [C:\src\android\AOSP-openjdk\external\jetbrains\jdk\hotspot\src\share\vm\prims\jni.cpp, line 1613]
Event: 1.152 Thread 0x00000000189af000 Implicit null exception at 0x0000000002ee6c56 to 0x0000000002ee6ff1
Event: 1.152 Thread 0x00000000189af000 Implicit null exception at 0x0000000002e32216 to 0x0000000002e325b1

Events (10 events):
Event: 1.222 Thread 0x00000000189af000 DEOPT UNPACKING pc=0x0000000002c5556a sp=0x000000001a83cb20 mode 2
Event: 1.222 Thread 0x00000000189af000 Uncommon trap: trap_request=0xffffffde fr.pc=0x0000000002dd3a68
Event: 1.222 Thread 0x00000000189af000 DEOPT PACKING pc=0x0000000002dd3a68 sp=0x000000001a83cb90
Event: 1.222 Thread 0x00000000189af000 DEOPT UNPACKING pc=0x0000000002c5556a sp=0x000000001a83cb20 mode 2
Event: 1.222 Thread 0x00000000189af000 Uncommon trap: trap_request=0xffffffde fr.pc=0x0000000002dd3a68
Event: 1.222 Thread 0x00000000189af000 DEOPT PACKING pc=0x0000000002dd3a68 sp=0x000000001a83cb90
Event: 1.222 Thread 0x00000000189af000 DEOPT UNPACKING pc=0x0000000002c5556a sp=0x000000001a83cb20 mode 2
Event: 1.222 Thread 0x00000000189af000 Uncommon trap: trap_request=0xffffffde fr.pc=0x0000000002dd3a68
Event: 1.222 Thread 0x00000000189af000 DEOPT PACKING pc=0x0000000002dd3a68 sp=0x000000001a83cb90
Event: 1.222 Thread 0x00000000189af000 DEOPT UNPACKING pc=0x0000000002c5556a sp=0x000000001a83cb20 mode 2


Dynamic libraries:
0x00007ff6a0730000 - 0x00007ff6a0761000 	C:\Program Files\Android\Android Studio\jre\bin\java.exe
0x00007ff8b8430000 - 0x00007ff8b85f2000 	C:\Windows\SYSTEM32\ntdll.dll
0x00007ff8b7440000 - 0x00007ff8b74ed000 	C:\Windows\system32\KERNEL32.DLL
0x00007ff8b5810000 - 0x00007ff8b59ed000 	C:\Windows\system32\KERNELBASE.dll
0x00007ff8b8110000 - 0x00007ff8b81b6000 	C:\Windows\system32\ADVAPI32.dll
0x00007ff8b8390000 - 0x00007ff8b842d000 	C:\Windows\system32\msvcrt.dll
0x00007ff8b5b70000 - 0x00007ff8b5bcb000 	C:\Windows\system32\sechost.dll
0x00007ff8b7630000 - 0x00007ff8b7756000 	C:\Windows\system32\RPCRT4.dll
0x00007ff8b5d60000 - 0x00007ff8b5eae000 	C:\Windows\system32\USER32.dll
0x00007ff8b5bd0000 - 0x00007ff8b5d53000 	C:\Windows\system32\GDI32.dll
0x00007ff8ad830000 - 0x00007ff8adaa4000 	C:\Windows\WinSxS\amd64_microsoft.windows.common-controls_6595b64144ccf1df_6.0.10240.17184_none_f41d7a705752bce6\COMCTL32.dll
0x00007ff8b80c0000 - 0x00007ff8b80f6000 	C:\Windows\system32\IMM32.DLL
0x00007ff8b7980000 - 0x00007ff8b7adc000 	C:\Windows\system32\MSCTF.dll
0x000000005a1d0000 - 0x000000005a2a2000 	C:\Program Files\Android\Android Studio\jre\jre\bin\msvcr100.dll
0x000000005a2b0000 - 0x000000005aaec000 	C:\Program Files\Android\Android Studio\jre\jre\bin\server\jvm.dll
0x00007ff8b8100000 - 0x00007ff8b8108000 	C:\Windows\system32\PSAPI.DLL
0x00007ff8aac90000 - 0x00007ff8aac99000 	C:\Windows\SYSTEM32\WSOCK32.dll
0x00007ff8b3110000 - 0x00007ff8b3133000 	C:\Windows\SYSTEM32\WINMM.dll
0x00007ff8acb00000 - 0x00007ff8acb0a000 	C:\Windows\SYSTEM32\VERSION.dll
0x00007ff8b7760000 - 0x00007ff8b77c9000 	C:\Windows\system32\WS2_32.dll
0x00007ff8b5b50000 - 0x00007ff8b5b58000 	C:\Windows\system32\NSI.dll
0x00007ff8b30b0000 - 0x00007ff8b30dc000 	C:\Windows\SYSTEM32\WINMMBASE.dll
0x00007ff8b59f0000 - 0x00007ff8b5a34000 	C:\Windows\system32\cfgmgr32.dll
0x00007ff8b37d0000 - 0x00007ff8b37f7000 	C:\Windows\SYSTEM32\DEVOBJ.dll
0x00007ff8b2e50000 - 0x00007ff8b2e5f000 	C:\Program Files\Android\Android Studio\jre\jre\bin\verify.dll
0x00007ff8ac420000 - 0x00007ff8ac449000 	C:\Program Files\Android\Android Studio\jre\jre\bin\java.dll
0x00007ff8ad550000 - 0x00007ff8ad566000 	C:\Program Files\Android\Android Studio\jre\jre\bin\zip.dll
0x00007ff8b5f10000 - 0x00007ff8b7433000 	C:\Windows\system32\SHELL32.dll
0x00007ff8b4ef0000 - 0x00007ff8b5519000 	C:\Windows\system32\windows.storage.dll
0x00007ff8b7bb0000 - 0x00007ff8b7e2c000 	C:\Windows\system32\combase.dll
0x00007ff8b5af0000 - 0x00007ff8b5b41000 	C:\Windows\system32\shlwapi.dll
0x00007ff8b4ec0000 - 0x00007ff8b4ecf000 	C:\Windows\system32\kernel.appcore.dll
0x00007ff8b56f0000 - 0x00007ff8b57a3000 	C:\Windows\system32\shcore.dll
0x00007ff8b4e70000 - 0x00007ff8b4eba000 	C:\Windows\system32\powrprof.dll
0x00007ff8b4e50000 - 0x00007ff8b4e63000 	C:\Windows\system32\profapi.dll
0x00007ff8ac8c0000 - 0x00007ff8ac8da000 	C:\Program Files\Android\Android Studio\jre\jre\bin\net.dll
0x00007ff8b4660000 - 0x00007ff8b46bd000 	C:\Windows\system32\mswsock.dll
0x00007ff8ac400000 - 0x00007ff8ac411000 	C:\Program Files\Android\Android Studio\jre\jre\bin\nio.dll
0x00007ff8a6a60000 - 0x00007ff8a6a7e000 	C:\Users\FCC\.gradle\native\23\windows-amd64\native-platform.dll
0x00007ff8b46c0000 - 0x00007ff8b46d7000 	C:\Windows\SYSTEM32\CRYPTSP.dll
0x00007ff8b4d80000 - 0x00007ff8b4da8000 	C:\Windows\SYSTEM32\bcrypt.dll
0x00007ff8b4310000 - 0x00007ff8b4343000 	C:\Windows\system32\rsaenh.dll
0x00007ff8b4400000 - 0x00007ff8b441f000 	C:\Windows\SYSTEM32\USERENV.dll
0x00007ff8b4c10000 - 0x00007ff8b4c7b000 	C:\Windows\system32\bcryptprimitives.dll
0x00007ff8b4810000 - 0x00007ff8b481b000 	C:\Windows\SYSTEM32\CRYPTBASE.dll
0x00007ff8b2e00000 - 0x00007ff8b2e38000 	C:\Windows\SYSTEM32\IPHLPAPI.DLL
0x00007ff8b2d10000 - 0x00007ff8b2d1b000 	C:\Windows\SYSTEM32\WINNSI.DLL
0x00007ff8af200000 - 0x00007ff8af216000 	C:\Windows\SYSTEM32\dhcpcsvc6.DLL
0x00007ff8af170000 - 0x00007ff8af18a000 	C:\Windows\SYSTEM32\dhcpcsvc.DLL
0x00007ff8b2e40000 - 0x00007ff8b2e4d000 	C:\Program Files\Android\Android Studio\jre\jre\bin\management.dll

VM Arguments:
jvm_args: -XX:MaxPermSize=256m -XX:+HeapDumpOnOutOfMemoryError -Xmx1024m -Dfile.encoding=windows-1256 -Duser.country=US -Duser.language=en -Duser.variant 
java_command: org.gradle.launcher.daemon.bootstrap.GradleDaemon 3.3
java_class_path (initial): C:\Users\FCC\.gradle\wrapper\dists\gradle-3.3-all\55gk2rcmfc6p2dg9u9ohc3hw9\gradle-3.3\lib\gradle-launcher-3.3.jar
Launcher Type: SUN_STANDARD

Environment Variables:
JAVA_HOME=C:\Program Files\Java\jdk1.9.0
PATH=C:\ProgramData\Oracle\Java\javapath;C:\Program Files\Microsoft MPI\Bin\;C:\Program Files (x86)\Intel\iCLS Client\;C:\Program Files\Intel\iCLS Client\;C:\Windows\system32;C:\Windows;C:\Windows\System32\Wbem;C:\Windows\System32\WindowsPowerShell\v1.0\;C:\Program Files (x86)\Intel\Intel(R) Management Engine Components\DAL;C:\Program Files\Intel\Intel(R) Management Engine Components\DAL;C:\Program Files (x86)\Intel\Intel(R) Management Engine Components\IPT;C:\Program Files\Intel\Intel(R) Management Engine Components\IPT;C:\Program Files\Git\cmd
USERNAME=FCC
OS=Windows_NT
PROCESSOR_IDENTIFIER=Intel64 Family 6 Model 94 Stepping 3, GenuineIntel



---------------  S Y S T E M  ---------------

OS: Windows 10.0 , 64 bit Build 10240 (10.0.10240.17113)

CPU:total 4 (4 cores per cpu, 1 threads per core) family 6 model 94 stepping 3, cmov, cx8, fxsr, mmx, sse, sse2, sse3, ssse3, sse4.1, sse4.2, popcnt, avx, avx2, aes, clmul, erms, rtm, 3dnowpref, lzcnt, tsc, tscinvbit, bmi1, bmi2, adx

Memory: 4k page, physical 8261104k(1448060k free), swap 11480480k(6052k free)

vm_info: OpenJDK 64-Bit Server VM (25.112-b06) for windows-amd64 JRE (1.8.0_112-release-b06), built on Dec  8 2016 00:54:26 by "builder" with MS VC++ 10.0 (VS2010)

time: Tue Oct 24 14:23:35 2017
elapsed time: 1 seconds (0d 0h 0m 1s)

