#
# There is insufficient memory for the Java Runtime Environment to continue.
# Native memory allocation (malloc) failed to allocate 1001456 bytes for Chunk::new
# Possible reasons:
#   The system is out of physical RAM or swap space
#   In 32 bit mode, the process size limit was hit
# Possible solutions:
#   Reduce memory load on the system
#   Increase physical memory or swap space
#   Check if swap backing store is full
#   Use 64 bit Java on a 64 bit OS
#   Decrease Java heap size (-Xmx/-Xms)
#   Decrease number of Java threads
#   Decrease Java thread stack sizes (-Xss)
#   Set larger code cache with -XX:ReservedCodeCacheSize=
# This output file may be truncated or incomplete.
#
#  Out of Memory Error (allocation.cpp:390), pid=7640, tid=0x0000000000002160
#
# JRE version: OpenJDK Runtime Environment (8.0_76-b03) (build 1.8.0_76-release-b03)
# Java VM: OpenJDK 64-Bit Server VM (25.76-b03 mixed mode windows-amd64 compressed oops)
# Failed to write core dump. Minidumps are not enabled by default on client versions of Windows
#

---------------  T H R E A D  ---------------

Current thread (0x0000000014f38000):  JavaThread "C2 CompilerThread0" daemon [_thread_in_native, id=8544, stack(0x0000000016520000,0x0000000016620000)]

Stack: [0x0000000016520000,0x0000000016620000]
[error occurred during error reporting (printing stack bounds), id 0xc0000005]

Native frames: (J=compiled Java code, j=interpreted, Vv=VM code, C=native code)


Current CompileTask:
C2:   4251 1912 %     4       com.android.dx.ssa.SsaConverter::placePhiFunctions @ 131 (394 bytes)


---------------  P R O C E S S  ---------------

Java Threads: ( => current thread )
  0x0000000016988800 JavaThread "pool-2-thread-4" [_thread_blocked, id=968, stack(0x0000000017220000,0x0000000017320000)]
  0x0000000016987000 JavaThread "pool-2-thread-3" [_thread_in_Java, id=6696, stack(0x0000000017120000,0x0000000017220000)]
  0x0000000016a5e800 JavaThread "pool-2-thread-2" [_thread_blocked, id=3720, stack(0x0000000017020000,0x0000000017120000)]
  0x0000000016a5e000 JavaThread "pool-3-thread-1" [_thread_blocked, id=6992, stack(0x0000000016f20000,0x0000000017020000)]
  0x0000000016a5d000 JavaThread "pool-2-thread-1" [_thread_blocked, id=11580, stack(0x0000000016e20000,0x0000000016f20000)]
  0x000000001676d800 JavaThread "Service Thread" daemon [_thread_blocked, id=14696, stack(0x0000000016c20000,0x0000000016d20000)]
  0x0000000014f4c000 JavaThread "C1 CompilerThread2" daemon [_thread_blocked, id=8912, stack(0x0000000016b20000,0x0000000016c20000)]
  0x0000000014f3b800 JavaThread "C2 CompilerThread1" daemon [_thread_in_native, id=6772, stack(0x0000000016620000,0x0000000016720000)]
=>0x0000000014f38000 JavaThread "C2 CompilerThread0" daemon [_thread_in_native, id=8544, stack(0x0000000016520000,0x0000000016620000)]
  0x0000000014f36800 JavaThread "Attach Listener" daemon [_thread_blocked, id=7340, stack(0x0000000016420000,0x0000000016520000)]
  0x0000000014ee5800 JavaThread "Signal Dispatcher" daemon [_thread_blocked, id=13384, stack(0x0000000016320000,0x0000000016420000)]
  0x0000000002815800 JavaThread "Finalizer" daemon [_thread_blocked, id=9788, stack(0x0000000016140000,0x0000000016240000)]
  0x0000000002810000 JavaThread "Reference Handler" daemon [_thread_blocked, id=15096, stack(0x0000000016040000,0x0000000016140000)]
  0x0000000002720800 JavaThread "main" [_thread_blocked, id=6308, stack(0x0000000002620000,0x0000000002720000)]

Other Threads:
  0x0000000014eb4800 VMThread [stack: 0x0000000015f40000,0x0000000016040000] [id=2860]
  0x0000000016770000 WatcherThread [stack: 0x0000000016d20000,0x0000000016e20000] [id=3708]

VM state:not at safepoint (normal execution)

VM Mutex/Monitor currently owned by a thread: None

Heap:
 PSYoungGen      total 71680K, used 56658K [0x00000000eab00000, 0x00000000ef600000, 0x0000000100000000)
  eden space 66560K, 77% used [0x00000000eab00000,0x00000000edd5b9d0,0x00000000eec00000)
  from space 5120K, 99% used [0x00000000eec00000,0x00000000ef0f8f70,0x00000000ef100000)
  to   space 5120K, 0% used [0x00000000ef100000,0x00000000ef100000,0x00000000ef600000)
 ParOldGen       total 87552K, used 14078K [0x00000000c0000000, 0x00000000c5580000, 0x00000000eab00000)
  object space 87552K, 16% used [0x00000000c0000000,0x00000000c0dbf848,0x00000000c5580000)
 Metaspace       used 6192K, capacity 7152K, committed 7296K, reserved 1056768K
  class space    used 586K, capacity 616K, committed 640K, reserved 1048576K

Card table byte_map: [0x0000000011be0000,0x0000000011df0000] byte_map_base: 0x00000000115e0000

Marking Bits: (ParMarkBitMap*) 0x0000000060b79d00
 Begin Bits: [0x0000000012350000, 0x0000000013350000)
 End Bits:   [0x0000000013350000, 0x0000000014350000)

Polling page: 0x0000000002430000

CodeCache: size=245760Kb used=8864Kb max_used=8864Kb free=236895Kb
 bounds [0x0000000002820000, 0x00000000030d0000, 0x0000000011820000]
 total_blobs=2170 nmethods=1908 adapters=176
 compilation: enabled

Compilation events (10 events):
Event: 4.244 Thread 0x0000000014f4c000 nmethod 1956 0x00000000030b0010 code [0x00000000030b0160, 0x00000000030b0270]
Event: 4.249 Thread 0x0000000014f4c000 1959       2       com.android.dx.rop.code.Rop::<init> (15 bytes)
Event: 4.249 Thread 0x0000000014f4c000 nmethod 1959 0x00000000030c7b10 code [0x00000000030c7c80, 0x00000000030c7e28]
Event: 4.249 Thread 0x0000000014f4c000 1957       2       java.util.concurrent.AbstractExecutorService::submit (25 bytes)
Event: 4.249 Thread 0x0000000014f4c000 nmethod 1957 0x00000000030c7ed0 code [0x00000000030c8060, 0x00000000030c83c8]
Event: 4.249 Thread 0x0000000014f4c000 1958       2       java.util.concurrent.AbstractExecutorService::newTaskFor (9 bytes)
Event: 4.249 Thread 0x0000000014f4c000 nmethod 1958 0x00000000030c8590 code [0x00000000030c8700, 0x00000000030c8988]
Event: 4.249 Thread 0x0000000014f4c000 1960   !   2       java.util.zip.ZipFile$ZipFileInputStream::read (131 bytes)
Event: 4.249 Thread 0x0000000014f4c000 nmethod 1960 0x00000000030c8a90 code [0x00000000030c8c20, 0x00000000030c91a8]
Event: 4.249 Thread 0x0000000014f4c000 1967       2       com.android.dx.ssa.LocalVariableExtractor::processBlock (383 bytes)

GC Heap History (6 events):
Event: 1.069 GC heap before
{Heap before GC invocations=1 (full 0):
 PSYoungGen      total 38400K, used 33280K [0x00000000eab00000, 0x00000000ed580000, 0x0000000100000000)
  eden space 33280K, 100% used [0x00000000eab00000,0x00000000ecb80000,0x00000000ecb80000)
  from space 5120K, 0% used [0x00000000ed080000,0x00000000ed080000,0x00000000ed580000)
  to   space 5120K, 0% used [0x00000000ecb80000,0x00000000ecb80000,0x00000000ed080000)
 ParOldGen       total 87552K, used 0K [0x00000000c0000000, 0x00000000c5580000, 0x00000000eab00000)
  object space 87552K, 0% used [0x00000000c0000000,0x00000000c0000000,0x00000000c5580000)
 Metaspace       used 5835K, capacity 6896K, committed 7040K, reserved 1056768K
  class space    used 563K, capacity 616K, committed 640K, reserved 1048576K
Event: 1.172 GC heap after
Heap after GC invocations=1 (full 0):
 PSYoungGen      total 38400K, used 5109K [0x00000000eab00000, 0x00000000ef600000, 0x0000000100000000)
  eden space 33280K, 0% used [0x00000000eab00000,0x00000000eab00000,0x00000000ecb80000)
  from space 5120K, 99% used [0x00000000ecb80000,0x00000000ed07d5e0,0x00000000ed080000)
  to   space 5120K, 0% used [0x00000000ef100000,0x00000000ef100000,0x00000000ef600000)
 ParOldGen       total 87552K, used 1039K [0x00000000c0000000, 0x00000000c5580000, 0x00000000eab00000)
  object space 87552K, 1% used [0x00000000c0000000,0x00000000c0103f58,0x00000000c5580000)
 Metaspace       used 5835K, capacity 6896K, committed 7040K, reserved 1056768K
  class space    used 563K, capacity 616K, committed 640K, reserved 1048576K
}
Event: 1.529 GC heap before
{Heap before GC invocations=2 (full 0):
 PSYoungGen      total 38400K, used 38389K [0x00000000eab00000, 0x00000000ef600000, 0x0000000100000000)
  eden space 33280K, 100% used [0x00000000eab00000,0x00000000ecb80000,0x00000000ecb80000)
  from space 5120K, 99% used [0x00000000ecb80000,0x00000000ed07d5e0,0x00000000ed080000)
  to   space 5120K, 0% used [0x00000000ef100000,0x00000000ef100000,0x00000000ef600000)
 ParOldGen       total 87552K, used 1039K [0x00000000c0000000, 0x00000000c5580000, 0x00000000eab00000)
  object space 87552K, 1% used [0x00000000c0000000,0x00000000c0103f58,0x00000000c5580000)
 Metaspace       used 6066K, capacity 7024K, committed 7296K, reserved 1056768K
  class space    used 583K, capacity 616K, committed 640K, reserved 1048576K
Event: 1.558 GC heap after
Heap after GC invocations=2 (full 0):
 PSYoungGen      total 71680K, used 5099K [0x00000000eab00000, 0x00000000ef600000, 0x0000000100000000)
  eden space 66560K, 0% used [0x00000000eab00000,0x00000000eab00000,0x00000000eec00000)
  from space 5120K, 99% used [0x00000000ef100000,0x00000000ef5fafa8,0x00000000ef600000)
  to   space 5120K, 0% used [0x00000000eec00000,0x00000000eec00000,0x00000000ef100000)
 ParOldGen       total 87552K, used 6003K [0x00000000c0000000, 0x00000000c5580000, 0x00000000eab00000)
  object space 87552K, 6% used [0x00000000c0000000,0x00000000c05dcef8,0x00000000c5580000)
 Metaspace       used 6066K, capacity 7024K, committed 7296K, reserved 1056768K
  class space    used 583K, capacity 616K, committed 640K, reserved 1048576K
}
Event: 3.351 GC heap before
{Heap before GC invocations=3 (full 0):
 PSYoungGen      total 71680K, used 71659K [0x00000000eab00000, 0x00000000ef600000, 0x0000000100000000)
  eden space 66560K, 100% used [0x00000000eab00000,0x00000000eec00000,0x00000000eec00000)
  from space 5120K, 99% used [0x00000000ef100000,0x00000000ef5fafa8,0x00000000ef600000)
  to   space 5120K, 0% used [0x00000000eec00000,0x00000000eec00000,0x00000000ef100000)
 ParOldGen       total 87552K, used 6003K [0x00000000c0000000, 0x00000000c5580000, 0x00000000eab00000)
  object space 87552K, 6% used [0x00000000c0000000,0x00000000c05dcef8,0x00000000c5580000)
 Metaspace       used 6156K, capacity 7088K, committed 7296K, reserved 1056768K
  class space    used 586K, capacity 616K, committed 640K, reserved 1048576K
Event: 3.596 GC heap after
Heap after GC invocations=3 (full 0):
 PSYoungGen      total 71680K, used 5091K [0x00000000eab00000, 0x00000000ef600000, 0x0000000100000000)
  eden space 66560K, 0% used [0x00000000eab00000,0x00000000eab00000,0x00000000eec00000)
  from space 5120K, 99% used [0x00000000eec00000,0x00000000ef0f8f70,0x00000000ef100000)
  to   space 5120K, 0% used [0x00000000ef100000,0x00000000ef100000,0x00000000ef600000)
 ParOldGen       total 87552K, used 14078K [0x00000000c0000000, 0x00000000c5580000, 0x00000000eab00000)
  object space 87552K, 16% used [0x00000000c0000000,0x00000000c0dbf848,0x00000000c5580000)
 Metaspace       used 6156K, capacity 7088K, committed 7296K, reserved 1056768K
  class space    used 586K, capacity 616K, committed 640K, reserved 1048576K
}

Deoptimization events (10 events):
Event: 3.617 Thread 0x0000000002720800 Uncommon trap: reason=bimorphic action=maybe_recompile pc=0x0000000002fdd0d0 method=com.android.dx.cf.code.BytecodeArray.parseInstruction(ILcom/android/dx/cf/code/BytecodeArray$Visitor;)I @ 1287
Event: 3.617 Thread 0x0000000002720800 Uncommon trap: reason=bimorphic action=maybe_recompile pc=0x0000000002fdd0d0 method=com.android.dx.cf.code.BytecodeArray.parseInstruction(ILcom/android/dx/cf/code/BytecodeArray$Visitor;)I @ 1287
Event: 3.620 Thread 0x0000000002720800 Uncommon trap: reason=bimorphic action=maybe_recompile pc=0x0000000002e36eec method=com.android.dx.ssa.LiteralOpUpgrader.tryReplacingWithConstant(Lcom/android/dx/ssa/NormalSsaInsn;)Z @ 52
Event: 3.670 Thread 0x0000000016a5d000 Uncommon trap: reason=class_check action=maybe_recompile pc=0x0000000002fb1d3c method=com.android.dx.ssa.SCCP.setLatticeValueTo(IILcom/android/dx/rop/cst/Constant;)Z @ 43
Event: 3.670 Thread 0x0000000016a5d000 Uncommon trap: reason=class_check action=maybe_recompile pc=0x0000000002fb1d3c method=com.android.dx.ssa.SCCP.setLatticeValueTo(IILcom/android/dx/rop/cst/Constant;)Z @ 43
Event: 4.020 Thread 0x0000000016987000 Uncommon trap: reason=class_check action=maybe_recompile pc=0x0000000002fb1d3c method=com.android.dx.ssa.SCCP.setLatticeValueTo(IILcom/android/dx/rop/cst/Constant;)Z @ 43
Event: 4.238 Thread 0x0000000016987000 Uncommon trap: reason=bimorphic action=maybe_recompile pc=0x0000000003051bd4 method=com.android.dx.cf.code.BytecodeArray.parseInstruction(ILcom/android/dx/cf/code/BytecodeArray$Visitor;)I @ 2281
Event: 4.238 Thread 0x0000000016987000 Uncommon trap: reason=bimorphic action=maybe_recompile pc=0x0000000003051bd4 method=com.android.dx.cf.code.BytecodeArray.parseInstruction(ILcom/android/dx/cf/code/BytecodeArray$Visitor;)I @ 2281
Event: 4.242 Thread 0x0000000016a5e800 Uncommon trap: reason=bimorphic action=maybe_recompile pc=0x0000000002f20e54 method=com.android.dx.ssa.SCCP.simulatePhi(Lcom/android/dx/ssa/PhiInsn;)V @ 124
Event: 4.248 Thread 0x0000000016987000 Uncommon trap: reason=unstable_if action=reinterpret pc=0x0000000002ec577c method=com.android.dx.ssa.LocalVariableExtractor.processBlock(I)V @ 251

Internal exceptions (7 events):
Event: 0.034 Thread 0x0000000002720800 Exception <a 'java/lang/NoSuchMethodError': Method sun.misc.Unsafe.defineClass(Ljava/lang/String;[BII)Ljava/lang/Class; name or signature does not match> (0x00000000eab07cc0) thrown at [C:\src\android\AOSP-openjdk\external\jetbrains\jdk\hotspot\src\share\v£«l7Ák¡?
Event: 0.034 Thread 0x0000000002720800 Exception <a 'java/lang/NoSuchMethodError': Method sun.misc.Unsafe.prefetchRead(Ljava/lang/Object;J)V name or signature does not match> (0x00000000eab07fa8) thrown at [C:\src\android\AOSP-openjdk\external\jetbrains\jdk\hotspot\src\share\vm\prims\jni.cpp, láÂ;ê?
Event: 0.820 Thread 0x0000000002720800 Implicit null exception at 0x0000000002b98551 to 0x0000000002b9aad1
Event: 0.820 Thread 0x0000000002720800 Implicit null exception at 0x0000000002b783ed to 0x0000000002b7af01
Event: 1.454 Thread 0x0000000016a5e800 Exception <a 'java/lang/ArrayIndexOutOfBoundsException': 18> (0x00000000ecb1b148) thrown at [C:\src\android\AOSP-openjdk\external\jetbrains\jdk\hotspot\src\share\vm\interpreter\interpreterRuntime.cpp, line 366]
Event: 1.454 Thread 0x0000000016a5e800 Exception <a 'java/lang/ArrayIndexOutOfBoundsException': 145> (0x00000000ecb1ccc8) thrown at [C:\src\android\AOSP-openjdk\external\jetbrains\jdk\hotspot\src\share\vm\interpreter\interpreterRuntime.cpp, line 366]
Event: 1.454 Thread 0x0000000016a5e800 Exception <a 'java/lang/ArrayIndexOutOfBoundsException'> (0x00000000ecb1dfb0) thrown at [C:\src\android\AOSP-openjdk\external\jetbrains\jdk\hotspot\src\share\vm\runtime\sharedRuntime.cpp, line 605]

Events (10 events):
Event: 4.238 Thread 0x0000000016987000 DEOPT PACKING pc=0x0000000003051bd4 sp=0x000000001721e5d0
Event: 4.238 Thread 0x0000000016987000 DEOPT UNPACKING pc=0x000000000286556a sp=0x000000001721e560 mode 2
Event: 4.239 Thread 0x0000000016a5e800 DEOPT PACKING pc=0x0000000002c92197 sp=0x000000001711e990
Event: 4.239 Thread 0x0000000016a5e800 DEOPT UNPACKING pc=0x00000000028675bf sp=0x000000001711e778 mode 0
Event: 4.242 Thread 0x0000000016a5e800 Uncommon trap: trap_request=0xffffffc6 fr.pc=0x0000000002f20e54
Event: 4.242 Thread 0x0000000016a5e800 DEOPT PACKING pc=0x0000000002f20e54 sp=0x000000001711e880
Event: 4.242 Thread 0x0000000016a5e800 DEOPT UNPACKING pc=0x000000000286556a sp=0x000000001711e7b8 mode 2
Event: 4.248 Thread 0x0000000016987000 Uncommon trap: trap_request=0xffffff65 fr.pc=0x0000000002ec577c
Event: 4.248 Thread 0x0000000016987000 DEOPT PACKING pc=0x0000000002ec577c sp=0x000000001721e690
Event: 4.248 Thread 0x0000000016987000 DEOPT UNPACKING pc=0x000000000286556a sp=0x000000001721e680 mode 2


Dynamic libraries:
0x00007ff671860000 - 0x00007ff671891000 	C:\Program Files\Android\Android Studio\jre\bin\java.exe
0x00007ffc03e20000 - 0x00007ffc03fe2000 	C:\Windows\SYSTEM32\ntdll.dll
0x00007ffc03890000 - 0x00007ffc0393d000 	C:\Windows\system32\KERNEL32.DLL
0x00007ffc01310000 - 0x00007ffc014ed000 	C:\Windows\system32\KERNELBASE.dll
0x00007ffc03bc0000 - 0x00007ffc03c66000 	C:\Windows\system32\ADVAPI32.dll
0x00007ffc03ae0000 - 0x00007ffc03b7d000 	C:\Windows\system32\msvcrt.dll
0x00007ffc01a90000 - 0x00007ffc01aeb000 	C:\Windows\system32\sechost.dll
0x00007ffc014f0000 - 0x00007ffc01616000 	C:\Windows\system32\RPCRT4.dll
0x00007ffc01620000 - 0x00007ffc0176e000 	C:\Windows\system32\USER32.dll
0x00007ffc01d40000 - 0x00007ffc01ec5000 	C:\Windows\system32\GDI32.dll
0x00007ffbeb0d0000 - 0x00007ffbeb344000 	C:\Windows\WinSxS\amd64_microsoft.windows.common-controls_6595b64144ccf1df_6.0.10240.16384_none_f41f7b285750ef43\COMCTL32.dll
0x00007ffc03b80000 - 0x00007ffc03bb6000 	C:\Windows\system32\IMM32.DLL
0x00007ffc03400000 - 0x00007ffc0355c000 	C:\Windows\system32\MSCTF.dll
0x00000000602e0000 - 0x00000000603b2000 	C:\Program Files\Android\Android Studio\jre\jre\bin\msvcr100.dll
0x00000000603c0000 - 0x0000000060bf4000 	C:\Program Files\Android\Android Studio\jre\jre\bin\server\jvm.dll
0x00007ffc01a00000 - 0x00007ffc01a08000 	C:\Windows\system32\PSAPI.DLL
0x00007ffbe4230000 - 0x00007ffbe4239000 	C:\Windows\SYSTEM32\WSOCK32.dll
0x00007ffc01a20000 - 0x00007ffc01a89000 	C:\Windows\system32\WS2_32.dll
0x00007ffc01af0000 - 0x00007ffc01af8000 	C:\Windows\system32\NSI.dll
0x00007ffbf0dc0000 - 0x00007ffbf0de3000 	C:\Windows\SYSTEM32\WINMM.dll
0x00007ffbf7eb0000 - 0x00007ffbf7eba000 	C:\Windows\SYSTEM32\VERSION.dll
0x00007ffbf0d50000 - 0x00007ffbf0d7c000 	C:\Windows\SYSTEM32\WINMMBASE.dll
0x00007ffc010f0000 - 0x00007ffc01134000 	C:\Windows\system32\cfgmgr32.dll
0x00007ffbff1c0000 - 0x00007ffbff1e7000 	C:\Windows\SYSTEM32\DEVOBJ.dll
0x00007ffbf9c80000 - 0x00007ffbf9c8f000 	C:\Program Files\Android\Android Studio\jre\jre\bin\verify.dll
0x00007ffbf9630000 - 0x00007ffbf9659000 	C:\Program Files\Android\Android Studio\jre\jre\bin\java.dll
0x00007ffbf93d0000 - 0x00007ffbf93e6000 	C:\Program Files\Android\Android Studio\jre\jre\bin\zip.dll
0x00007ffc01ed0000 - 0x00007ffc033f5000 	C:\Windows\system32\SHELL32.dll
0x00007ffc008f0000 - 0x00007ffc00f18000 	C:\Windows\system32\windows.storage.dll
0x00007ffc03610000 - 0x00007ffc0388c000 	C:\Windows\system32\combase.dll
0x00007ffc03a80000 - 0x00007ffc03ad1000 	C:\Windows\system32\shlwapi.dll
0x00007ffc00870000 - 0x00007ffc0087f000 	C:\Windows\system32\kernel.appcore.dll
0x00007ffc01250000 - 0x00007ffc01303000 	C:\Windows\system32\shcore.dll
0x00007ffc008a0000 - 0x00007ffc008ea000 	C:\Windows\system32\powrprof.dll
0x00007ffc00850000 - 0x00007ffc00863000 	C:\Windows\system32\profapi.dll

VM Arguments:
jvm_args: -Djava.awt.headless=true -Xmx1024M -Dfile.encoding=windows-1256 -Duser.country=US -Duser.language=en -Duser.variant 
java_command: com.android.dx.command.Main --dex --force-jumbo --num-threads=4 --multi-dex --output C:\Users\FCC\Desktop\Aspa\app\build\intermediates\transforms\dex\debug\folders\1000\10\com.android.support-recyclerview-v7-25.1.0_973ce9a558d1539c0b88c052b0e0bdc607656008 C:\Users\FCC\Desktop\Aspa\app\build\intermediates\exploded-aar\com.android.support\recyclerview-v7\25.1.0\jars\classes.jar
java_class_path (initial): C:\Users\FCC\AppData\Local\Android\AndroidSDK\build-tools\23.0.3\lib\dx.jar
Launcher Type: SUN_STANDARD

Environment Variables:
PATH=C:\ProgramData\Oracle\Java\javapath;C:\Program Files\Microsoft MPI\Bin\;C:\Program Files (x86)\Intel\iCLS Client\;C:\Program Files\Intel\iCLS Client\;C:\Windows\system32;C:\Windows;C:\Windows\System32\Wbem;C:\Windows\System32\WindowsPowerShell\v1.0\;C:\Program Files (x86)\Intel\Intel(R) Management Engine Components\DAL;C:\Program Files\Intel\Intel(R) Management Engine Components\DAL;C:\Program Files (x86)\Intel\Intel(R) Management Engine Components\IPT;C:\Program Files\Intel\Intel(R) Management Engine Components\IPT;C:\Program Files\Microsoft SQL Server\120\Tools\Binn\;C:\Program Files\Microsoft SQL Server\130\Tools\Binn\;C:\Program Files (x86)\Microsoft SQL Server\130\Tools\Binn\;C:\Program Files (x86)\Microsoft SQL Server\130\DTS\Binn\;C:\Program Files\Microsoft SQL Server\130\DTS\Binn\;C:\Program Files\Microsoft SQL Server\Client SDK\ODBC\130\Tools\Binn\;C:\Program Files\Git\cmd
USERNAME=FCC
OS=Windows_NT
PROCESSOR_IDENTIFIER=Intel64 Family 6 Model 94 Stepping 3, GenuineIntel



---------------  S Y S T E M  ---------------

OS: Windows 10.0 , 64 bit Build 10240 (10.0.10240.16384)

CPU:total 4 (4 cores per cpu, 1 threads per core) family 6 model 94 stepping 3, cmov, cx8, fxsr, mmx, sse, sse2, sse3, ssse3, sse4.1, sse4.2, popcnt, avx, avx2, aes, clmul, erms, rtm, 3dnowpref, lzcnt, tsc, tscinvbit, bmi1, bmi2, adx

Memory: 4k page, physical 8261104k(632580k free), swap 12926808k(5364k free)

vm_info: OpenJDK 64-Bit Server VM (25.76-b03) for windows-amd64 JRE (1.8.0_76-release-b03), built on Jun 29 2016 19:09:20 by "ralucas" with MS VC++ 10.0 (VS2010)

time: Sun Feb 26 10:57:38 2017
elapsed time: 4 seconds (0d 0h 0m 4s)

