#
# There is insufficient memory for the Java Runtime Environment to continue.
# Native memory allocation (malloc) failed to allocate 1155936 bytes for Chunk::new
# Possible reasons:
#   The system is out of physical RAM or swap space
#   In 32 bit mode, the process size limit was hit
# Possible solutions:
#   Reduce memory load on the system
#   Increase physical memory or swap space
#   Check if swap backing store is full
#   Use 64 bit Java on a 64 bit OS
#   Decrease Java heap size (-Xmx/-Xms)
#   Decrease number of Java threads
#   Decrease Java thread stack sizes (-Xss)
#   Set larger code cache with -XX:ReservedCodeCacheSize=
# This output file may be truncated or incomplete.
#
#  Out of Memory Error (allocation.cpp:390), pid=9308, tid=0x0000000000002f38
#
# JRE version: OpenJDK Runtime Environment (8.0_112-b06) (build 1.8.0_112-release-b06)
# Java VM: OpenJDK 64-Bit Server VM (25.112-b06 mixed mode windows-amd64 compressed oops)
# Failed to write core dump. Minidumps are not enabled by default on client versions of Windows
#

---------------  T H R E A D  ---------------

Current thread (0x0000000015095000):  JavaThread "C2 CompilerThread0" daemon [_thread_in_native, id=12088, stack(0x00000000166c0000,0x00000000167c0000)]

Stack: [0x00000000166c0000,0x00000000167c0000]
[error occurred during error reporting (printing stack bounds), id 0xc0000005]

Native frames: (J=compiled Java code, j=interpreted, Vv=VM code, C=native code)


Current CompileTask:
C2:   1302 1752   !   4       com.android.dx.cf.cst.ConstantPoolParser::parse0 (731 bytes)


---------------  P R O C E S S  ---------------

Java Threads: ( => current thread )
  0x0000000016a34000 JavaThread "pool-2-thread-4" [_thread_blocked, id=11136, stack(0x00000000173c0000,0x00000000174c0000)]
  0x0000000016a33000 JavaThread "pool-2-thread-3" [_thread_blocked, id=9224, stack(0x00000000172c0000,0x00000000173c0000)]
  0x0000000016a28800 JavaThread "pool-2-thread-2" [_thread_in_vm, id=11756, stack(0x00000000171c0000,0x00000000172c0000)]
  0x0000000016a21000 JavaThread "pool-3-thread-1" [_thread_blocked, id=4220, stack(0x00000000170c0000,0x00000000171c0000)]
  0x0000000016a18800 JavaThread "pool-2-thread-1" [_thread_in_Java, id=7716, stack(0x0000000016fc0000,0x00000000170c0000)]
  0x000000001690d800 JavaThread "Service Thread" daemon [_thread_blocked, id=10068, stack(0x0000000016dc0000,0x0000000016ec0000)]
  0x000000001690a800 JavaThread "C1 CompilerThread2" daemon [_thread_blocked, id=1112, stack(0x0000000016cc0000,0x0000000016dc0000)]
  0x0000000015098800 JavaThread "C2 CompilerThread1" daemon [_thread_in_native, id=10980, stack(0x00000000167c0000,0x00000000168c0000)]
=>0x0000000015095000 JavaThread "C2 CompilerThread0" daemon [_thread_in_native, id=12088, stack(0x00000000166c0000,0x00000000167c0000)]
  0x0000000015094000 JavaThread "Attach Listener" daemon [_thread_blocked, id=10976, stack(0x00000000165c0000,0x00000000166c0000)]
  0x0000000015085800 JavaThread "Signal Dispatcher" daemon [_thread_blocked, id=10736, stack(0x00000000164c0000,0x00000000165c0000)]
  0x000000000291b000 JavaThread "Finalizer" daemon [_thread_blocked, id=11236, stack(0x00000000162e0000,0x00000000163e0000)]
  0x0000000002910800 JavaThread "Reference Handler" daemon [_thread_blocked, id=9484, stack(0x00000000161e0000,0x00000000162e0000)]
  0x0000000002820800 JavaThread "main" [_thread_in_Java, id=7224, stack(0x00000000026f0000,0x00000000027f0000)]

Other Threads:
  0x0000000015056000 VMThread [stack: 0x00000000160e0000,0x00000000161e0000] [id=11392]
  0x000000001690e000 WatcherThread [stack: 0x0000000016ec0000,0x0000000016fc0000] [id=4200]

VM state:not at safepoint (normal execution)

VM Mutex/Monitor currently owned by a thread: None

Heap:
 PSYoungGen      total 71680K, used 58561K [0x00000000eab00000, 0x00000000ef600000, 0x0000000100000000)
  eden space 66560K, 80% used [0x00000000eab00000,0x00000000edf37e68,0x00000000eec00000)
  from space 5120K, 99% used [0x00000000eec00000,0x00000000ef0f8928,0x00000000ef100000)
  to   space 5120K, 0% used [0x00000000ef100000,0x00000000ef100000,0x00000000ef600000)
 ParOldGen       total 87552K, used 20231K [0x00000000c0000000, 0x00000000c5580000, 0x00000000eab00000)
  object space 87552K, 23% used [0x00000000c0000000,0x00000000c13c1f60,0x00000000c5580000)
 Metaspace       used 6189K, capacity 7216K, committed 7296K, reserved 1056768K
  class space    used 566K, capacity 616K, committed 640K, reserved 1048576K

Card table byte_map: [0x0000000011d80000,0x0000000011f90000] byte_map_base: 0x0000000011780000

Marking Bits: (ParMarkBitMap*) 0x00000000773b18f0
 Begin Bits: [0x00000000124f0000, 0x00000000134f0000)
 End Bits:   [0x00000000134f0000, 0x00000000144f0000)

Polling page: 0x0000000000b20000

CodeCache: size=245760Kb used=7598Kb max_used=7598Kb free=238161Kb
 bounds [0x00000000029c0000, 0x0000000003140000, 0x00000000119c0000]
 total_blobs=2097 nmethods=1835 adapters=175
 compilation: enabled

Compilation events (10 events):
Event: 1.278 Thread 0x000000001690a800 nmethod 1865 0x000000000312a910 code [0x000000000312aaa0, 0x000000000312ad98]
Event: 1.293 Thread 0x000000001690a800 1868   !   2       com.android.dx.command.dexer.Main$ClassDefItemConsumer::call (177 bytes)
Event: 1.294 Thread 0x000000001690a800 nmethod 1868 0x000000000312af90 code [0x000000000312b180, 0x000000000312bb38]
Event: 1.294 Thread 0x000000001690a800 1869       2       java.util.concurrent.FutureTask::report (37 bytes)
Event: 1.294 Thread 0x000000001690a800 nmethod 1869 0x000000000312c390 code [0x000000000312c520, 0x000000000312c7d8]
Event: 1.294 Thread 0x000000001690a800 1870   !   2       com.android.dx.dex.file.ClassDefsSection::add (75 bytes)
Event: 1.294 Thread 0x000000001690a800 nmethod 1870 0x000000000312c950 code [0x000000000312cb40, 0x000000000312d178]
Event: 1.298 Thread 0x000000001690a800 1871 %     3       com.android.dx.ssa.SsaBasicBlock::forEachInsn @ 10 (37 bytes)
Event: 1.299 Thread 0x000000001690a800 nmethod 1871% 0x000000000312d6d0 code [0x000000000312d8a0, 0x000000000312dfa8]
Event: 1.300 Thread 0x000000001690a800 1872       2       com.android.dx.ssa.back.FirstFitLocalCombiningAllocator::processPhiInsn (255 bytes)

GC Heap History (6 events):
Event: 0.649 GC heap before
{Heap before GC invocations=1 (full 0):
 PSYoungGen      total 38400K, used 33280K [0x00000000eab00000, 0x00000000ed580000, 0x0000000100000000)
  eden space 33280K, 100% used [0x00000000eab00000,0x00000000ecb80000,0x00000000ecb80000)
  from space 5120K, 0% used [0x00000000ed080000,0x00000000ed080000,0x00000000ed580000)
  to   space 5120K, 0% used [0x00000000ecb80000,0x00000000ecb80000,0x00000000ed080000)
 ParOldGen       total 87552K, used 0K [0x00000000c0000000, 0x00000000c5580000, 0x00000000eab00000)
  object space 87552K, 0% used [0x00000000c0000000,0x00000000c0000000,0x00000000c5580000)
 Metaspace       used 5764K, capacity 6896K, committed 7040K, reserved 1056768K
  class space    used 561K, capacity 616K, committed 640K, reserved 1048576K
Event: 0.676 GC heap after
Heap after GC invocations=1 (full 0):
 PSYoungGen      total 38400K, used 5090K [0x00000000eab00000, 0x00000000ef600000, 0x0000000100000000)
  eden space 33280K, 0% used [0x00000000eab00000,0x00000000eab00000,0x00000000ecb80000)
  from space 5120K, 99% used [0x00000000ecb80000,0x00000000ed078b78,0x00000000ed080000)
  to   space 5120K, 0% used [0x00000000ef100000,0x00000000ef100000,0x00000000ef600000)
 ParOldGen       total 87552K, used 2621K [0x00000000c0000000, 0x00000000c5580000, 0x00000000eab00000)
  object space 87552K, 2% used [0x00000000c0000000,0x00000000c028f668,0x00000000c5580000)
 Metaspace       used 5764K, capacity 6896K, committed 7040K, reserved 1056768K
  class space    used 561K, capacity 616K, committed 640K, reserved 1048576K
}
Event: 0.849 GC heap before
{Heap before GC invocations=2 (full 0):
 PSYoungGen      total 38400K, used 38370K [0x00000000eab00000, 0x00000000ef600000, 0x0000000100000000)
  eden space 33280K, 100% used [0x00000000eab00000,0x00000000ecb80000,0x00000000ecb80000)
  from space 5120K, 99% used [0x00000000ecb80000,0x00000000ed078b78,0x00000000ed080000)
  to   space 5120K, 0% used [0x00000000ef100000,0x00000000ef100000,0x00000000ef600000)
 ParOldGen       total 87552K, used 2621K [0x00000000c0000000, 0x00000000c5580000, 0x00000000eab00000)
  object space 87552K, 2% used [0x00000000c0000000,0x00000000c028f668,0x00000000c5580000)
 Metaspace       used 5999K, capacity 7088K, committed 7296K, reserved 1056768K
  class space    used 565K, capacity 616K, committed 640K, reserved 1048576K
Event: 0.858 GC heap after
Heap after GC invocations=2 (full 0):
 PSYoungGen      total 71680K, used 5113K [0x00000000eab00000, 0x00000000ef600000, 0x0000000100000000)
  eden space 66560K, 0% used [0x00000000eab00000,0x00000000eab00000,0x00000000eec00000)
  from space 5120K, 99% used [0x00000000ef100000,0x00000000ef5fe660,0x00000000ef600000)
  to   space 5120K, 0% used [0x00000000eec00000,0x00000000eec00000,0x00000000ef100000)
 ParOldGen       total 87552K, used 8525K [0x00000000c0000000, 0x00000000c5580000, 0x00000000eab00000)
  object space 87552K, 9% used [0x00000000c0000000,0x00000000c0853650,0x00000000c5580000)
 Metaspace       used 5999K, capacity 7088K, committed 7296K, reserved 1056768K
  class space    used 565K, capacity 616K, committed 640K, reserved 1048576K
}
Event: 1.113 GC heap before
{Heap before GC invocations=3 (full 0):
 PSYoungGen      total 71680K, used 71673K [0x00000000eab00000, 0x00000000ef600000, 0x0000000100000000)
  eden space 66560K, 100% used [0x00000000eab00000,0x00000000eec00000,0x00000000eec00000)
  from space 5120K, 99% used [0x00000000ef100000,0x00000000ef5fe660,0x00000000ef600000)
  to   space 5120K, 0% used [0x00000000eec00000,0x00000000eec00000,0x00000000ef100000)
 ParOldGen       total 87552K, used 8525K [0x00000000c0000000, 0x00000000c5580000, 0x00000000eab00000)
  object space 87552K, 9% used [0x00000000c0000000,0x00000000c0853650,0x00000000c5580000)
 Metaspace       used 6154K, capacity 7152K, committed 7296K, reserved 1056768K
  class space    used 565K, capacity 616K, committed 640K, reserved 1048576K
Event: 1.131 GC heap after
Heap after GC invocations=3 (full 0):
 PSYoungGen      total 71680K, used 5090K [0x00000000eab00000, 0x00000000ef600000, 0x0000000100000000)
  eden space 66560K, 0% used [0x00000000eab00000,0x00000000eab00000,0x00000000eec00000)
  from space 5120K, 99% used [0x00000000eec00000,0x00000000ef0f8928,0x00000000ef100000)
  to   space 5120K, 0% used [0x00000000ef100000,0x00000000ef100000,0x00000000ef600000)
 ParOldGen       total 87552K, used 20231K [0x00000000c0000000, 0x00000000c5580000, 0x00000000eab00000)
  object space 87552K, 23% used [0x00000000c0000000,0x00000000c13c1f60,0x00000000c5580000)
 Metaspace       used 6154K, capacity 7152K, committed 7296K, reserved 1056768K
  class space    used 565K, capacity 616K, committed 640K, reserved 1048576K
}

Deoptimization events (10 events):
Event: 1.146 Thread 0x0000000016a28800 Uncommon trap: reason=unstable_if action=reinterpret pc=0x0000000002ffa5a4 method=com.android.dx.ssa.SsaRenamer$BlockRenamer.addMapping(ILcom/android/dx/rop/code/RegisterSpec;)V @ 120
Event: 1.247 Thread 0x0000000016a28800 Uncommon trap: reason=unstable_if action=reinterpret pc=0x0000000002ea8e84 method=com.android.dx.ssa.SsaRenamer$BlockRenamer.addMapping(ILcom/android/dx/rop/code/RegisterSpec;)V @ 120
Event: 1.257 Thread 0x0000000002820800 Uncommon trap: reason=uninitialized action=reinterpret pc=0x00000000030c5dfc method=com.android.dx.cf.code.BytecodeArray.parseInstruction(ILcom/android/dx/cf/code/BytecodeArray$Visitor;)I @ 1047
Event: 1.272 Thread 0x0000000016a28800 Uncommon trap: reason=unstable_if action=reinterpret pc=0x0000000002e70f1c method=com.android.dx.ssa.SsaMethod.updateOneDefinition(Lcom/android/dx/ssa/SsaInsn;Lcom/android/dx/rop/code/RegisterSpec;)V @ 4
Event: 1.276 Thread 0x0000000016a28800 Uncommon trap: reason=class_check action=maybe_recompile pc=0x0000000002ed6f88 method=com.android.dx.ssa.NormalSsaInsn.accept(Lcom/android/dx/ssa/SsaInsn$Visitor;)V @ 9
Event: 1.276 Thread 0x0000000016a28800 Uncommon trap: reason=class_check action=maybe_recompile pc=0x0000000002ed6f88 method=com.android.dx.ssa.NormalSsaInsn.accept(Lcom/android/dx/ssa/SsaInsn$Visitor;)V @ 9
Event: 1.276 Thread 0x0000000016a28800 Uncommon trap: reason=class_check action=maybe_recompile pc=0x0000000002ed6f88 method=com.android.dx.ssa.NormalSsaInsn.accept(Lcom/android/dx/ssa/SsaInsn$Visitor;)V @ 9
Event: 1.277 Thread 0x0000000016a28800 Uncommon trap: reason=class_check action=maybe_recompile pc=0x0000000002ed6f88 method=com.android.dx.ssa.NormalSsaInsn.accept(Lcom/android/dx/ssa/SsaInsn$Visitor;)V @ 9
Event: 1.277 Thread 0x0000000016a28800 Uncommon trap: reason=class_check action=maybe_recompile pc=0x0000000002d414d4 method=com.android.dx.ssa.NormalSsaInsn.accept(Lcom/android/dx/ssa/SsaInsn$Visitor;)V @ 9
Event: 1.277 Thread 0x0000000016a28800 Uncommon trap: reason=class_check action=maybe_recompile pc=0x0000000002bd56b0 method=com.android.dx.ssa.NormalSsaInsn.accept(Lcom/android/dx/ssa/SsaInsn$Visitor;)V @ 9

Internal exceptions (3 events):
Event: 0.028 Thread 0x0000000002820800 Exception <a 'java/lang/NoSuchMethodError': Method sun.misc.Unsafe.defineClass(Ljava/lang/String;[BII)Ljava/lang/Class; name or signature does not match> (0x00000000eab07c78) thrown at [C:\src\android\AOSP-openjdk\external\jetbrains\jdk\hotspot\src\share\v€}¨Ø«œ?
Event: 0.028 Thread 0x0000000002820800 Exception <a 'java/lang/NoSuchMethodError': Method sun.misc.Unsafe.prefetchRead(Ljava/lang/Object;J)V name or signature does not match> (0x00000000eab07f60) thrown at [C:\src\android\AOSP-openjdk\external\jetbrains\jdk\hotspot\src\share\vm\prims\jni.cpp, lLï?=X9×?
Event: 0.363 Thread 0x0000000016a18800 Implicit null exception at 0x0000000002ccc222 to 0x0000000002ccc329

Events (10 events):
Event: 1.276 Thread 0x0000000016a28800 DEOPT UNPACKING pc=0x0000000002a0556a sp=0x00000000172bec80 mode 2
Event: 1.277 Thread 0x0000000016a28800 Uncommon trap: trap_request=0xffffffde fr.pc=0x0000000002ed6f88
Event: 1.277 Thread 0x0000000016a28800 DEOPT PACKING pc=0x0000000002ed6f88 sp=0x00000000172bec90
Event: 1.277 Thread 0x0000000016a28800 DEOPT UNPACKING pc=0x0000000002a0556a sp=0x00000000172beb80 mode 2
Event: 1.277 Thread 0x0000000016a28800 Uncommon trap: trap_request=0xffffffde fr.pc=0x0000000002d414d4
Event: 1.277 Thread 0x0000000016a28800 DEOPT PACKING pc=0x0000000002d414d4 sp=0x00000000172be860
Event: 1.277 Thread 0x0000000016a28800 DEOPT UNPACKING pc=0x0000000002a0556a sp=0x00000000172be7b0 mode 2
Event: 1.277 Thread 0x0000000016a28800 Uncommon trap: trap_request=0xffffffde fr.pc=0x0000000002bd56b0
Event: 1.277 Thread 0x0000000016a28800 DEOPT PACKING pc=0x0000000002bd56b0 sp=0x00000000172bebd0
Event: 1.277 Thread 0x0000000016a28800 DEOPT UNPACKING pc=0x0000000002a0556a sp=0x00000000172beb70 mode 2


Dynamic libraries:
0x00007ff72ab60000 - 0x00007ff72ab91000 	C:\Program Files\Android\Android Studio\jre\bin\java.exe
0x00007ff88d910000 - 0x00007ff88dad2000 	C:\Windows\SYSTEM32\ntdll.dll
0x00007ff88d7f0000 - 0x00007ff88d89d000 	C:\Windows\system32\KERNEL32.DLL
0x00007ff88a7c0000 - 0x00007ff88a99d000 	C:\Windows\system32\KERNELBASE.dll
0x00007ff88d530000 - 0x00007ff88d5d6000 	C:\Windows\system32\ADVAPI32.dll
0x00007ff88afd0000 - 0x00007ff88b06d000 	C:\Windows\system32\msvcrt.dll
0x00007ff88d790000 - 0x00007ff88d7eb000 	C:\Windows\system32\sechost.dll
0x00007ff88b070000 - 0x00007ff88b196000 	C:\Windows\system32\RPCRT4.dll
0x00007ff88bdd0000 - 0x00007ff88bf1e000 	C:\Windows\system32\USER32.dll
0x00007ff88b5e0000 - 0x00007ff88b763000 	C:\Windows\system32\GDI32.dll
0x00007ff87d5a0000 - 0x00007ff87d814000 	C:\Windows\WinSxS\amd64_microsoft.windows.common-controls_6595b64144ccf1df_6.0.10240.17184_none_f41d7a705752bce6\COMCTL32.dll
0x00007ff88bbc0000 - 0x00007ff88bbf6000 	C:\Windows\system32\IMM32.DLL
0x00007ff88bc70000 - 0x00007ff88bdcc000 	C:\Windows\system32\MSCTF.dll
0x0000000076b10000 - 0x0000000076be2000 	C:\Program Files\Android\Android Studio\jre\jre\bin\msvcr100.dll
0x0000000076bf0000 - 0x000000007742c000 	C:\Program Files\Android\Android Studio\jre\jre\bin\server\jvm.dll
0x00007ff88d520000 - 0x00007ff88d528000 	C:\Windows\system32\PSAPI.DLL
0x00007ff87fb20000 - 0x00007ff87fb29000 	C:\Windows\SYSTEM32\WSOCK32.dll
0x00007ff88bc00000 - 0x00007ff88bc69000 	C:\Windows\system32\WS2_32.dll
0x00007ff88b770000 - 0x00007ff88b778000 	C:\Windows\system32\NSI.dll
0x00007ff8888b0000 - 0x00007ff8888d3000 	C:\Windows\SYSTEM32\WINMM.dll
0x00007ff881430000 - 0x00007ff88143a000 	C:\Windows\SYSTEM32\VERSION.dll
0x00007ff888850000 - 0x00007ff88887c000 	C:\Windows\SYSTEM32\WINMMBASE.dll
0x00007ff88a3d0000 - 0x00007ff88a414000 	C:\Windows\system32\cfgmgr32.dll
0x00007ff888cb0000 - 0x00007ff888cd7000 	C:\Windows\SYSTEM32\DEVOBJ.dll
0x00007ff8834f0000 - 0x00007ff8834ff000 	C:\Program Files\Android\Android Studio\jre\jre\bin\verify.dll
0x00007ff883150000 - 0x00007ff883179000 	C:\Program Files\Android\Android Studio\jre\jre\bin\java.dll
0x00007ff882ad0000 - 0x00007ff882ae6000 	C:\Program Files\Android\Android Studio\jre\jre\bin\zip.dll
0x00007ff88bff0000 - 0x00007ff88d513000 	C:\Windows\system32\SHELL32.dll
0x00007ff88a9a0000 - 0x00007ff88afc9000 	C:\Windows\system32\windows.storage.dll
0x00007ff88b210000 - 0x00007ff88b48c000 	C:\Windows\system32\combase.dll
0x00007ff88b9b0000 - 0x00007ff88ba01000 	C:\Windows\system32\shlwapi.dll
0x00007ff88a3c0000 - 0x00007ff88a3cf000 	C:\Windows\system32\kernel.appcore.dll
0x00007ff88a700000 - 0x00007ff88a7b3000 	C:\Windows\system32\shcore.dll
0x00007ff88a370000 - 0x00007ff88a3ba000 	C:\Windows\system32\powrprof.dll
0x00007ff88a330000 - 0x00007ff88a343000 	C:\Windows\system32\profapi.dll

VM Arguments:
jvm_args: -Djava.awt.headless=true -Xmx1024M -Dfile.encoding=windows-1256 -Duser.country=US -Duser.language=en -Duser.variant 
java_command: com.android.dx.command.Main --dex --num-threads=4 --multi-dex --output C:\Users\FCC\Desktop\Projects\Mahan\app\build\intermediates\transforms\dex\debug\folders\1000\1\debug_121a6cf105b6af5ee7b1e1b4f53140a6205c8b5b C:\Users\FCC\Desktop\Projects\Mahan\app\build\intermediates\classes\debug
java_class_path (initial): C:\AndroidSDK\AndroidSDK\AndroidSDK\build-tools\25.0.3\lib\dx.jar
Launcher Type: SUN_STANDARD

Environment Variables:
JAVA_HOME=C:\Program Files\Java\jdk1.9.0
PATH=C:\ProgramData\Oracle\Java\javapath;C:\Program Files\Microsoft MPI\Bin\;C:\Program Files (x86)\Intel\iCLS Client\;C:\Program Files\Intel\iCLS Client\;C:\Windows\system32;C:\Windows;C:\Windows\System32\Wbem;C:\Windows\System32\WindowsPowerShell\v1.0\;C:\Program Files (x86)\Intel\Intel(R) Management Engine Components\DAL;C:\Program Files\Intel\Intel(R) Management Engine Components\DAL;C:\Program Files (x86)\Intel\Intel(R) Management Engine Components\IPT;C:\Program Files\Intel\Intel(R) Management Engine Components\IPT;C:\Program Files\Git\cmd
USERNAME=FCC
OS=Windows_NT
PROCESSOR_IDENTIFIER=Intel64 Family 6 Model 94 Stepping 3, GenuineIntel



---------------  S Y S T E M  ---------------

OS: Windows 10.0 , 64 bit Build 10240 (10.0.10240.17113)

CPU:total 4 (4 cores per cpu, 1 threads per core) family 6 model 94 stepping 3, cmov, cx8, fxsr, mmx, sse, sse2, sse3, ssse3, sse4.1, sse4.2, popcnt, avx, avx2, aes, clmul, erms, rtm, 3dnowpref, lzcnt, tsc, tscinvbit, bmi1, bmi2, adx

Memory: 4k page, physical 8261104k(646712k free), swap 10165272k(4384k free)

vm_info: OpenJDK 64-Bit Server VM (25.112-b06) for windows-amd64 JRE (1.8.0_112-release-b06), built on Dec  8 2016 00:54:26 by "builder" with MS VC++ 10.0 (VS2010)

time: Sat Oct 21 10:27:40 2017
elapsed time: 1 seconds (0d 0h 0m 1s)

