#
# There is insufficient memory for the Java Runtime Environment to continue.
# Native memory allocation (malloc) failed to allocate 121936 bytes for Chunk::new
# Possible reasons:
#   The system is out of physical RAM or swap space
#   In 32 bit mode, the process size limit was hit
# Possible solutions:
#   Reduce memory load on the system
#   Increase physical memory or swap space
#   Check if swap backing store is full
#   Use 64 bit Java on a 64 bit OS
#   Decrease Java heap size (-Xmx/-Xms)
#   Decrease number of Java threads
#   Decrease Java thread stack sizes (-Xss)
#   Set larger code cache with -XX:ReservedCodeCacheSize=
# This output file may be truncated or incomplete.
#
#  Out of Memory Error (allocation.cpp:390), pid=9492, tid=0x000000000000325c
#
# JRE version: OpenJDK Runtime Environment (8.0_76-b03) (build 1.8.0_76-release-b03)
# Java VM: OpenJDK 64-Bit Server VM (25.76-b03 mixed mode windows-amd64 compressed oops)
# Failed to write core dump. Minidumps are not enabled by default on client versions of Windows
#

---------------  T H R E A D  ---------------

Current thread (0x00000000149e4000):  JavaThread "C2 CompilerThread0" daemon [_thread_in_native, id=12892, stack(0x0000000016010000,0x0000000016110000)]

Stack: [0x0000000016010000,0x0000000016110000]
[error occurred during error reporting (printing stack bounds), id 0xc0000005]

Native frames: (J=compiled Java code, j=interpreted, Vv=VM code, C=native code)


Current CompileTask:
C2:   5599 1674       4       com.android.dx.ssa.SCCP::simulatePhi (169 bytes)


---------------  P R O C E S S  ---------------

Java Threads: ( => current thread )
  0x00000000165d0000 JavaThread "pool-1-thread-4" [_thread_blocked, id=6832, stack(0x0000000016d10000,0x0000000016e10000)]
  0x00000000165cf800 JavaThread "pool-1-thread-3" [_thread_blocked, id=10676, stack(0x0000000016c10000,0x0000000016d10000)]
  0x000000001655f800 JavaThread "pool-1-thread-2" [_thread_blocked, id=8776, stack(0x0000000016b10000,0x0000000016c10000)]
  0x0000000016563800 JavaThread "pool-2-thread-1" [_thread_blocked, id=9880, stack(0x0000000016a10000,0x0000000016b10000)]
  0x000000001659c800 JavaThread "pool-1-thread-1" [_thread_blocked, id=2668, stack(0x0000000016910000,0x0000000016a10000)]
  0x0000000016371000 JavaThread "Service Thread" daemon [_thread_blocked, id=13212, stack(0x0000000016710000,0x0000000016810000)]
  0x00000000149eb800 JavaThread "C1 CompilerThread2" daemon [_thread_blocked, id=10720, stack(0x0000000016210000,0x0000000016310000)]
  0x00000000149e8000 JavaThread "C2 CompilerThread1" daemon [_thread_in_native, id=12524, stack(0x0000000016110000,0x0000000016210000)]
=>0x00000000149e4000 JavaThread "C2 CompilerThread0" daemon [_thread_in_native, id=12892, stack(0x0000000016010000,0x0000000016110000)]
  0x0000000014a32000 JavaThread "Attach Listener" daemon [_thread_blocked, id=12732, stack(0x0000000015f10000,0x0000000016010000)]
  0x0000000014a31800 JavaThread "Signal Dispatcher" daemon [_thread_blocked, id=12632, stack(0x0000000015e10000,0x0000000015f10000)]
  0x000000000230b800 JavaThread "Finalizer" daemon [_thread_blocked, id=7880, stack(0x0000000015c30000,0x0000000015d30000)]
  0x0000000002300000 JavaThread "Reference Handler" daemon [_thread_blocked, id=2664, stack(0x0000000015b30000,0x0000000015c30000)]
  0x0000000002210800 JavaThread "main" [_thread_blocked, id=1828, stack(0x0000000002040000,0x0000000002140000)]

Other Threads:
  0x00000000149a5800 VMThread [stack: 0x0000000015a30000,0x0000000015b30000] [id=10824]
  0x0000000016373000 WatcherThread [stack: 0x0000000016810000,0x0000000016910000] [id=13092]

VM state:not at safepoint (normal execution)

VM Mutex/Monitor currently owned by a thread: None

Heap:
 PSYoungGen      total 71680K, used 20197K [0x00000000eab00000, 0x00000000f3700000, 0x0000000100000000)
  eden space 66560K, 22% used [0x00000000eab00000,0x00000000eb9c14c8,0x00000000eec00000)
  from space 5120K, 99% used [0x00000000eec00000,0x00000000ef0f8250,0x00000000ef100000)
  to   space 5120K, 0% used [0x00000000f3200000,0x00000000f3200000,0x00000000f3700000)
 ParOldGen       total 87552K, used 14651K [0x00000000c0000000, 0x00000000c5580000, 0x00000000eab00000)
  object space 87552K, 16% used [0x00000000c0000000,0x00000000c0e4ec80,0x00000000c5580000)
 Metaspace       used 6130K, capacity 7152K, committed 7296K, reserved 1056768K
  class space    used 568K, capacity 616K, committed 640K, reserved 1048576K

Card table byte_map: [0x00000000116d0000,0x00000000118e0000] byte_map_base: 0x00000000110d0000

Marking Bits: (ParMarkBitMap*) 0x0000000077f79d00
 Begin Bits: [0x0000000011e40000, 0x0000000012e40000)
 End Bits:   [0x0000000012e40000, 0x0000000013e40000)

Polling page: 0x00000000007e0000

CodeCache: size=245760Kb used=7636Kb max_used=7664Kb free=238124Kb
 bounds [0x0000000002310000, 0x0000000002aa0000, 0x0000000011310000]
 total_blobs=1995 nmethods=1733 adapters=176
 compilation: enabled

Compilation events (10 events):
Event: 5.529 Thread 0x00000000149e4000 nmethod 1724 0x0000000002a63850 code [0x0000000002a639e0, 0x0000000002a63ff8]
Event: 5.529 Thread 0x00000000149e4000 1674       4       com.android.dx.ssa.SCCP::simulatePhi (169 bytes)
Event: 5.557 Thread 0x00000000149e8000 nmethod 1727 0x0000000002a81b50 code [0x0000000002a820c0, 0x0000000002a86e18]
Event: 5.557 Thread 0x00000000149e8000 1764       4       java.util.ArrayList::removeRange (75 bytes)
Event: 5.559 Thread 0x00000000149e8000 nmethod 1764 0x0000000002a5ed50 code [0x0000000002a5eea0, 0x0000000002a5f018]
Event: 5.559 Thread 0x00000000149e8000 1768       4       com.android.dx.util.MutabilityControl::throwIfMutable (18 bytes)
Event: 5.559 Thread 0x00000000149e8000 nmethod 1768 0x000000000290b350 code [0x000000000290b480, 0x000000000290b4f8]
Event: 5.559 Thread 0x00000000149e8000 1701       4       com.android.dx.util.BitIntSet$1::hasNext (13 bytes)
Event: 5.559 Thread 0x00000000149e8000 nmethod 1701 0x00000000027a5510 code [0x00000000027a5640, 0x00000000027a56b8]
Event: 5.559 Thread 0x00000000149e8000 1667       4       com.android.dx.dex.code.RopTranslator::outputBlock (202 bytes)

GC Heap History (6 events):
Event: 1.159 GC heap before
{Heap before GC invocations=1 (full 0):
 PSYoungGen      total 38400K, used 33280K [0x00000000eab00000, 0x00000000ed580000, 0x0000000100000000)
  eden space 33280K, 100% used [0x00000000eab00000,0x00000000ecb80000,0x00000000ecb80000)
  from space 5120K, 0% used [0x00000000ed080000,0x00000000ed080000,0x00000000ed580000)
  to   space 5120K, 0% used [0x00000000ecb80000,0x00000000ecb80000,0x00000000ed080000)
 ParOldGen       total 87552K, used 0K [0x00000000c0000000, 0x00000000c5580000, 0x00000000eab00000)
  object space 87552K, 0% used [0x00000000c0000000,0x00000000c0000000,0x00000000c5580000)
 Metaspace       used 5857K, capacity 6960K, committed 7040K, reserved 1056768K
  class space    used 563K, capacity 616K, committed 640K, reserved 1048576K
Event: 1.512 GC heap after
Heap after GC invocations=1 (full 0):
 PSYoungGen      total 38400K, used 5088K [0x00000000eab00000, 0x00000000ef600000, 0x0000000100000000)
  eden space 33280K, 0% used [0x00000000eab00000,0x00000000eab00000,0x00000000ecb80000)
  from space 5120K, 99% used [0x00000000ecb80000,0x00000000ed078368,0x00000000ed080000)
  to   space 5120K, 0% used [0x00000000ef100000,0x00000000ef100000,0x00000000ef600000)
 ParOldGen       total 87552K, used 847K [0x00000000c0000000, 0x00000000c5580000, 0x00000000eab00000)
  object space 87552K, 0% used [0x00000000c0000000,0x00000000c00d3c68,0x00000000c5580000)
 Metaspace       used 5857K, capacity 6960K, committed 7040K, reserved 1056768K
  class space    used 563K, capacity 616K, committed 640K, reserved 1048576K
}
Event: 2.254 GC heap before
{Heap before GC invocations=2 (full 0):
 PSYoungGen      total 38400K, used 38368K [0x00000000eab00000, 0x00000000ef600000, 0x0000000100000000)
  eden space 33280K, 100% used [0x00000000eab00000,0x00000000ecb80000,0x00000000ecb80000)
  from space 5120K, 99% used [0x00000000ecb80000,0x00000000ed078368,0x00000000ed080000)
  to   space 5120K, 0% used [0x00000000ef100000,0x00000000ef100000,0x00000000ef600000)
 ParOldGen       total 87552K, used 847K [0x00000000c0000000, 0x00000000c5580000, 0x00000000eab00000)
  object space 87552K, 0% used [0x00000000c0000000,0x00000000c00d3c68,0x00000000c5580000)
 Metaspace       used 6050K, capacity 7088K, committed 7296K, reserved 1056768K
  class space    used 566K, capacity 616K, committed 640K, reserved 1048576K
Event: 2.720 GC heap after
Heap after GC invocations=2 (full 0):
 PSYoungGen      total 71680K, used 5094K [0x00000000eab00000, 0x00000000ef600000, 0x0000000100000000)
  eden space 66560K, 0% used [0x00000000eab00000,0x00000000eab00000,0x00000000eec00000)
  from space 5120K, 99% used [0x00000000ef100000,0x00000000ef5f9818,0x00000000ef600000)
  to   space 5120K, 0% used [0x00000000eec00000,0x00000000eec00000,0x00000000ef100000)
 ParOldGen       total 87552K, used 5760K [0x00000000c0000000, 0x00000000c5580000, 0x00000000eab00000)
  object space 87552K, 6% used [0x00000000c0000000,0x00000000c05a0298,0x00000000c5580000)
 Metaspace       used 6050K, capacity 7088K, committed 7296K, reserved 1056768K
  class space    used 566K, capacity 616K, committed 640K, reserved 1048576K
}
Event: 4.618 GC heap before
{Heap before GC invocations=3 (full 0):
 PSYoungGen      total 71680K, used 71654K [0x00000000eab00000, 0x00000000ef600000, 0x0000000100000000)
  eden space 66560K, 100% used [0x00000000eab00000,0x00000000eec00000,0x00000000eec00000)
  from space 5120K, 99% used [0x00000000ef100000,0x00000000ef5f9818,0x00000000ef600000)
  to   space 5120K, 0% used [0x00000000eec00000,0x00000000eec00000,0x00000000ef100000)
 ParOldGen       total 87552K, used 5760K [0x00000000c0000000, 0x00000000c5580000, 0x00000000eab00000)
  object space 87552K, 6% used [0x00000000c0000000,0x00000000c05a0298,0x00000000c5580000)
 Metaspace       used 6112K, capacity 7152K, committed 7296K, reserved 1056768K
  class space    used 568K, capacity 616K, committed 640K, reserved 1048576K
Event: 5.306 GC heap after
Heap after GC invocations=3 (full 0):
 PSYoungGen      total 71680K, used 5088K [0x00000000eab00000, 0x00000000f3700000, 0x0000000100000000)
  eden space 66560K, 0% used [0x00000000eab00000,0x00000000eab00000,0x00000000eec00000)
  from space 5120K, 99% used [0x00000000eec00000,0x00000000ef0f8250,0x00000000ef100000)
  to   space 5120K, 0% used [0x00000000f3200000,0x00000000f3200000,0x00000000f3700000)
 ParOldGen       total 87552K, used 14651K [0x00000000c0000000, 0x00000000c5580000, 0x00000000eab00000)
  object space 87552K, 16% used [0x00000000c0000000,0x00000000c0e4ec80,0x00000000c5580000)
 Metaspace       used 6112K, capacity 7152K, committed 7296K, reserved 1056768K
  class space    used 568K, capacity 616K, committed 640K, reserved 1048576K
}

Deoptimization events (10 events):
Event: 2.906 Thread 0x000000001655f800 Uncommon trap: reason=class_check action=maybe_recompile pc=0x000000000283aed4 method=java.util.HashMap.putVal(ILjava/lang/Object;Ljava/lang/Object;ZZ)Ljava/lang/Object; @ 203
Event: 2.911 Thread 0x0000000002210800 Uncommon trap: reason=null_check action=make_not_entrant pc=0x0000000002739bbc method=com.android.dx.ssa.SsaRenamer.getLocalForNewReg(I)Lcom/android/dx/rop/code/LocalItem; @ 19
Event: 3.782 Thread 0x000000001659c800 Uncommon trap: reason=unstable_if action=reinterpret pc=0x00000000029e32b4 method=com.android.dx.rop.code.LocalVariableExtractor.processBlock(I)V @ 195
Event: 4.163 Thread 0x00000000165d0000 Uncommon trap: reason=unstable_if action=reinterpret pc=0x00000000029b5e04 method=java.util.HashMap.putVal(ILjava/lang/Object;Ljava/lang/Object;ZZ)Ljava/lang/Object; @ 94
Event: 4.169 Thread 0x00000000165cf800 Uncommon trap: reason=unstable_if action=reinterpret pc=0x0000000002911770 method=com.android.dx.ssa.SCCP.simulateStmt(Lcom/android/dx/ssa/SsaInsn;)V @ 59
Event: 5.316 Thread 0x000000001659c800 Uncommon trap: reason=bimorphic action=maybe_recompile pc=0x0000000002994150 method=com.android.dx.ssa.LiteralOpUpgrader.tryReplacingWithConstant(Lcom/android/dx/ssa/NormalSsaInsn;)Z @ 52
Event: 5.316 Thread 0x000000001659c800 Uncommon trap: reason=bimorphic action=maybe_recompile pc=0x0000000002994150 method=com.android.dx.ssa.LiteralOpUpgrader.tryReplacingWithConstant(Lcom/android/dx/ssa/NormalSsaInsn;)Z @ 52
Event: 5.341 Thread 0x00000000165cf800 Uncommon trap: reason=unstable_if action=reinterpret pc=0x00000000029d0fc0 method=com.android.dx.rop.code.LocalItem.compareHandlesNulls(Lcom/android/dx/rop/cst/CstString;Lcom/android/dx/rop/cst/CstString;)I @ 14
Event: 5.342 Thread 0x00000000165cf800 Uncommon trap: reason=unstable_if action=reinterpret pc=0x000000000281297c method=com.android.dx.rop.code.LocalItem.compareHandlesNulls(Lcom/android/dx/rop/cst/CstString;Lcom/android/dx/rop/cst/CstString;)I @ 14
Event: 5.342 Thread 0x00000000165cf800 Uncommon trap: reason=unstable_if action=reinterpret pc=0x000000000268d678 method=com.android.dx.rop.code.LocalItem.compareHandlesNulls(Lcom/android/dx/rop/cst/CstString;Lcom/android/dx/rop/cst/CstString;)I @ 14

Internal exceptions (7 events):
Event: 0.021 Thread 0x0000000002210800 Exception <a 'java/lang/NoSuchMethodError': Method sun.misc.Unsafe.defineClass(Ljava/lang/String;[BII)Ljava/lang/Class; name or signature does not match> (0x00000000eab07cc0) thrown at [C:\src\android\AOSP-openjdk\external\jetbrains\jdk\hotspot\src\share\vi±¶5'°ï?
Event: 0.021 Thread 0x0000000002210800 Exception <a 'java/lang/NoSuchMethodError': Method sun.misc.Unsafe.prefetchRead(Ljava/lang/Object;J)V name or signature does not match> (0x00000000eab07fa8) thrown at [C:\src\android\AOSP-openjdk\external\jetbrains\jdk\hotspot\src\share\vm\prims\jni.cpp, lÅ∆V%˚?
Event: 1.689 Thread 0x00000000165cf800 Implicit null exception at 0x000000000276bd76 to 0x000000000276e331
Event: 2.911 Thread 0x0000000002210800 Implicit null exception at 0x00000000027377d6 to 0x0000000002739b9d
Event: 5.341 Thread 0x00000000165cf800 Implicit null exception at 0x00000000029cebc5 to 0x00000000029d0f59
Event: 5.342 Thread 0x00000000165cf800 Implicit null exception at 0x00000000028116c3 to 0x0000000002812959
Event: 5.342 Thread 0x00000000165cf800 Implicit null exception at 0x000000000268d4a2 to 0x000000000268d665

Events (10 events):
Event: 5.316 Thread 0x000000001659c800 DEOPT UNPACKING pc=0x000000000235556a sp=0x0000000016a0e6c8 mode 2
Event: 5.341 Thread 0x00000000165cf800 Uncommon trap: trap_request=0xffffff65 fr.pc=0x00000000029d0fc0
Event: 5.341 Thread 0x00000000165cf800 DEOPT PACKING pc=0x00000000029d0fc0 sp=0x0000000016d0e490
Event: 5.341 Thread 0x00000000165cf800 DEOPT UNPACKING pc=0x000000000235556a sp=0x0000000016d0e2d0 mode 2
Event: 5.342 Thread 0x00000000165cf800 Uncommon trap: trap_request=0xffffff65 fr.pc=0x000000000281297c
Event: 5.342 Thread 0x00000000165cf800 DEOPT PACKING pc=0x000000000281297c sp=0x0000000016d0e310
Event: 5.342 Thread 0x00000000165cf800 DEOPT UNPACKING pc=0x000000000235556a sp=0x0000000016d0e0a8 mode 2
Event: 5.342 Thread 0x00000000165cf800 Uncommon trap: trap_request=0xffffff65 fr.pc=0x000000000268d678
Event: 5.342 Thread 0x00000000165cf800 DEOPT PACKING pc=0x000000000268d678 sp=0x0000000016d0e590
Event: 5.342 Thread 0x00000000165cf800 DEOPT UNPACKING pc=0x000000000235556a sp=0x0000000016d0e4d0 mode 2


Dynamic libraries:
0x00007ff66ade0000 - 0x00007ff66ae11000 	C:\Program Files\Android\Android Studio\jre\bin\java.exe
0x00007ffea7b10000 - 0x00007ffea7cd2000 	C:\Windows\SYSTEM32\ntdll.dll
0x00007ffea6c90000 - 0x00007ffea6d3d000 	C:\Windows\system32\KERNEL32.DLL
0x00007ffea45e0000 - 0x00007ffea47bd000 	C:\Windows\system32\KERNELBASE.dll
0x00007ffea72a0000 - 0x00007ffea7346000 	C:\Windows\system32\ADVAPI32.dll
0x00007ffea7350000 - 0x00007ffea73ed000 	C:\Windows\system32\msvcrt.dll
0x00007ffea75f0000 - 0x00007ffea764b000 	C:\Windows\system32\sechost.dll
0x00007ffea73f0000 - 0x00007ffea7516000 	C:\Windows\system32\RPCRT4.dll
0x00007ffea6ef0000 - 0x00007ffea703e000 	C:\Windows\system32\USER32.dll
0x00007ffea7690000 - 0x00007ffea7815000 	C:\Windows\system32\GDI32.dll
0x00007ffe8f140000 - 0x00007ffe8f3b4000 	C:\Windows\WinSxS\amd64_microsoft.windows.common-controls_6595b64144ccf1df_6.0.10240.16384_none_f41f7b285750ef43\COMCTL32.dll
0x00007ffea7650000 - 0x00007ffea7686000 	C:\Windows\system32\IMM32.DLL
0x00007ffea7130000 - 0x00007ffea728c000 	C:\Windows\system32\MSCTF.dll
0x00000000501e0000 - 0x00000000502b2000 	C:\Program Files\Android\Android Studio\jre\jre\bin\msvcr100.dll
0x00000000777c0000 - 0x0000000077ff4000 	C:\Program Files\Android\Android Studio\jre\jre\bin\server\jvm.dll
0x00007ffea7290000 - 0x00007ffea7298000 	C:\Windows\system32\PSAPI.DLL
0x00007ffe8b130000 - 0x00007ffe8b139000 	C:\Windows\SYSTEM32\WSOCK32.dll
0x00007ffe9a0c0000 - 0x00007ffe9a0e3000 	C:\Windows\SYSTEM32\WINMM.dll
0x00007ffea6b10000 - 0x00007ffea6b79000 	C:\Windows\system32\WS2_32.dll
0x00007ffea7120000 - 0x00007ffea7128000 	C:\Windows\system32\NSI.dll
0x00007ffe9bb20000 - 0x00007ffe9bb2a000 	C:\Windows\SYSTEM32\VERSION.dll
0x00007ffe9a090000 - 0x00007ffe9a0bc000 	C:\Windows\SYSTEM32\WINMMBASE.dll
0x00007ffea4870000 - 0x00007ffea48b4000 	C:\Windows\system32\cfgmgr32.dll
0x00007ffea2eb0000 - 0x00007ffea2ed7000 	C:\Windows\SYSTEM32\DEVOBJ.dll
0x00007ffe8b180000 - 0x00007ffe8b18f000 	C:\Program Files\Android\Android Studio\jre\jre\bin\verify.dll
0x00007ffe7c620000 - 0x00007ffe7c649000 	C:\Program Files\Android\Android Studio\jre\jre\bin\java.dll
0x00007ffe7c600000 - 0x00007ffe7c616000 	C:\Program Files\Android\Android Studio\jre\jre\bin\zip.dll
0x00007ffea55e0000 - 0x00007ffea6b05000 	C:\Windows\system32\SHELL32.dll
0x00007ffea4980000 - 0x00007ffea4fa8000 	C:\Windows\system32\windows.storage.dll
0x00007ffea7820000 - 0x00007ffea7a9c000 	C:\Windows\system32\combase.dll
0x00007ffea6c30000 - 0x00007ffea6c81000 	C:\Windows\system32\shlwapi.dll
0x00007ffea4560000 - 0x00007ffea456f000 	C:\Windows\system32\kernel.appcore.dll
0x00007ffea48c0000 - 0x00007ffea4973000 	C:\Windows\system32\shcore.dll
0x00007ffea4570000 - 0x00007ffea45ba000 	C:\Windows\system32\powrprof.dll
0x00007ffea4540000 - 0x00007ffea4553000 	C:\Windows\system32\profapi.dll

VM Arguments:
jvm_args: -Djava.awt.headless=true -Xmx1024M -Dfile.encoding=windows-1256 -Duser.country=US -Duser.language=en -Duser.variant 
java_command: com.android.dx.command.Main --dex --num-threads=4 --output C:\Users\FCC\Desktop\repos\mahanRepo\Aspa - Copy\app\build\intermediates\pre-dexed\debug\com.android.support-design-25.1.0_d7fcfb01b6a7f2ae482cac2add639d50796c4259.jar C:\Users\FCC\Desktop\repos\mahanRepo\Aspa - Copy\app\build\intermediates\exploded-aar\com.android.support\design\25.1.0\jars\classes.jar
java_class_path (initial): C:\Users\FCC\AppData\Local\Android\AndroidSDK\build-tools\23.0.3\lib\dx.jar
Launcher Type: SUN_STANDARD

Environment Variables:
PATH=C:\ProgramData\Oracle\Java\javapath;C:\Program Files\Microsoft MPI\Bin\;C:\Program Files (x86)\Intel\iCLS Client\;C:\Program Files\Intel\iCLS Client\;C:\Windows\system32;C:\Windows;C:\Windows\System32\Wbem;C:\Windows\System32\WindowsPowerShell\v1.0\;C:\Program Files (x86)\Intel\Intel(R) Management Engine Components\DAL;C:\Program Files\Intel\Intel(R) Management Engine Components\DAL;C:\Program Files (x86)\Intel\Intel(R) Management Engine Components\IPT;C:\Program Files\Intel\Intel(R) Management Engine Components\IPT;C:\Program Files\Microsoft SQL Server\120\Tools\Binn\;C:\Program Files\Microsoft SQL Server\130\Tools\Binn\;C:\Program Files (x86)\Microsoft SQL Server\130\Tools\Binn\;C:\Program Files (x86)\Microsoft SQL Server\130\DTS\Binn\;C:\Program Files\Microsoft SQL Server\130\DTS\Binn\;C:\Program Files\Microsoft SQL Server\Client SDK\ODBC\130\Tools\Binn\;C:\Program Files\Git\cmd
USERNAME=FCC
OS=Windows_NT
PROCESSOR_IDENTIFIER=Intel64 Family 6 Model 94 Stepping 3, GenuineIntel



---------------  S Y S T E M  ---------------

OS: Windows 10.0 , 64 bit Build 10240 (10.0.10240.16384)

CPU:total 4 (4 cores per cpu, 1 threads per core) family 6 model 94 stepping 3, cmov, cx8, fxsr, mmx, sse, sse2, sse3, ssse3, sse4.1, sse4.2, popcnt, avx, avx2, aes, clmul, erms, rtm, 3dnowpref, lzcnt, tsc, tscinvbit, bmi1, bmi2, adx

Memory: 4k page, physical 8261104k(863504k free), swap 13794840k(3016k free)

vm_info: OpenJDK 64-Bit Server VM (25.76-b03) for windows-amd64 JRE (1.8.0_76-release-b03), built on Jun 29 2016 19:09:20 by "ralucas" with MS VC++ 10.0 (VS2010)

time: Tue Feb 28 13:20:05 2017
elapsed time: 5 seconds (0d 0h 0m 5s)

