#
# There is insufficient memory for the Java Runtime Environment to continue.
# Native memory allocation (malloc) failed to allocate 668976 bytes for Chunk::new
# Possible reasons:
#   The system is out of physical RAM or swap space
#   In 32 bit mode, the process size limit was hit
# Possible solutions:
#   Reduce memory load on the system
#   Increase physical memory or swap space
#   Check if swap backing store is full
#   Use 64 bit Java on a 64 bit OS
#   Decrease Java heap size (-Xmx/-Xms)
#   Decrease number of Java threads
#   Decrease Java thread stack sizes (-Xss)
#   Set larger code cache with -XX:ReservedCodeCacheSize=
# This output file may be truncated or incomplete.
#
#  Out of Memory Error (allocation.cpp:390), pid=4176, tid=0x00000000000028e4
#
# JRE version: OpenJDK Runtime Environment (8.0_76-b03) (build 1.8.0_76-release-b03)
# Java VM: OpenJDK 64-Bit Server VM (25.76-b03 mixed mode windows-amd64 compressed oops)
# Failed to write core dump. Minidumps are not enabled by default on client versions of Windows
#

---------------  T H R E A D  ---------------

Current thread (0x0000000015228000):  JavaThread "C2 CompilerThread0" daemon [_thread_in_native, id=10468, stack(0x0000000016810000,0x0000000016910000)]

Stack: [0x0000000016810000,0x0000000016910000]
[error occurred during error reporting (printing stack bounds), id 0xc0000005]

Native frames: (J=compiled Java code, j=interpreted, Vv=VM code, C=native code)


Current CompileTask:
C2:   5589 1597       4       com.android.dx.dex.code.RopToDop::dopFor (792 bytes)


---------------  P R O C E S S  ---------------

Java Threads: ( => current thread )
  0x0000000016c68800 JavaThread "pool-1-thread-3" [_thread_in_vm, id=6436, stack(0x0000000017410000,0x0000000017510000)]
  0x0000000016b96800 JavaThread "pool-2-thread-1" [_thread_blocked, id=12660, stack(0x0000000017210000,0x0000000017310000)]
  0x0000000016b9e800 JavaThread "pool-1-thread-1" [_thread_in_Java, id=8628, stack(0x0000000017110000,0x0000000017210000)]
  0x0000000016a76000 JavaThread "Service Thread" daemon [_thread_blocked, id=10408, stack(0x0000000016f10000,0x0000000017010000)]
  0x000000001523c000 JavaThread "C1 CompilerThread2" daemon [_thread_blocked, id=10276, stack(0x0000000016e10000,0x0000000016f10000)]
  0x000000001522b800 JavaThread "C2 CompilerThread1" daemon [_thread_in_native, id=11104, stack(0x0000000016910000,0x0000000016a10000)]
=>0x0000000015228000 JavaThread "C2 CompilerThread0" daemon [_thread_in_native, id=10468, stack(0x0000000016810000,0x0000000016910000)]
  0x0000000015226800 JavaThread "Attach Listener" daemon [_thread_blocked, id=2924, stack(0x0000000016710000,0x0000000016810000)]
  0x00000000151d5800 JavaThread "Signal Dispatcher" daemon [_thread_blocked, id=7616, stack(0x0000000016610000,0x0000000016710000)]
  0x0000000002b0b000 JavaThread "Finalizer" daemon [_thread_blocked, id=12880, stack(0x0000000016430000,0x0000000016530000)]
  0x0000000002b00000 JavaThread "Reference Handler" daemon [_thread_blocked, id=9376, stack(0x0000000016330000,0x0000000016430000)]
  0x0000000002a10800 JavaThread "main" [_thread_blocked, id=1176, stack(0x0000000002910000,0x0000000002a10000)]

Other Threads:
  0x00000000151a5800 VMThread [stack: 0x0000000016230000,0x0000000016330000] [id=10796]
  0x0000000016a78000 WatcherThread [stack: 0x0000000017010000,0x0000000017110000] [id=8576]

VM state:not at safepoint (normal execution)

VM Mutex/Monitor currently owned by a thread: None

Heap:
 PSYoungGen      total 71680K, used 43691K [0x00000000eab00000, 0x00000000ef600000, 0x0000000100000000)
  eden space 66560K, 57% used [0x00000000eab00000,0x00000000ed0ac0f0,0x00000000eec00000)
  from space 5120K, 99% used [0x00000000ef100000,0x00000000ef5fee60,0x00000000ef600000)
  to   space 5120K, 0% used [0x00000000eec00000,0x00000000eec00000,0x00000000ef100000)
 ParOldGen       total 87552K, used 6839K [0x00000000c0000000, 0x00000000c5580000, 0x00000000eab00000)
  object space 87552K, 7% used [0x00000000c0000000,0x00000000c06addc8,0x00000000c5580000)
 Metaspace       used 6029K, capacity 7088K, committed 7296K, reserved 1056768K
  class space    used 569K, capacity 616K, committed 640K, reserved 1048576K

Card table byte_map: [0x0000000011ed0000,0x00000000120e0000] byte_map_base: 0x00000000118d0000

Marking Bits: (ParMarkBitMap*) 0x0000000077f79d00
 Begin Bits: [0x0000000012640000, 0x0000000013640000)
 End Bits:   [0x0000000013640000, 0x0000000014640000)

Polling page: 0x0000000002700000

CodeCache: size=245760Kb used=6481Kb max_used=6497Kb free=239278Kb
 bounds [0x0000000002b10000, 0x0000000003180000, 0x0000000011b10000]
 total_blobs=1826 nmethods=1564 adapters=176
 compilation: enabled

Compilation events (10 events):
Event: 5.426 Thread 0x000000001522b800 1594       4       com.android.dx.rop.code.ThrowingCstInsn::withNewRegisters (25 bytes)
Event: 5.428 Thread 0x000000001522b800 nmethod 1594 0x0000000003139910 code [0x0000000003139a60, 0x0000000003139c98]
Event: 5.428 Thread 0x0000000015228000 1595       4       com.android.dx.dex.code.RopTranslator$LocalVariableAwareTranslationVisitor::visitThrowingCstInsn (11 bytes)
Event: 5.448 Thread 0x000000001522b800 1596       4       com.android.dx.dex.code.RopTranslator$TranslationVisitor::visitThrowingCstInsn (225 bytes)
Event: 5.469 Thread 0x0000000015228000 nmethod 1595 0x0000000003166a10 code [0x0000000003166ce0, 0x0000000003169110]
Event: 5.477 Thread 0x000000001522b800 nmethod 1596 0x000000000316c690 code [0x000000000316c8e0, 0x000000000316e4a8]
Event: 5.477 Thread 0x0000000015228000 1597       4       com.android.dx.dex.code.RopToDop::dopFor (792 bytes)
Event: 5.572 Thread 0x000000001523c000 1598       3       com.android.dx.dex.file.AnnotationItem::<init> (41 bytes)
Event: 5.572 Thread 0x000000001523c000 nmethod 1598 0x0000000003138f10 code [0x00000000031390c0, 0x00000000031396d8]
Event: 5.573 Thread 0x000000001522b800 1599       4       com.android.dx.rop.code.Rops::ropFor (771 bytes)

GC Heap History (4 events):
Event: 2.324 GC heap before
{Heap before GC invocations=1 (full 0):
 PSYoungGen      total 38400K, used 33280K [0x00000000eab00000, 0x00000000ed580000, 0x0000000100000000)
  eden space 33280K, 100% used [0x00000000eab00000,0x00000000ecb80000,0x00000000ecb80000)
  from space 5120K, 0% used [0x00000000ed080000,0x00000000ed080000,0x00000000ed580000)
  to   space 5120K, 0% used [0x00000000ecb80000,0x00000000ecb80000,0x00000000ed080000)
 ParOldGen       total 87552K, used 0K [0x00000000c0000000, 0x00000000c5580000, 0x00000000eab00000)
  object space 87552K, 0% used [0x00000000c0000000,0x00000000c0000000,0x00000000c5580000)
 Metaspace       used 5800K, capacity 6896K, committed 7040K, reserved 1056768K
  class space    used 568K, capacity 616K, committed 640K, reserved 1048576K
Event: 3.179 GC heap after
Heap after GC invocations=1 (full 0):
 PSYoungGen      total 38400K, used 5107K [0x00000000eab00000, 0x00000000ef600000, 0x0000000100000000)
  eden space 33280K, 0% used [0x00000000eab00000,0x00000000eab00000,0x00000000ecb80000)
  from space 5120K, 99% used [0x00000000ecb80000,0x00000000ed07ce08,0x00000000ed080000)
  to   space 5120K, 0% used [0x00000000ef100000,0x00000000ef100000,0x00000000ef600000)
 ParOldGen       total 87552K, used 2048K [0x00000000c0000000, 0x00000000c5580000, 0x00000000eab00000)
  object space 87552K, 2% used [0x00000000c0000000,0x00000000c02003f8,0x00000000c5580000)
 Metaspace       used 5800K, capacity 6896K, committed 7040K, reserved 1056768K
  class space    used 568K, capacity 616K, committed 640K, reserved 1048576K
}
Event: 4.280 GC heap before
{Heap before GC invocations=2 (full 0):
 PSYoungGen      total 38400K, used 38387K [0x00000000eab00000, 0x00000000ef600000, 0x0000000100000000)
  eden space 33280K, 100% used [0x00000000eab00000,0x00000000ecb80000,0x00000000ecb80000)
  from space 5120K, 99% used [0x00000000ecb80000,0x00000000ed07ce08,0x00000000ed080000)
  to   space 5120K, 0% used [0x00000000ef100000,0x00000000ef100000,0x00000000ef600000)
 ParOldGen       total 87552K, used 2048K [0x00000000c0000000, 0x00000000c5580000, 0x00000000eab00000)
  object space 87552K, 2% used [0x00000000c0000000,0x00000000c02003f8,0x00000000c5580000)
 Metaspace       used 5992K, capacity 7088K, committed 7296K, reserved 1056768K
  class space    used 568K, capacity 616K, committed 640K, reserved 1048576K
Event: 4.654 GC heap after
Heap after GC invocations=2 (full 0):
 PSYoungGen      total 71680K, used 5115K [0x00000000eab00000, 0x00000000ef600000, 0x0000000100000000)
  eden space 66560K, 0% used [0x00000000eab00000,0x00000000eab00000,0x00000000eec00000)
  from space 5120K, 99% used [0x00000000ef100000,0x00000000ef5fee60,0x00000000ef600000)
  to   space 5120K, 0% used [0x00000000eec00000,0x00000000eec00000,0x00000000ef100000)
 ParOldGen       total 87552K, used 6839K [0x00000000c0000000, 0x00000000c5580000, 0x00000000eab00000)
  object space 87552K, 7% used [0x00000000c0000000,0x00000000c06addc8,0x00000000c5580000)
 Metaspace       used 5992K, capacity 7088K, committed 7296K, reserved 1056768K
  class space    used 568K, capacity 616K, committed 640K, reserved 1048576K
}

Deoptimization events (10 events):
Event: 3.235 Thread 0x0000000002a10800 Uncommon trap: reason=bimorphic action=maybe_recompile pc=0x0000000002e4920c method=java.util.HashMap.getNode(ILjava/lang/Object;)Ljava/util/HashMap$Node; @ 126
Event: 3.235 Thread 0x0000000002a10800 Uncommon trap: reason=class_check action=maybe_recompile pc=0x0000000002e929bc method=java.util.HashMap.putVal(ILjava/lang/Object;Ljava/lang/Object;ZZ)Ljava/lang/Object; @ 203
Event: 3.235 Thread 0x0000000002a10800 Uncommon trap: reason=bimorphic action=maybe_recompile pc=0x0000000002e4920c method=java.util.HashMap.getNode(ILjava/lang/Object;)Ljava/util/HashMap$Node; @ 126
Event: 3.235 Thread 0x0000000002a10800 Uncommon trap: reason=bimorphic action=maybe_recompile pc=0x0000000002e4920c method=java.util.HashMap.getNode(ILjava/lang/Object;)Ljava/util/HashMap$Node; @ 126
Event: 3.235 Thread 0x0000000002a10800 Uncommon trap: reason=unstable_if action=reinterpret pc=0x0000000002e29b5c method=com.android.dx.rop.cst.Constant.compareTo(Lcom/android/dx/rop/cst/Constant;)I @ 12
Event: 3.235 Thread 0x0000000002a10800 Uncommon trap: reason=class_check action=maybe_recompile pc=0x0000000002e929bc method=java.util.HashMap.putVal(ILjava/lang/Object;Ljava/lang/Object;ZZ)Ljava/lang/Object; @ 203
Event: 3.402 Thread 0x0000000016c71800 Uncommon trap: reason=unstable_if action=reinterpret pc=0x00000000030166cc method=com.android.dx.ssa.SCCP.simulateStmt(Lcom/android/dx/ssa/SsaInsn;)V @ 59
Event: 4.813 Thread 0x0000000016c68800 Uncommon trap: reason=null_check action=make_not_entrant pc=0x0000000002f0e178 method=com.android.dx.ssa.SsaRenamer.getLocalForNewReg(I)Lcom/android/dx/rop/code/LocalItem; @ 19
Event: 4.817 Thread 0x0000000016c68800 Uncommon trap: reason=unstable_if action=reinterpret pc=0x000000000306d400 method=com.android.dx.util.BitIntSet.has(I)Z @ 8
Event: 4.819 Thread 0x0000000016b9e800 Uncommon trap: reason=unstable_if action=reinterpret pc=0x0000000002e4a87c method=com.android.dx.util.IntList.binarysearch(I)I @ 105

Internal exceptions (4 events):
Event: 0.021 Thread 0x0000000002a10800 Exception <a 'java/lang/NoSuchMethodError': Method sun.misc.Unsafe.defineClass(Ljava/lang/String;[BII)Ljava/lang/Class; name or signature does not match> (0x00000000eab07cc0) thrown at [C:\src\android\AOSP-openjdk\external\jetbrains\jdk\hotspot\src\share\võ?ß9•?
Event: 0.021 Thread 0x0000000002a10800 Exception <a 'java/lang/NoSuchMethodError': Method sun.misc.Unsafe.prefetchRead(Ljava/lang/Object;J)V name or signature does not match> (0x00000000eab07fa8) thrown at [C:\src\android\AOSP-openjdk\external\jetbrains\jdk\hotspot\src\share\vm\prims\jni.cpp, l@HÁ¨Pÿô?
Event: 1.312 Thread 0x0000000016c71800 Implicit null exception at 0x0000000002e2ac62 to 0x0000000002e2ad5a
Event: 4.813 Thread 0x0000000016c68800 Implicit null exception at 0x0000000002f0d04c to 0x0000000002f0e151

Events (10 events):
Event: 4.860 Thread 0x0000000016c67800 DEOPT PACKING pc=0x0000000002e4ef75 sp=0x000000001740e8d0
Event: 4.860 Thread 0x0000000016c67800 DEOPT UNPACKING pc=0x0000000002b575bf sp=0x000000001740e638 mode 0
Event: 4.861 loading class java/util/HashMap$KeySet
Event: 4.861 loading class java/util/HashMap$KeySet done
Event: 4.861 loading class java/util/HashMap$KeyIterator
Event: 4.861 loading class java/util/HashMap$KeyIterator done
Event: 4.864 Thread 0x0000000016c71800 Thread exited: 0x0000000016c71800
Event: 4.983 Thread 0x0000000016c67800 DEOPT PACKING pc=0x0000000002f01112 sp=0x000000001740e9b0
Event: 4.983 Thread 0x0000000016c67800 DEOPT UNPACKING pc=0x0000000002b575bf sp=0x000000001740e718 mode 0
Event: 5.018 Thread 0x0000000016c67800 Thread exited: 0x0000000016c67800


Dynamic libraries:
0x00007ff66ade0000 - 0x00007ff66ae11000 	C:\Program Files\Android\Android Studio\jre\bin\java.exe
0x00007ffea7b10000 - 0x00007ffea7cd2000 	C:\Windows\SYSTEM32\ntdll.dll
0x00007ffea6c90000 - 0x00007ffea6d3d000 	C:\Windows\system32\KERNEL32.DLL
0x00007ffea45e0000 - 0x00007ffea47bd000 	C:\Windows\system32\KERNELBASE.dll
0x00007ffea72a0000 - 0x00007ffea7346000 	C:\Windows\system32\ADVAPI32.dll
0x00007ffea7350000 - 0x00007ffea73ed000 	C:\Windows\system32\msvcrt.dll
0x00007ffea75f0000 - 0x00007ffea764b000 	C:\Windows\system32\sechost.dll
0x00007ffea73f0000 - 0x00007ffea7516000 	C:\Windows\system32\RPCRT4.dll
0x00007ffea6ef0000 - 0x00007ffea703e000 	C:\Windows\system32\USER32.dll
0x00007ffea7690000 - 0x00007ffea7815000 	C:\Windows\system32\GDI32.dll
0x00007ffe8f140000 - 0x00007ffe8f3b4000 	C:\Windows\WinSxS\amd64_microsoft.windows.common-controls_6595b64144ccf1df_6.0.10240.16384_none_f41f7b285750ef43\COMCTL32.dll
0x00007ffea7650000 - 0x00007ffea7686000 	C:\Windows\system32\IMM32.DLL
0x00007ffea7130000 - 0x00007ffea728c000 	C:\Windows\system32\MSCTF.dll
0x00000000501e0000 - 0x00000000502b2000 	C:\Program Files\Android\Android Studio\jre\jre\bin\msvcr100.dll
0x00000000777c0000 - 0x0000000077ff4000 	C:\Program Files\Android\Android Studio\jre\jre\bin\server\jvm.dll
0x00007ffea7290000 - 0x00007ffea7298000 	C:\Windows\system32\PSAPI.DLL
0x00007ffe8b130000 - 0x00007ffe8b139000 	C:\Windows\SYSTEM32\WSOCK32.dll
0x00007ffea6b10000 - 0x00007ffea6b79000 	C:\Windows\system32\WS2_32.dll
0x00007ffea7120000 - 0x00007ffea7128000 	C:\Windows\system32\NSI.dll
0x00007ffe9a0c0000 - 0x00007ffe9a0e3000 	C:\Windows\SYSTEM32\WINMM.dll
0x00007ffe9bb20000 - 0x00007ffe9bb2a000 	C:\Windows\SYSTEM32\VERSION.dll
0x00007ffe9a090000 - 0x00007ffe9a0bc000 	C:\Windows\SYSTEM32\WINMMBASE.dll
0x00007ffea4870000 - 0x00007ffea48b4000 	C:\Windows\system32\cfgmgr32.dll
0x00007ffea2eb0000 - 0x00007ffea2ed7000 	C:\Windows\SYSTEM32\DEVOBJ.dll
0x00007ffe8b180000 - 0x00007ffe8b18f000 	C:\Program Files\Android\Android Studio\jre\jre\bin\verify.dll
0x00007ffe7c620000 - 0x00007ffe7c649000 	C:\Program Files\Android\Android Studio\jre\jre\bin\java.dll
0x00007ffe7c600000 - 0x00007ffe7c616000 	C:\Program Files\Android\Android Studio\jre\jre\bin\zip.dll
0x00007ffea55e0000 - 0x00007ffea6b05000 	C:\Windows\system32\SHELL32.dll
0x00007ffea4980000 - 0x00007ffea4fa8000 	C:\Windows\system32\windows.storage.dll
0x00007ffea7820000 - 0x00007ffea7a9c000 	C:\Windows\system32\combase.dll
0x00007ffea6c30000 - 0x00007ffea6c81000 	C:\Windows\system32\shlwapi.dll
0x00007ffea4560000 - 0x00007ffea456f000 	C:\Windows\system32\kernel.appcore.dll
0x00007ffea48c0000 - 0x00007ffea4973000 	C:\Windows\system32\shcore.dll
0x00007ffea4570000 - 0x00007ffea45ba000 	C:\Windows\system32\powrprof.dll
0x00007ffea4540000 - 0x00007ffea4553000 	C:\Windows\system32\profapi.dll

VM Arguments:
jvm_args: -Djava.awt.headless=true -Xmx1024M -Dfile.encoding=windows-1256 -Duser.country=US -Duser.language=en -Duser.variant 
java_command: com.android.dx.command.Main --dex --num-threads=4 --output C:\Users\FCC\Desktop\repos\mahanRepo\Aspa - Copy\app\build\intermediates\pre-dexed\debug\com.android.support-support-fragment-25.1.0_b893cfecd49d761377e9c8b8aeeeb6d9ffbd7894.jar C:\Users\FCC\Desktop\repos\mahanRepo\Aspa - Copy\app\build\intermediates\exploded-aar\com.android.support\support-fragment\25.1.0\jars\classes.jar
java_class_path (initial): C:\Users\FCC\AppData\Local\Android\AndroidSDK\build-tools\23.0.3\lib\dx.jar
Launcher Type: SUN_STANDARD

Environment Variables:
PATH=C:\ProgramData\Oracle\Java\javapath;C:\Program Files\Microsoft MPI\Bin\;C:\Program Files (x86)\Intel\iCLS Client\;C:\Program Files\Intel\iCLS Client\;C:\Windows\system32;C:\Windows;C:\Windows\System32\Wbem;C:\Windows\System32\WindowsPowerShell\v1.0\;C:\Program Files (x86)\Intel\Intel(R) Management Engine Components\DAL;C:\Program Files\Intel\Intel(R) Management Engine Components\DAL;C:\Program Files (x86)\Intel\Intel(R) Management Engine Components\IPT;C:\Program Files\Intel\Intel(R) Management Engine Components\IPT;C:\Program Files\Microsoft SQL Server\120\Tools\Binn\;C:\Program Files\Microsoft SQL Server\130\Tools\Binn\;C:\Program Files (x86)\Microsoft SQL Server\130\Tools\Binn\;C:\Program Files (x86)\Microsoft SQL Server\130\DTS\Binn\;C:\Program Files\Microsoft SQL Server\130\DTS\Binn\;C:\Program Files\Microsoft SQL Server\Client SDK\ODBC\130\Tools\Binn\;C:\Program Files\Git\cmd
USERNAME=FCC
OS=Windows_NT
PROCESSOR_IDENTIFIER=Intel64 Family 6 Model 94 Stepping 3, GenuineIntel



---------------  S Y S T E M  ---------------

OS: Windows 10.0 , 64 bit Build 10240 (10.0.10240.16384)

CPU:total 4 (4 cores per cpu, 1 threads per core) family 6 model 94 stepping 3, cmov, cx8, fxsr, mmx, sse, sse2, sse3, ssse3, sse4.1, sse4.2, popcnt, avx, avx2, aes, clmul, erms, rtm, 3dnowpref, lzcnt, tsc, tscinvbit, bmi1, bmi2, adx

Memory: 4k page, physical 8261104k(866688k free), swap 13794840k(4040k free)

vm_info: OpenJDK 64-Bit Server VM (25.76-b03) for windows-amd64 JRE (1.8.0_76-release-b03), built on Jun 29 2016 19:09:20 by "ralucas" with MS VC++ 10.0 (VS2010)

time: Tue Feb 28 13:20:05 2017
elapsed time: 5 seconds (0d 0h 0m 5s)

