#
# There is insufficient memory for the Java Runtime Environment to continue.
# Native memory allocation (malloc) failed to allocate 719056 bytes for Chunk::new
# Possible reasons:
#   The system is out of physical RAM or swap space
#   In 32 bit mode, the process size limit was hit
# Possible solutions:
#   Reduce memory load on the system
#   Increase physical memory or swap space
#   Check if swap backing store is full
#   Use 64 bit Java on a 64 bit OS
#   Decrease Java heap size (-Xmx/-Xms)
#   Decrease number of Java threads
#   Decrease Java thread stack sizes (-Xss)
#   Set larger code cache with -XX:ReservedCodeCacheSize=
# This output file may be truncated or incomplete.
#
#  Out of Memory Error (allocation.cpp:390), pid=15880, tid=0x00000000000020bc
#
# JRE version: OpenJDK Runtime Environment (8.0_76-b03) (build 1.8.0_76-release-b03)
# Java VM: OpenJDK 64-Bit Server VM (25.76-b03 mixed mode windows-amd64 compressed oops)
# Failed to write core dump. Minidumps are not enabled by default on client versions of Windows
#

---------------  T H R E A D  ---------------

Current thread (0x00000000153dc000):  JavaThread "C2 CompilerThread1" daemon [_thread_in_native, id=8380, stack(0x0000000016ac0000,0x0000000016bc0000)]

Stack: [0x0000000016ac0000,0x0000000016bc0000]
[error occurred during error reporting (printing stack bounds), id 0xc0000005]

Native frames: (J=compiled Java code, j=interpreted, Vv=VM code, C=native code)


Current CompileTask:
C2:   4182 1507   !   4       com.android.dx.cf.code.RopperMachine::run (1550 bytes)


---------------  P R O C E S S  ---------------

Java Threads: ( => current thread )
  0x0000000016eac000 JavaThread "pool-2-thread-4" [_thread_blocked, id=13704, stack(0x00000000176c0000,0x00000000177c0000)]
  0x0000000016eab800 JavaThread "pool-2-thread-3" [_thread_blocked, id=7164, stack(0x00000000175c0000,0x00000000176c0000)]
  0x0000000016eaa800 JavaThread "pool-2-thread-2" [_thread_in_Java, id=5848, stack(0x00000000174c0000,0x00000000175c0000)]
  0x0000000016efe800 JavaThread "pool-3-thread-1" [_thread_blocked, id=12492, stack(0x00000000173c0000,0x00000000174c0000)]
  0x0000000016efe000 JavaThread "pool-2-thread-1" [_thread_blocked, id=11588, stack(0x00000000172c0000,0x00000000173c0000)]
  0x0000000016c0c000 JavaThread "Service Thread" daemon [_thread_blocked, id=4116, stack(0x00000000170c0000,0x00000000171c0000)]
  0x0000000016c0a000 JavaThread "C1 CompilerThread2" daemon [_thread_blocked, id=10636, stack(0x0000000016fc0000,0x00000000170c0000)]
=>0x00000000153dc000 JavaThread "C2 CompilerThread1" daemon [_thread_in_native, id=8380, stack(0x0000000016ac0000,0x0000000016bc0000)]
  0x00000000153d8800 JavaThread "C2 CompilerThread0" daemon [_thread_in_native, id=14648, stack(0x00000000169c0000,0x0000000016ac0000)]
  0x00000000153d7000 JavaThread "Attach Listener" daemon [_thread_blocked, id=9236, stack(0x00000000168c0000,0x00000000169c0000)]
  0x00000000153d6800 JavaThread "Signal Dispatcher" daemon [_thread_blocked, id=11712, stack(0x00000000167c0000,0x00000000168c0000)]
  0x0000000002cbb000 JavaThread "Finalizer" daemon [_thread_blocked, id=8320, stack(0x00000000165e0000,0x00000000166e0000)]
  0x0000000002cb0800 JavaThread "Reference Handler" daemon [_thread_blocked, id=12696, stack(0x00000000164e0000,0x00000000165e0000)]
  0x0000000002bc0800 JavaThread "main" [_thread_blocked, id=6836, stack(0x00000000029e0000,0x0000000002ae0000)]

Other Threads:
  0x0000000015354800 VMThread [stack: 0x00000000163e0000,0x00000000164e0000] [id=15164]
  0x0000000016c0e000 WatcherThread [stack: 0x00000000171c0000,0x00000000172c0000] [id=15032]

VM state:not at safepoint (normal execution)

VM Mutex/Monitor currently owned by a thread: None

Heap:
 PSYoungGen      total 71680K, used 28797K [0x00000000eab00000, 0x00000000ef600000, 0x0000000100000000)
  eden space 66560K, 35% used [0x00000000eab00000,0x00000000ec226f38,0x00000000eec00000)
  from space 5120K, 99% used [0x00000000ef100000,0x00000000ef5f85e0,0x00000000ef600000)
  to   space 5120K, 0% used [0x00000000eec00000,0x00000000eec00000,0x00000000ef100000)
 ParOldGen       total 87552K, used 4774K [0x00000000c0000000, 0x00000000c5580000, 0x00000000eab00000)
  object space 87552K, 5% used [0x00000000c0000000,0x00000000c04a9850,0x00000000c5580000)
 Metaspace       used 6075K, capacity 7088K, committed 7296K, reserved 1056768K
  class space    used 567K, capacity 616K, committed 640K, reserved 1048576K

Card table byte_map: [0x0000000012080000,0x0000000012290000] byte_map_base: 0x0000000011a80000

Marking Bits: (ParMarkBitMap*) 0x0000000060b79d00
 Begin Bits: [0x00000000127f0000, 0x00000000137f0000)
 End Bits:   [0x00000000137f0000, 0x00000000147f0000)

Polling page: 0x0000000002920000

CodeCache: size=245760Kb used=6404Kb max_used=6404Kb free=239356Kb
 bounds [0x0000000002cc0000, 0x0000000003310000, 0x0000000011cc0000]
 total_blobs=1851 nmethods=1589 adapters=176
 compilation: enabled

Compilation events (10 events):
Event: 4.148 Thread 0x0000000016c0a000 1622       1       com.android.dx.rop.cst.CstLiteral32::isCategory2 (2 bytes)
Event: 4.148 Thread 0x0000000016c0a000 nmethod 1622 0x0000000003304390 code [0x00000000033044e0, 0x00000000033045f0]
Event: 4.148 Thread 0x0000000016c0a000 1623       2       com.android.dx.command.dexer.Main::access$1400 (4 bytes)
Event: 4.148 Thread 0x0000000016c0a000 nmethod 1623 0x0000000003304650 code [0x00000000033047a0, 0x00000000033048d0]
Event: 4.148 Thread 0x0000000016c0a000 1624       2       com.android.dx.cf.attrib.RawAttribute::<init> (17 bytes)
Event: 4.148 Thread 0x0000000016c0a000 nmethod 1624 0x0000000003304950 code [0x0000000003304ae0, 0x0000000003304e48]
Event: 4.148 Thread 0x0000000016c0a000 1626       2       com.android.dx.cf.attrib.RawAttribute::byteLength (11 bytes)
Event: 4.149 Thread 0x0000000016c0a000 nmethod 1626 0x0000000003305090 code [0x00000000033051e0, 0x0000000003305330]
Event: 4.149 Thread 0x0000000016c0a000 1625       2       com.android.dx.cf.attrib.RawAttribute::<init> (30 bytes)
Event: 4.149 Thread 0x0000000016c0a000 nmethod 1625 0x00000000033053d0 code [0x0000000003305560, 0x0000000003305878]

GC Heap History (4 events):
Event: 2.406 GC heap before
{Heap before GC invocations=1 (full 0):
 PSYoungGen      total 38400K, used 33280K [0x00000000eab00000, 0x00000000ed580000, 0x0000000100000000)
  eden space 33280K, 100% used [0x00000000eab00000,0x00000000ecb80000,0x00000000ecb80000)
  from space 5120K, 0% used [0x00000000ed080000,0x00000000ed080000,0x00000000ed580000)
  to   space 5120K, 0% used [0x00000000ecb80000,0x00000000ecb80000,0x00000000ed080000)
 ParOldGen       total 87552K, used 0K [0x00000000c0000000, 0x00000000c5580000, 0x00000000eab00000)
  object space 87552K, 0% used [0x00000000c0000000,0x00000000c0000000,0x00000000c5580000)
 Metaspace       used 5816K, capacity 6896K, committed 7040K, reserved 1056768K
  class space    used 567K, capacity 616K, committed 640K, reserved 1048576K
Event: 3.042 GC heap after
Heap after GC invocations=1 (full 0):
 PSYoungGen      total 38400K, used 5109K [0x00000000eab00000, 0x00000000ef600000, 0x0000000100000000)
  eden space 33280K, 0% used [0x00000000eab00000,0x00000000eab00000,0x00000000ecb80000)
  from space 5120K, 99% used [0x00000000ecb80000,0x00000000ed07d528,0x00000000ed080000)
  to   space 5120K, 0% used [0x00000000ef100000,0x00000000ef100000,0x00000000ef600000)
 ParOldGen       total 87552K, used 819K [0x00000000c0000000, 0x00000000c5580000, 0x00000000eab00000)
  object space 87552K, 0% used [0x00000000c0000000,0x00000000c00ccd50,0x00000000c5580000)
 Metaspace       used 5816K, capacity 6896K, committed 7040K, reserved 1056768K
  class space    used 567K, capacity 616K, committed 640K, reserved 1048576K
}
Event: 3.558 GC heap before
{Heap before GC invocations=2 (full 0):
 PSYoungGen      total 38400K, used 38389K [0x00000000eab00000, 0x00000000ef600000, 0x0000000100000000)
  eden space 33280K, 100% used [0x00000000eab00000,0x00000000ecb80000,0x00000000ecb80000)
  from space 5120K, 99% used [0x00000000ecb80000,0x00000000ed07d528,0x00000000ed080000)
  to   space 5120K, 0% used [0x00000000ef100000,0x00000000ef100000,0x00000000ef600000)
 ParOldGen       total 87552K, used 819K [0x00000000c0000000, 0x00000000c5580000, 0x00000000eab00000)
  object space 87552K, 0% used [0x00000000c0000000,0x00000000c00ccd50,0x00000000c5580000)
 Metaspace       used 6028K, capacity 7088K, committed 7296K, reserved 1056768K
  class space    used 567K, capacity 616K, committed 640K, reserved 1048576K
Event: 3.993 GC heap after
Heap after GC invocations=2 (full 0):
 PSYoungGen      total 71680K, used 5089K [0x00000000eab00000, 0x00000000ef600000, 0x0000000100000000)
  eden space 66560K, 0% used [0x00000000eab00000,0x00000000eab00000,0x00000000eec00000)
  from space 5120K, 99% used [0x00000000ef100000,0x00000000ef5f85e0,0x00000000ef600000)
  to   space 5120K, 0% used [0x00000000eec00000,0x00000000eec00000,0x00000000ef100000)
 ParOldGen       total 87552K, used 4774K [0x00000000c0000000, 0x00000000c5580000, 0x00000000eab00000)
  object space 87552K, 5% used [0x00000000c0000000,0x00000000c04a9850,0x00000000c5580000)
 Metaspace       used 6028K, capacity 7088K, committed 7296K, reserved 1056768K
  class space    used 567K, capacity 616K, committed 640K, reserved 1048576K
}

Deoptimization events (10 events):
Event: 2.361 Thread 0x0000000016eab800 Uncommon trap: reason=unstable_if action=reinterpret pc=0x0000000002f3d9ac method=java.util.HashMap.getNode(ILjava/lang/Object;)Ljava/util/HashMap$Node; @ 129
Event: 2.372 Thread 0x0000000016eab800 Uncommon trap: reason=unstable_if action=reinterpret pc=0x0000000002fb946c method=com.android.dx.rop.code.RegisterSpecSet.put(Lcom/android/dx/rop/code/RegisterSpec;)V @ 77
Event: 2.373 Thread 0x0000000016eab800 Uncommon trap: reason=unstable_if action=reinterpret pc=0x0000000002fc0ea0 method=com.android.dx.rop.code.RegisterSpecSet.put(Lcom/android/dx/rop/code/RegisterSpec;)V @ 77
Event: 3.147 Thread 0x0000000002bc0800 Uncommon trap: reason=unstable_if action=reinterpret pc=0x0000000002f9e300 method=java.lang.String.<init>([CII)V @ 18
Event: 3.148 Thread 0x0000000002bc0800 Uncommon trap: reason=unstable_if action=reinterpret pc=0x0000000002f71220 method=java.lang.String.<init>([CII)V @ 18
Event: 3.161 Thread 0x0000000016eaa800 Uncommon trap: reason=unstable_if action=reinterpret pc=0x0000000002f72a1c method=com.android.dx.rop.cst.Constant.compareTo(Lcom/android/dx/rop/cst/Constant;)I @ 12
Event: 4.071 Thread 0x0000000002bc0800 Uncommon trap: reason=uninitialized action=reinterpret pc=0x0000000003290094 method=com.android.dx.cf.code.BytecodeArray.parseInstruction(ILcom/android/dx/cf/code/BytecodeArray$Visitor;)I @ 999
Event: 4.073 Thread 0x0000000002bc0800 Uncommon trap: reason=bimorphic action=maybe_recompile pc=0x0000000003113d8c method=java.util.HashMap.putVal(ILjava/lang/Object;Ljava/lang/Object;ZZ)Ljava/lang/Object; @ 203
Event: 4.079 Thread 0x0000000002bc0800 Uncommon trap: reason=unstable_if action=reinterpret pc=0x000000000327cb38 method=com.android.dx.ssa.SCCP.simulateStmt(Lcom/android/dx/ssa/SsaInsn;)V @ 53
Event: 4.127 Thread 0x0000000016eac000 Uncommon trap: reason=unstable_if action=reinterpret pc=0x0000000003271234 method=com.android.dx.ssa.SCCP.simulateBranch(Lcom/android/dx/ssa/SsaInsn;)V @ 64

Internal exceptions (2 events):
Event: 0.026 Thread 0x0000000002bc0800 Exception <a 'java/lang/NoSuchMethodError': Method sun.misc.Unsafe.defineClass(Ljava/lang/String;[BII)Ljava/lang/Class; name or signature does not match> (0x00000000eab07cc0) thrown at [C:\src\android\AOSP-openjdk\external\jetbrains\jdk\hotspot\src\share\vªÎ;Ä•zš?
Event: 0.026 Thread 0x0000000002bc0800 Exception <a 'java/lang/NoSuchMethodError': Method sun.misc.Unsafe.prefetchRead(Ljava/lang/Object;J)V name or signature does not match> (0x00000000eab07fa8) thrown at [C:\src\android\AOSP-openjdk\external\jetbrains\jdk\hotspot\src\share\vm\prims\jni.cpp, l

Events (10 events):
Event: 4.079 Thread 0x0000000002bc0800 Uncommon trap: trap_request=0xffffff65 fr.pc=0x000000000327cb38
Event: 4.079 Thread 0x0000000002bc0800 DEOPT PACKING pc=0x000000000327cb38 sp=0x0000000002ade2b0
Event: 4.079 Thread 0x0000000002bc0800 DEOPT UNPACKING pc=0x0000000002d0556a sp=0x0000000002ade298 mode 2
Event: 4.121 Thread 0x0000000016efe000 DEOPT PACKING pc=0x000000000306d96d sp=0x00000000173be700
Event: 4.121 Thread 0x0000000016efe000 DEOPT UNPACKING pc=0x0000000002d075bf sp=0x00000000173be498 mode 0
Event: 4.127 Thread 0x0000000016eac000 Uncommon trap: trap_request=0xffffff65 fr.pc=0x0000000003271234
Event: 4.127 Thread 0x0000000016eac000 DEOPT PACKING pc=0x0000000003271234 sp=0x00000000177bec20
Event: 4.127 Thread 0x0000000016eac000 DEOPT UNPACKING pc=0x0000000002d0556a sp=0x00000000177bec30 mode 2
Event: 4.138 Thread 0x0000000016eaa800 DEOPT PACKING pc=0x000000000306d96d sp=0x00000000175be8a0
Event: 4.138 Thread 0x0000000016eaa800 DEOPT UNPACKING pc=0x0000000002d075bf sp=0x00000000175be638 mode 0


Dynamic libraries:
0x00007ff671860000 - 0x00007ff671891000 	C:\Program Files\Android\Android Studio\jre\bin\java.exe
0x00007ffc03e20000 - 0x00007ffc03fe2000 	C:\Windows\SYSTEM32\ntdll.dll
0x00007ffc03890000 - 0x00007ffc0393d000 	C:\Windows\system32\KERNEL32.DLL
0x00007ffc01310000 - 0x00007ffc014ed000 	C:\Windows\system32\KERNELBASE.dll
0x00007ffc03bc0000 - 0x00007ffc03c66000 	C:\Windows\system32\ADVAPI32.dll
0x00007ffc03ae0000 - 0x00007ffc03b7d000 	C:\Windows\system32\msvcrt.dll
0x00007ffc01a90000 - 0x00007ffc01aeb000 	C:\Windows\system32\sechost.dll
0x00007ffc014f0000 - 0x00007ffc01616000 	C:\Windows\system32\RPCRT4.dll
0x00007ffc01620000 - 0x00007ffc0176e000 	C:\Windows\system32\USER32.dll
0x00007ffc01d40000 - 0x00007ffc01ec5000 	C:\Windows\system32\GDI32.dll
0x00007ffbeb0d0000 - 0x00007ffbeb344000 	C:\Windows\WinSxS\amd64_microsoft.windows.common-controls_6595b64144ccf1df_6.0.10240.16384_none_f41f7b285750ef43\COMCTL32.dll
0x00007ffc03b80000 - 0x00007ffc03bb6000 	C:\Windows\system32\IMM32.DLL
0x00007ffc03400000 - 0x00007ffc0355c000 	C:\Windows\system32\MSCTF.dll
0x00000000602e0000 - 0x00000000603b2000 	C:\Program Files\Android\Android Studio\jre\jre\bin\msvcr100.dll
0x00000000603c0000 - 0x0000000060bf4000 	C:\Program Files\Android\Android Studio\jre\jre\bin\server\jvm.dll
0x00007ffc01a00000 - 0x00007ffc01a08000 	C:\Windows\system32\PSAPI.DLL
0x00007ffbe4230000 - 0x00007ffbe4239000 	C:\Windows\SYSTEM32\WSOCK32.dll
0x00007ffc01a20000 - 0x00007ffc01a89000 	C:\Windows\system32\WS2_32.dll
0x00007ffc01af0000 - 0x00007ffc01af8000 	C:\Windows\system32\NSI.dll
0x00007ffbf0dc0000 - 0x00007ffbf0de3000 	C:\Windows\SYSTEM32\WINMM.dll
0x00007ffbf7eb0000 - 0x00007ffbf7eba000 	C:\Windows\SYSTEM32\VERSION.dll
0x00007ffbf0d50000 - 0x00007ffbf0d7c000 	C:\Windows\SYSTEM32\WINMMBASE.dll
0x00007ffc010f0000 - 0x00007ffc01134000 	C:\Windows\system32\cfgmgr32.dll
0x00007ffbff1c0000 - 0x00007ffbff1e7000 	C:\Windows\SYSTEM32\DEVOBJ.dll
0x00007ffbf9c80000 - 0x00007ffbf9c8f000 	C:\Program Files\Android\Android Studio\jre\jre\bin\verify.dll
0x00007ffbf9630000 - 0x00007ffbf9659000 	C:\Program Files\Android\Android Studio\jre\jre\bin\java.dll
0x00007ffbf93d0000 - 0x00007ffbf93e6000 	C:\Program Files\Android\Android Studio\jre\jre\bin\zip.dll
0x00007ffc01ed0000 - 0x00007ffc033f5000 	C:\Windows\system32\SHELL32.dll
0x00007ffc008f0000 - 0x00007ffc00f18000 	C:\Windows\system32\windows.storage.dll
0x00007ffc03610000 - 0x00007ffc0388c000 	C:\Windows\system32\combase.dll
0x00007ffc03a80000 - 0x00007ffc03ad1000 	C:\Windows\system32\shlwapi.dll
0x00007ffc00870000 - 0x00007ffc0087f000 	C:\Windows\system32\kernel.appcore.dll
0x00007ffc01250000 - 0x00007ffc01303000 	C:\Windows\system32\shcore.dll
0x00007ffc008a0000 - 0x00007ffc008ea000 	C:\Windows\system32\powrprof.dll
0x00007ffc00850000 - 0x00007ffc00863000 	C:\Windows\system32\profapi.dll

VM Arguments:
jvm_args: -Djava.awt.headless=true -Xmx1024M -Dfile.encoding=windows-1256 -Duser.country=US -Duser.language=en -Duser.variant 
java_command: com.android.dx.command.Main --dex --force-jumbo --num-threads=4 --multi-dex --output C:\Users\FCC\Desktop\Aspa\app\build\intermediates\transforms\dex\debug\folders\1000\10\com.android.support-appcompat-v7-25.1.0_fcfd91ba8013ffcc33a655c06bef49d4d203d613 C:\Users\FCC\Desktop\Aspa\app\build\intermediates\exploded-aar\com.android.support\appcompat-v7\25.1.0\jars\classes.jar
java_class_path (initial): C:\Users\FCC\AppData\Local\Android\AndroidSDK\build-tools\23.0.3\lib\dx.jar
Launcher Type: SUN_STANDARD

Environment Variables:
PATH=C:\ProgramData\Oracle\Java\javapath;C:\Program Files\Microsoft MPI\Bin\;C:\Program Files (x86)\Intel\iCLS Client\;C:\Program Files\Intel\iCLS Client\;C:\Windows\system32;C:\Windows;C:\Windows\System32\Wbem;C:\Windows\System32\WindowsPowerShell\v1.0\;C:\Program Files (x86)\Intel\Intel(R) Management Engine Components\DAL;C:\Program Files\Intel\Intel(R) Management Engine Components\DAL;C:\Program Files (x86)\Intel\Intel(R) Management Engine Components\IPT;C:\Program Files\Intel\Intel(R) Management Engine Components\IPT;C:\Program Files\Microsoft SQL Server\120\Tools\Binn\;C:\Program Files\Microsoft SQL Server\130\Tools\Binn\;C:\Program Files (x86)\Microsoft SQL Server\130\Tools\Binn\;C:\Program Files (x86)\Microsoft SQL Server\130\DTS\Binn\;C:\Program Files\Microsoft SQL Server\130\DTS\Binn\;C:\Program Files\Microsoft SQL Server\Client SDK\ODBC\130\Tools\Binn\;C:\Program Files\Git\cmd
USERNAME=FCC
OS=Windows_NT
PROCESSOR_IDENTIFIER=Intel64 Family 6 Model 94 Stepping 3, GenuineIntel



---------------  S Y S T E M  ---------------

OS: Windows 10.0 , 64 bit Build 10240 (10.0.10240.16384)

CPU:total 4 (4 cores per cpu, 1 threads per core) family 6 model 94 stepping 3, cmov, cx8, fxsr, mmx, sse, sse2, sse3, ssse3, sse4.1, sse4.2, popcnt, avx, avx2, aes, clmul, erms, rtm, 3dnowpref, lzcnt, tsc, tscinvbit, bmi1, bmi2, adx

Memory: 4k page, physical 8261104k(636856k free), swap 12926808k(5268k free)

vm_info: OpenJDK 64-Bit Server VM (25.76-b03) for windows-amd64 JRE (1.8.0_76-release-b03), built on Jun 29 2016 19:09:20 by "ralucas" with MS VC++ 10.0 (VS2010)

time: Sun Feb 26 10:57:38 2017
elapsed time: 4 seconds (0d 0h 0m 4s)

