#
# There is insufficient memory for the Java Runtime Environment to continue.
# Native memory allocation (malloc) failed to allocate 65552 bytes for Chunk::new
# Possible reasons:
#   The system is out of physical RAM or swap space
#   In 32 bit mode, the process size limit was hit
# Possible solutions:
#   Reduce memory load on the system
#   Increase physical memory or swap space
#   Check if swap backing store is full
#   Use 64 bit Java on a 64 bit OS
#   Decrease Java heap size (-Xmx/-Xms)
#   Decrease number of Java threads
#   Decrease Java thread stack sizes (-Xss)
#   Set larger code cache with -XX:ReservedCodeCacheSize=
# This output file may be truncated or incomplete.
#
#  Out of Memory Error (allocation.cpp:390), pid=11048, tid=0x0000000000000ef8
#
# JRE version: OpenJDK Runtime Environment (8.0_76-b03) (build 1.8.0_76-release-b03)
# Java VM: OpenJDK 64-Bit Server VM (25.76-b03 mixed mode windows-amd64 compressed oops)
# Failed to write core dump. Minidumps are not enabled by default on client versions of Windows
#

---------------  T H R E A D  ---------------

Current thread (0x000000001511c800):  JavaThread "C2 CompilerThread0" daemon [_thread_in_native, id=3832, stack(0x0000000016700000,0x0000000016800000)]

Stack: [0x0000000016700000,0x0000000016800000]
[error occurred during error reporting (printing stack bounds), id 0xc0000005]

Native frames: (J=compiled Java code, j=interpreted, Vv=VM code, C=native code)


Current CompileTask:
C2:   5692 1742       4       com.android.dx.ssa.SsaMethod::mapRegisters (87 bytes)


---------------  P R O C E S S  ---------------

Java Threads: ( => current thread )
  0x0000000016bbf000 JavaThread "pool-1-thread-4" [_thread_in_Java, id=12592, stack(0x0000000017400000,0x0000000017500000)]
  0x0000000016bbe800 JavaThread "pool-1-thread-3" [_thread_blocked, id=12460, stack(0x0000000017300000,0x0000000017400000)]
  0x0000000016bbd000 JavaThread "pool-1-thread-2" [_thread_in_Java, id=11980, stack(0x0000000017200000,0x0000000017300000)]
  0x0000000016bb9800 JavaThread "pool-2-thread-1" [_thread_blocked, id=5816, stack(0x0000000017100000,0x0000000017200000)]
  0x0000000016b59000 JavaThread "pool-1-thread-1" [_thread_blocked, id=8916, stack(0x0000000017000000,0x0000000017100000)]
  0x0000000016959800 JavaThread "Service Thread" daemon [_thread_blocked, id=1312, stack(0x0000000016e00000,0x0000000016f00000)]
  0x000000001694b000 JavaThread "C1 CompilerThread2" daemon [_thread_blocked, id=380, stack(0x0000000016d00000,0x0000000016e00000)]
  0x0000000015120000 JavaThread "C2 CompilerThread1" daemon [_thread_in_native, id=5224, stack(0x0000000016800000,0x0000000016900000)]
=>0x000000001511c800 JavaThread "C2 CompilerThread0" daemon [_thread_in_native, id=3832, stack(0x0000000016700000,0x0000000016800000)]
  0x000000001511b800 JavaThread "Attach Listener" daemon [_thread_blocked, id=8460, stack(0x0000000016600000,0x0000000016700000)]
  0x0000000015118800 JavaThread "Signal Dispatcher" daemon [_thread_blocked, id=10424, stack(0x0000000016500000,0x0000000016600000)]
  0x00000000029fb800 JavaThread "Finalizer" daemon [_thread_blocked, id=12192, stack(0x0000000016320000,0x0000000016420000)]
  0x00000000029f0800 JavaThread "Reference Handler" daemon [_thread_blocked, id=3140, stack(0x0000000016220000,0x0000000016320000)]
  0x0000000002900800 JavaThread "main" [_thread_blocked, id=7236, stack(0x0000000002800000,0x0000000002900000)]

Other Threads:
  0x0000000015094800 VMThread [stack: 0x0000000016120000,0x0000000016220000] [id=2592]
  0x000000001695b800 WatcherThread [stack: 0x0000000016f00000,0x0000000017000000] [id=13220]

VM state:not at safepoint (normal execution)

VM Mutex/Monitor currently owned by a thread: None

Heap:
 PSYoungGen      total 71680K, used 13349K [0x00000000eab00000, 0x00000000ef600000, 0x0000000100000000)
  eden space 66560K, 12% used [0x00000000eab00000,0x00000000eb30b190,0x00000000eec00000)
  from space 5120K, 99% used [0x00000000ef100000,0x00000000ef5fe420,0x00000000ef600000)
  to   space 5120K, 0% used [0x00000000eec00000,0x00000000eec00000,0x00000000ef100000)
 ParOldGen       total 87552K, used 14940K [0x00000000c0000000, 0x00000000c5580000, 0x00000000eab00000)
  object space 87552K, 17% used [0x00000000c0000000,0x00000000c0e97218,0x00000000c5580000)
 Metaspace       used 6140K, capacity 7152K, committed 7296K, reserved 1056768K
  class space    used 568K, capacity 616K, committed 640K, reserved 1048576K

Card table byte_map: [0x0000000011dc0000,0x0000000011fd0000] byte_map_base: 0x00000000117c0000

Marking Bits: (ParMarkBitMap*) 0x0000000077f79d00
 Begin Bits: [0x0000000012530000, 0x0000000013530000)
 End Bits:   [0x0000000013530000, 0x0000000014530000)

Polling page: 0x0000000002730000

CodeCache: size=245760Kb used=8147Kb max_used=8172Kb free=237613Kb
 bounds [0x0000000002a00000, 0x0000000003210000, 0x0000000011a00000]
 total_blobs=2038 nmethods=1776 adapters=176
 compilation: enabled

Compilation events (10 events):
Event: 5.685 Thread 0x000000001694b000 nmethod 1799 0x00000000031e1cd0 code [0x00000000031e1e60, 0x00000000031e2118]
Event: 5.685 Thread 0x000000001694b000 1800   !   2       java.util.concurrent.locks.AbstractQueuedSynchronizer::acquireQueued (93 bytes)
Event: 5.685 Thread 0x000000001694b000 nmethod 1800 0x00000000031dfc10 code [0x00000000031dfde0, 0x00000000031e0318]
Event: 5.686 Thread 0x0000000015120000 nmethod 1794 0x00000000031f0e50 code [0x00000000031f0fc0, 0x00000000031f13f8]
Event: 5.686 Thread 0x0000000015120000 1797       4       com.android.dx.ssa.LocalVariableExtractor::processBlock (383 bytes)
Event: 5.690 Thread 0x000000001694b000 1802       2       com.android.dx.cf.code.LocalVariableList::itemToLocal (47 bytes)
Event: 5.690 Thread 0x000000001694b000 nmethod 1802 0x00000000031e1710 code [0x00000000031e18a0, 0x00000000031e1b38]
Event: 5.690 Thread 0x000000001694b000 1803       2       com.android.dx.cf.code.LocalVariableList::get (9 bytes)
Event: 5.690 Thread 0x000000001694b000 nmethod 1803 0x00000000031e1350 code [0x00000000031e14c0, 0x00000000031e1668]
Event: 5.690 Thread 0x000000001694b000 1804       2       com.android.dx.cf.code.LocalVariableList::set (21 bytes)

GC Heap History (8 events):
Event: 1.788 GC heap before
{Heap before GC invocations=1 (full 0):
 PSYoungGen      total 38400K, used 33280K [0x00000000eab00000, 0x00000000ed580000, 0x0000000100000000)
  eden space 33280K, 100% used [0x00000000eab00000,0x00000000ecb80000,0x00000000ecb80000)
  from space 5120K, 0% used [0x00000000ed080000,0x00000000ed080000,0x00000000ed580000)
  to   space 5120K, 0% used [0x00000000ecb80000,0x00000000ecb80000,0x00000000ed080000)
 ParOldGen       total 87552K, used 0K [0x00000000c0000000, 0x00000000c5580000, 0x00000000eab00000)
  object space 87552K, 0% used [0x00000000c0000000,0x00000000c0000000,0x00000000c5580000)
 Metaspace       used 5829K, capacity 6896K, committed 7040K, reserved 1056768K
  class space    used 567K, capacity 616K, committed 640K, reserved 1048576K
Event: 1.795 GC heap after
Heap after GC invocations=1 (full 0):
 PSYoungGen      total 38400K, used 5090K [0x00000000eab00000, 0x00000000ed580000, 0x0000000100000000)
  eden space 33280K, 0% used [0x00000000eab00000,0x00000000eab00000,0x00000000ecb80000)
  from space 5120K, 99% used [0x00000000ecb80000,0x00000000ed078bf8,0x00000000ed080000)
  to   space 5120K, 0% used [0x00000000ed080000,0x00000000ed080000,0x00000000ed580000)
 ParOldGen       total 87552K, used 1293K [0x00000000c0000000, 0x00000000c5580000, 0x00000000eab00000)
  object space 87552K, 1% used [0x00000000c0000000,0x00000000c01434e8,0x00000000c5580000)
 Metaspace       used 5829K, capacity 6896K, committed 7040K, reserved 1056768K
  class space    used 567K, capacity 616K, committed 640K, reserved 1048576K
}
Event: 3.673 GC heap before
{Heap before GC invocations=2 (full 0):
 PSYoungGen      total 38400K, used 38370K [0x00000000eab00000, 0x00000000ed580000, 0x0000000100000000)
  eden space 33280K, 100% used [0x00000000eab00000,0x00000000ecb80000,0x00000000ecb80000)
  from space 5120K, 99% used [0x00000000ecb80000,0x00000000ed078bf8,0x00000000ed080000)
  to   space 5120K, 0% used [0x00000000ed080000,0x00000000ed080000,0x00000000ed580000)
 ParOldGen       total 87552K, used 1293K [0x00000000c0000000, 0x00000000c5580000, 0x00000000eab00000)
  object space 87552K, 1% used [0x00000000c0000000,0x00000000c01434e8,0x00000000c5580000)
 Metaspace       used 6051K, capacity 7088K, committed 7296K, reserved 1056768K
  class space    used 567K, capacity 616K, committed 640K, reserved 1048576K
Event: 3.687 GC heap after
Heap after GC invocations=2 (full 0):
 PSYoungGen      total 38400K, used 5088K [0x00000000eab00000, 0x00000000ed580000, 0x0000000100000000)
  eden space 33280K, 0% used [0x00000000eab00000,0x00000000eab00000,0x00000000ecb80000)
  from space 5120K, 99% used [0x00000000ed080000,0x00000000ed578258,0x00000000ed580000)
  to   space 5120K, 0% used [0x00000000ecb80000,0x00000000ecb80000,0x00000000ed080000)
 ParOldGen       total 87552K, used 5078K [0x00000000c0000000, 0x00000000c5580000, 0x00000000eab00000)
  object space 87552K, 5% used [0x00000000c0000000,0x00000000c04f5828,0x00000000c5580000)
 Metaspace       used 6051K, capacity 7088K, committed 7296K, reserved 1056768K
  class space    used 567K, capacity 616K, committed 640K, reserved 1048576K
}
Event: 4.600 GC heap before
{Heap before GC invocations=3 (full 0):
 PSYoungGen      total 38400K, used 38368K [0x00000000eab00000, 0x00000000ed580000, 0x0000000100000000)
  eden space 33280K, 100% used [0x00000000eab00000,0x00000000ecb80000,0x00000000ecb80000)
  from space 5120K, 99% used [0x00000000ed080000,0x00000000ed578258,0x00000000ed580000)
  to   space 5120K, 0% used [0x00000000ecb80000,0x00000000ecb80000,0x00000000ed080000)
 ParOldGen       total 87552K, used 5078K [0x00000000c0000000, 0x00000000c5580000, 0x00000000eab00000)
  object space 87552K, 5% used [0x00000000c0000000,0x00000000c04f5828,0x00000000c5580000)
 Metaspace       used 6110K, capacity 7152K, committed 7296K, reserved 1056768K
  class space    used 567K, capacity 616K, committed 640K, reserved 1048576K
Event: 5.034 GC heap after
Heap after GC invocations=3 (full 0):
 PSYoungGen      total 38400K, used 5112K [0x00000000eab00000, 0x00000000ef600000, 0x0000000100000000)
  eden space 33280K, 0% used [0x00000000eab00000,0x00000000eab00000,0x00000000ecb80000)
  from space 5120K, 99% used [0x00000000ecb80000,0x00000000ed07e070,0x00000000ed080000)
  to   space 5120K, 0% used [0x00000000ef100000,0x00000000ef100000,0x00000000ef600000)
 ParOldGen       total 87552K, used 9453K [0x00000000c0000000, 0x00000000c5580000, 0x00000000eab00000)
  object space 87552K, 10% used [0x00000000c0000000,0x00000000c093b4d8,0x00000000c5580000)
 Metaspace       used 6110K, capacity 7152K, committed 7296K, reserved 1056768K
  class space    used 567K, capacity 616K, committed 640K, reserved 1048576K
}
Event: 5.636 GC heap before
{Heap before GC invocations=4 (full 0):
 PSYoungGen      total 38400K, used 38392K [0x00000000eab00000, 0x00000000ef600000, 0x0000000100000000)
  eden space 33280K, 100% used [0x00000000eab00000,0x00000000ecb80000,0x00000000ecb80000)
  from space 5120K, 99% used [0x00000000ecb80000,0x00000000ed07e070,0x00000000ed080000)
  to   space 5120K, 0% used [0x00000000ef100000,0x00000000ef100000,0x00000000ef600000)
 ParOldGen       total 87552K, used 9453K [0x00000000c0000000, 0x00000000c5580000, 0x00000000eab00000)
  object space 87552K, 10% used [0x00000000c0000000,0x00000000c093b4d8,0x00000000c5580000)
 Metaspace       used 6137K, capacity 7152K, committed 7296K, reserved 1056768K
  class space    used 568K, capacity 616K, committed 640K, reserved 1048576K
Event: 5.662 GC heap after
Heap after GC invocations=4 (full 0):
 PSYoungGen      total 71680K, used 5113K [0x00000000eab00000, 0x00000000ef600000, 0x0000000100000000)
  eden space 66560K, 0% used [0x00000000eab00000,0x00000000eab00000,0x00000000eec00000)
  from space 5120K, 99% used [0x00000000ef100000,0x00000000ef5fe420,0x00000000ef600000)
  to   space 5120K, 0% used [0x00000000eec00000,0x00000000eec00000,0x00000000ef100000)
 ParOldGen       total 87552K, used 14940K [0x00000000c0000000, 0x00000000c5580000, 0x00000000eab00000)
  object space 87552K, 17% used [0x00000000c0000000,0x00000000c0e97218,0x00000000c5580000)
 Metaspace       used 6137K, capacity 7152K, committed 7296K, reserved 1056768K
  class space    used 568K, capacity 616K, committed 640K, reserved 1048576K
}

Deoptimization events (10 events):
Event: 3.760 Thread 0x0000000016bbf000 Uncommon trap: reason=bimorphic action=maybe_recompile pc=0x0000000003035efc method=com.android.dx.ssa.SCCP.setLatticeValueTo(IILcom/android/dx/rop/cst/Constant;)Z @ 43
Event: 3.760 Thread 0x0000000016bbf000 Uncommon trap: reason=bimorphic action=maybe_recompile pc=0x0000000002cdeb14 method=java.util.HashMap.getNode(ILjava/lang/Object;)Ljava/util/HashMap$Node; @ 126
Event: 3.763 Thread 0x0000000016bbf000 Uncommon trap: reason=bimorphic action=maybe_recompile pc=0x0000000003035efc method=com.android.dx.ssa.SCCP.setLatticeValueTo(IILcom/android/dx/rop/cst/Constant;)Z @ 43
Event: 4.435 Thread 0x0000000016bbe800 Uncommon trap: reason=unstable_if action=reinterpret pc=0x00000000030fe04c method=com.android.dx.cf.code.RopperMachine.run(Lcom/android/dx/cf/code/Frame;II)V @ 1500
Event: 5.265 Thread 0x0000000016bbf000 Uncommon trap: reason=unstable_if action=reinterpret pc=0x00000000031ae3f4 method=com.android.dx.cf.code.ByteCatchList.toTargetList(I)Lcom/android/dx/util/IntList; @ 53
Event: 5.266 Thread 0x0000000016bbf000 Uncommon trap: reason=unstable_if action=reinterpret pc=0x0000000002f33e3c method=com.android.dx.util.IntList.binarysearch(I)I @ 105
Event: 5.266 Thread 0x0000000016bbf000 Uncommon trap: reason=unstable_if action=reinterpret pc=0x00000000031753c0 method=com.android.dx.ssa.SsaBasicBlock.newFromRop(Lcom/android/dx/rop/code/RopMethod;ILcom/android/dx/ssa/SsaMethod;)Lcom/android/dx/ssa/SsaBasicBlock; @ 164
Event: 5.267 Thread 0x0000000016bbf000 Uncommon trap: reason=unstable_if action=reinterpret pc=0x00000000031906b0 method=com.android.dx.ssa.SsaMethod.blockIndexToRopLabel(I)I @ 1
Event: 5.287 Thread 0x0000000016bbf000 Uncommon trap: reason=unloaded action=reinterpret pc=0x0000000002f79e24 method=com.android.dx.ssa.LiteralOpUpgrader$1.visitNonMoveInsn(Lcom/android/dx/ssa/NormalSsaInsn;)V @ 72
Event: 5.287 Thread 0x0000000016bbf000 Uncommon trap: reason=unstable_if action=reinterpret pc=0x0000000002e54edc method=com.android.dx.ssa.SsaMethod.updateOneDefinition(Lcom/android/dx/ssa/SsaInsn;Lcom/android/dx/rop/code/RegisterSpec;)V @ 4

Internal exceptions (3 events):
Event: 0.019 Thread 0x0000000002900800 Exception <a 'java/lang/NoSuchMethodError': Method sun.misc.Unsafe.defineClass(Ljava/lang/String;[BII)Ljava/lang/Class; name or signature does not match> (0x00000000eab07cc0) thrown at [C:\src\android\AOSP-openjdk\external\jetbrains\jdk\hotspot\src\share\vž‹È
G“?
Event: 0.019 Thread 0x0000000002900800 Exception <a 'java/lang/NoSuchMethodError': Method sun.misc.Unsafe.prefetchRead(Ljava/lang/Object;J)V name or signature does not match> (0x00000000eab07fa8) thrown at [C:\src\android\AOSP-openjdk\external\jetbrains\jdk\hotspot\src\share\vm\prims\jni.cpp, lB/ŒŒ[A@
Event: 3.657 Thread 0x0000000016bbf000 Implicit null exception at 0x0000000002da4d3e to 0x0000000002da7ce5

Events (10 events):
Event: 5.287 Thread 0x0000000016bbf000 DEOPT UNPACKING pc=0x0000000002a4556a sp=0x00000000174fece8 mode 2
Event: 5.287 Thread 0x0000000016bbf000 Uncommon trap: trap_request=0xffffff65 fr.pc=0x0000000002e54edc
Event: 5.287 Thread 0x0000000016bbf000 DEOPT PACKING pc=0x0000000002e54edc sp=0x00000000174feb60
Event: 5.287 Thread 0x0000000016bbf000 DEOPT UNPACKING pc=0x0000000002a4556a sp=0x00000000174feb08 mode 2
Event: 5.300 Executing VM operation: ParallelGCFailedAllocation
Event: 5.662 Executing VM operation: ParallelGCFailedAllocation done
Event: 5.675 Thread 0x0000000016bbf000 DEOPT PACKING pc=0x0000000002c944bd sp=0x00000000174fee10
Event: 5.675 Thread 0x0000000016bbf000 DEOPT UNPACKING pc=0x0000000002a475bf sp=0x00000000174febb0 mode 0
Event: 5.689 Thread 0x0000000016bbd000 DEOPT PACKING pc=0x0000000002e93439 sp=0x00000000172fedd0
Event: 5.689 Thread 0x0000000016bbd000 DEOPT UNPACKING pc=0x0000000002a475bf sp=0x00000000172fec00 mode 0


Dynamic libraries:
0x00007ff66ade0000 - 0x00007ff66ae11000 	C:\Program Files\Android\Android Studio\jre\bin\java.exe
0x00007ffea7b10000 - 0x00007ffea7cd2000 	C:\Windows\SYSTEM32\ntdll.dll
0x00007ffea6c90000 - 0x00007ffea6d3d000 	C:\Windows\system32\KERNEL32.DLL
0x00007ffea45e0000 - 0x00007ffea47bd000 	C:\Windows\system32\KERNELBASE.dll
0x00007ffea72a0000 - 0x00007ffea7346000 	C:\Windows\system32\ADVAPI32.dll
0x00007ffea7350000 - 0x00007ffea73ed000 	C:\Windows\system32\msvcrt.dll
0x00007ffea75f0000 - 0x00007ffea764b000 	C:\Windows\system32\sechost.dll
0x00007ffea73f0000 - 0x00007ffea7516000 	C:\Windows\system32\RPCRT4.dll
0x00007ffea6ef0000 - 0x00007ffea703e000 	C:\Windows\system32\USER32.dll
0x00007ffea7690000 - 0x00007ffea7815000 	C:\Windows\system32\GDI32.dll
0x00007ffe8f140000 - 0x00007ffe8f3b4000 	C:\Windows\WinSxS\amd64_microsoft.windows.common-controls_6595b64144ccf1df_6.0.10240.16384_none_f41f7b285750ef43\COMCTL32.dll
0x00007ffea7650000 - 0x00007ffea7686000 	C:\Windows\system32\IMM32.DLL
0x00007ffea7130000 - 0x00007ffea728c000 	C:\Windows\system32\MSCTF.dll
0x00000000501e0000 - 0x00000000502b2000 	C:\Program Files\Android\Android Studio\jre\jre\bin\msvcr100.dll
0x00000000777c0000 - 0x0000000077ff4000 	C:\Program Files\Android\Android Studio\jre\jre\bin\server\jvm.dll
0x00007ffea7290000 - 0x00007ffea7298000 	C:\Windows\system32\PSAPI.DLL
0x00007ffe8b130000 - 0x00007ffe8b139000 	C:\Windows\SYSTEM32\WSOCK32.dll
0x00007ffea6b10000 - 0x00007ffea6b79000 	C:\Windows\system32\WS2_32.dll
0x00007ffea7120000 - 0x00007ffea7128000 	C:\Windows\system32\NSI.dll
0x00007ffe9a0c0000 - 0x00007ffe9a0e3000 	C:\Windows\SYSTEM32\WINMM.dll
0x00007ffe9bb20000 - 0x00007ffe9bb2a000 	C:\Windows\SYSTEM32\VERSION.dll
0x00007ffe9a090000 - 0x00007ffe9a0bc000 	C:\Windows\SYSTEM32\WINMMBASE.dll
0x00007ffea4870000 - 0x00007ffea48b4000 	C:\Windows\system32\cfgmgr32.dll
0x00007ffea2eb0000 - 0x00007ffea2ed7000 	C:\Windows\SYSTEM32\DEVOBJ.dll
0x00007ffe8b180000 - 0x00007ffe8b18f000 	C:\Program Files\Android\Android Studio\jre\jre\bin\verify.dll
0x00007ffe7c620000 - 0x00007ffe7c649000 	C:\Program Files\Android\Android Studio\jre\jre\bin\java.dll
0x00007ffe7c600000 - 0x00007ffe7c616000 	C:\Program Files\Android\Android Studio\jre\jre\bin\zip.dll
0x00007ffea55e0000 - 0x00007ffea6b05000 	C:\Windows\system32\SHELL32.dll
0x00007ffea4980000 - 0x00007ffea4fa8000 	C:\Windows\system32\windows.storage.dll
0x00007ffea7820000 - 0x00007ffea7a9c000 	C:\Windows\system32\combase.dll
0x00007ffea6c30000 - 0x00007ffea6c81000 	C:\Windows\system32\shlwapi.dll
0x00007ffea4560000 - 0x00007ffea456f000 	C:\Windows\system32\kernel.appcore.dll
0x00007ffea48c0000 - 0x00007ffea4973000 	C:\Windows\system32\shcore.dll
0x00007ffea4570000 - 0x00007ffea45ba000 	C:\Windows\system32\powrprof.dll
0x00007ffea4540000 - 0x00007ffea4553000 	C:\Windows\system32\profapi.dll

VM Arguments:
jvm_args: -Djava.awt.headless=true -Xmx1024M -Dfile.encoding=windows-1256 -Duser.country=US -Duser.language=en -Duser.variant 
java_command: com.android.dx.command.Main --dex --num-threads=4 --output C:\Users\FCC\Desktop\repos\mahanRepo\Aspa - Copy\app\build\intermediates\pre-dexed\debug\com.android.support-appcompat-v7-25.1.0_3a8af728112331ad495829644f66adf8b7d8bff8.jar C:\Users\FCC\Desktop\repos\mahanRepo\Aspa - Copy\app\build\intermediates\exploded-aar\com.android.support\appcompat-v7\25.1.0\jars\classes.jar
java_class_path (initial): C:\Users\FCC\AppData\Local\Android\AndroidSDK\build-tools\23.0.3\lib\dx.jar
Launcher Type: SUN_STANDARD

Environment Variables:
PATH=C:\ProgramData\Oracle\Java\javapath;C:\Program Files\Microsoft MPI\Bin\;C:\Program Files (x86)\Intel\iCLS Client\;C:\Program Files\Intel\iCLS Client\;C:\Windows\system32;C:\Windows;C:\Windows\System32\Wbem;C:\Windows\System32\WindowsPowerShell\v1.0\;C:\Program Files (x86)\Intel\Intel(R) Management Engine Components\DAL;C:\Program Files\Intel\Intel(R) Management Engine Components\DAL;C:\Program Files (x86)\Intel\Intel(R) Management Engine Components\IPT;C:\Program Files\Intel\Intel(R) Management Engine Components\IPT;C:\Program Files\Microsoft SQL Server\120\Tools\Binn\;C:\Program Files\Microsoft SQL Server\130\Tools\Binn\;C:\Program Files (x86)\Microsoft SQL Server\130\Tools\Binn\;C:\Program Files (x86)\Microsoft SQL Server\130\DTS\Binn\;C:\Program Files\Microsoft SQL Server\130\DTS\Binn\;C:\Program Files\Microsoft SQL Server\Client SDK\ODBC\130\Tools\Binn\;C:\Program Files\Git\cmd
USERNAME=FCC
OS=Windows_NT
PROCESSOR_IDENTIFIER=Intel64 Family 6 Model 94 Stepping 3, GenuineIntel



---------------  S Y S T E M  ---------------

OS: Windows 10.0 , 64 bit Build 10240 (10.0.10240.16384)

CPU:total 4 (4 cores per cpu, 1 threads per core) family 6 model 94 stepping 3, cmov, cx8, fxsr, mmx, sse, sse2, sse3, ssse3, sse4.1, sse4.2, popcnt, avx, avx2, aes, clmul, erms, rtm, 3dnowpref, lzcnt, tsc, tscinvbit, bmi1, bmi2, adx

Memory: 4k page, physical 8261104k(852408k free), swap 13794840k(5088k free)

vm_info: OpenJDK 64-Bit Server VM (25.76-b03) for windows-amd64 JRE (1.8.0_76-release-b03), built on Jun 29 2016 19:09:20 by "ralucas" with MS VC++ 10.0 (VS2010)

time: Tue Feb 28 13:20:05 2017
elapsed time: 5 seconds (0d 0h 0m 5s)

