#
# There is insufficient memory for the Java Runtime Environment to continue.
# Native memory allocation (malloc) failed to allocate 1077120 bytes for Chunk::new
# Possible reasons:
#   The system is out of physical RAM or swap space
#   In 32 bit mode, the process size limit was hit
# Possible solutions:
#   Reduce memory load on the system
#   Increase physical memory or swap space
#   Check if swap backing store is full
#   Use 64 bit Java on a 64 bit OS
#   Decrease Java heap size (-Xmx/-Xms)
#   Decrease number of Java threads
#   Decrease Java thread stack sizes (-Xss)
#   Set larger code cache with -XX:ReservedCodeCacheSize=
# This output file may be truncated or incomplete.
#
#  Out of Memory Error (allocation.cpp:390), pid=1616, tid=0x000000000000009c
#
# JRE version: OpenJDK Runtime Environment (8.0_112-b06) (build 1.8.0_112-release-b06)
# Java VM: OpenJDK 64-Bit Server VM (25.112-b06 mixed mode windows-amd64 compressed oops)
# Failed to write core dump. Minidumps are not enabled by default on client versions of Windows
#

---------------  T H R E A D  ---------------

Current thread (0x00000000156e7800):  JavaThread "C2 CompilerThread1" daemon [_thread_in_native, id=156, stack(0x0000000016d40000,0x0000000016e40000)]

Stack: [0x0000000016d40000,0x0000000016e40000]
[error occurred during error reporting (printing stack bounds), id 0xc0000005]

Native frames: (J=compiled Java code, j=interpreted, Vv=VM code, C=native code)


Current CompileTask:
C2:  15032 2519       4       com.android.dx.ssa.SsaConverter::placePhiFunctions (394 bytes)


---------------  P R O C E S S  ---------------

Java Threads: ( => current thread )
  0x000000001730d000 JavaThread "pool-2-thread-4" [_thread_blocked, id=2780, stack(0x0000000018140000,0x0000000018240000)]
  0x000000001730c800 JavaThread "pool-2-thread-3" [_thread_in_Java, id=4900, stack(0x0000000018040000,0x0000000018140000)]
  0x000000001730b800 JavaThread "pool-2-thread-2" [_thread_in_Java, id=7944, stack(0x0000000017f40000,0x0000000018040000)]
  0x000000001730b000 JavaThread "pool-3-thread-1" [_thread_blocked, id=6468, stack(0x0000000017e40000,0x0000000017f40000)]
  0x00000000172ef800 JavaThread "pool-2-thread-1" [_thread_blocked, id=7432, stack(0x0000000017d40000,0x0000000017e40000)]
  0x0000000016fb3800 JavaThread "Service Thread" daemon [_thread_blocked, id=4000, stack(0x0000000017340000,0x0000000017440000)]
  0x00000000156ea800 JavaThread "C1 CompilerThread2" daemon [_thread_blocked, id=2732, stack(0x0000000016e40000,0x0000000016f40000)]
=>0x00000000156e7800 JavaThread "C2 CompilerThread1" daemon [_thread_in_native, id=156, stack(0x0000000016d40000,0x0000000016e40000)]
  0x00000000156e4800 JavaThread "C2 CompilerThread0" daemon [_thread_in_native, id=7316, stack(0x0000000016c40000,0x0000000016d40000)]
  0x0000000015732800 JavaThread "Attach Listener" daemon [_thread_blocked, id=4892, stack(0x0000000016b40000,0x0000000016c40000)]
  0x00000000156d7000 JavaThread "Signal Dispatcher" daemon [_thread_blocked, id=3400, stack(0x0000000016a40000,0x0000000016b40000)]
  0x000000000300c800 JavaThread "Finalizer" daemon [_thread_blocked, id=6656, stack(0x0000000016940000,0x0000000016a40000)]
  0x0000000003002000 JavaThread "Reference Handler" daemon [_thread_blocked, id=2108, stack(0x0000000016840000,0x0000000016940000)]
  0x0000000002f10800 JavaThread "main" [_thread_in_vm, id=4776, stack(0x0000000002e10000,0x0000000002f10000)]

Other Threads:
  0x00000000156a5800 VMThread [stack: 0x0000000016740000,0x0000000016840000] [id=4172]
  0x000000001573e800 WatcherThread [stack: 0x0000000017440000,0x0000000017540000] [id=6380]

VM state:not at safepoint (normal execution)

VM Mutex/Monitor currently owned by a thread: None

Heap:
 PSYoungGen      total 232960K, used 89666K [0x00000000eab00000, 0x0000000100000000, 0x0000000100000000)
  eden space 116736K, 61% used [0x00000000eab00000,0x00000000ef0ec6a8,0x00000000f1d00000)
  from space 116224K, 15% used [0x00000000f8e80000,0x00000000fa0241b0,0x0000000100000000)
  to   space 116224K, 0% used [0x00000000f1d00000,0x00000000f1d00000,0x00000000f8e80000)
 ParOldGen       total 699392K, used 524448K [0x00000000c0000000, 0x00000000eab00000, 0x00000000eab00000)
  object space 699392K, 74% used [0x00000000c0000000,0x00000000e0028238,0x00000000eab00000)
 Metaspace       used 6469K, capacity 7280K, committed 7552K, reserved 1056768K
  class space    used 589K, capacity 616K, committed 640K, reserved 1048576K

Card table byte_map: [0x00000000123d0000,0x00000000125e0000] byte_map_base: 0x0000000011dd0000

Marking Bits: (ParMarkBitMap*) 0x00000000667918f0
 Begin Bits: [0x0000000012b40000, 0x0000000013b40000)
 End Bits:   [0x0000000013b40000, 0x0000000014b40000)

Polling page: 0x0000000001530000

CodeCache: size=245760Kb used=11143Kb max_used=11978Kb free=234616Kb
 bounds [0x0000000003010000, 0x0000000003c10000, 0x0000000012010000]
 total_blobs=2375 nmethods=2112 adapters=176
 compilation: enabled

Compilation events (10 events):
Event: 14.766 Thread 0x00000000156e7800 nmethod 2546 0x00000000031a1390 code [0x00000000031a1560, 0x00000000031a2818]
Event: 14.767 Thread 0x00000000156e7800 2544       4       com.android.dx.ssa.InterferenceRegisterMapper::addInterfence (62 bytes)
Event: 14.778 Thread 0x00000000156ea800 2550       2       com.android.dx.ssa.back.RegisterAllocator::insertMoveBefore (240 bytes)
Event: 14.780 Thread 0x00000000156ea800 nmethod 2550 0x000000000317e850 code [0x000000000317eb80, 0x000000000317fb68]
Event: 14.789 Thread 0x00000000156e7800 nmethod 2544 0x0000000003129c10 code [0x0000000003129e00, 0x000000000312b458]
Event: 14.790 Thread 0x00000000156e7800 2519       4       com.android.dx.ssa.SsaConverter::placePhiFunctions (394 bytes)
Event: 14.838 Thread 0x00000000156ea800 2553       2       java.util.HashMap::treeifyBin (110 bytes)
Event: 14.839 Thread 0x00000000156ea800 nmethod 2553 0x00000000032af950 code [0x00000000032afae0, 0x00000000032afea8]
Event: 14.983 Thread 0x00000000156ea800 2554       2       com.android.dx.ssa.back.FirstFitLocalCombiningAllocator::ssaSetToSpecs (57 bytes)
Event: 14.984 Thread 0x00000000156ea800 nmethod 2554 0x00000000032c9610 code [0x00000000032c9820, 0x00000000032c9ea8]

GC Heap History (10 events):
Event: 11.461 GC heap before
{Heap before GC invocations=30 (full 3):
 PSYoungGen      total 226304K, used 202970K [0x00000000eab00000, 0x0000000100000000, 0x0000000100000000)
  eden space 116736K, 100% used [0x00000000eab00000,0x00000000f1d00000,0x00000000f1d00000)
  from space 109568K, 78% used [0x00000000f9500000,0x00000000fe9368d0,0x0000000100000000)
  to   space 116224K, 0% used [0x00000000f1d00000,0x00000000f1d00000,0x00000000f8e80000)
 ParOldGen       total 485376K, used 387594K [0x00000000c0000000, 0x00000000dda00000, 0x00000000eab00000)
  object space 485376K, 79% used [0x00000000c0000000,0x00000000d7a82858,0x00000000dda00000)
 Metaspace       used 6456K, capacity 7280K, committed 7552K, reserved 1056768K
  class space    used 588K, capacity 616K, committed 640K, reserved 1048576K
Event: 11.552 GC heap after
Heap after GC invocations=30 (full 3):
 PSYoungGen      total 232960K, used 75299K [0x00000000eab00000, 0x0000000100000000, 0x0000000100000000)
  eden space 116736K, 0% used [0x00000000eab00000,0x00000000eab00000,0x00000000f1d00000)
  from space 116224K, 64% used [0x00000000f1d00000,0x00000000f6688e90,0x00000000f8e80000)
  to   space 116224K, 0% used [0x00000000f8e80000,0x00000000f8e80000,0x0000000100000000)
 ParOldGen       total 485376K, used 419357K [0x00000000c0000000, 0x00000000dda00000, 0x00000000eab00000)
  object space 485376K, 86% used [0x00000000c0000000,0x00000000d99877e0,0x00000000dda00000)
 Metaspace       used 6456K, capacity 7280K, committed 7552K, reserved 1056768K
  class space    used 588K, capacity 616K, committed 640K, reserved 1048576K
}
Event: 12.109 GC heap before
{Heap before GC invocations=31 (full 3):
 PSYoungGen      total 232960K, used 192035K [0x00000000eab00000, 0x0000000100000000, 0x0000000100000000)
  eden space 116736K, 100% used [0x00000000eab00000,0x00000000f1d00000,0x00000000f1d00000)
  from space 116224K, 64% used [0x00000000f1d00000,0x00000000f6688e90,0x00000000f8e80000)
  to   space 116224K, 0% used [0x00000000f8e80000,0x00000000f8e80000,0x0000000100000000)
 ParOldGen       total 485376K, used 419357K [0x00000000c0000000, 0x00000000dda00000, 0x00000000eab00000)
  object space 485376K, 86% used [0x00000000c0000000,0x00000000d99877e0,0x00000000dda00000)
 Metaspace       used 6460K, capacity 7280K, committed 7552K, reserved 1056768K
  class space    used 588K, capacity 616K, committed 640K, reserved 1048576K
Event: 12.196 GC heap after
Heap after GC invocations=31 (full 3):
 PSYoungGen      total 232960K, used 61782K [0x00000000eab00000, 0x0000000100000000, 0x0000000100000000)
  eden space 116736K, 0% used [0x00000000eab00000,0x00000000eab00000,0x00000000f1d00000)
  from space 116224K, 53% used [0x00000000f8e80000,0x00000000fcad5858,0x0000000100000000)
  to   space 116224K, 0% used [0x00000000f1d00000,0x00000000f1d00000,0x00000000f8e80000)
 ParOldGen       total 485376K, used 454499K [0x00000000c0000000, 0x00000000dda00000, 0x00000000eab00000)
  object space 485376K, 93% used [0x00000000c0000000,0x00000000dbbd8ec8,0x00000000dda00000)
 Metaspace       used 6460K, capacity 7280K, committed 7552K, reserved 1056768K
  class space    used 588K, capacity 616K, committed 640K, reserved 1048576K
}
Event: 12.196 GC heap before
{Heap before GC invocations=32 (full 4):
 PSYoungGen      total 232960K, used 61782K [0x00000000eab00000, 0x0000000100000000, 0x0000000100000000)
  eden space 116736K, 0% used [0x00000000eab00000,0x00000000eab00000,0x00000000f1d00000)
  from space 116224K, 53% used [0x00000000f8e80000,0x00000000fcad5858,0x0000000100000000)
  to   space 116224K, 0% used [0x00000000f1d00000,0x00000000f1d00000,0x00000000f8e80000)
 ParOldGen       total 485376K, used 454499K [0x00000000c0000000, 0x00000000dda00000, 0x00000000eab00000)
  object space 485376K, 93% used [0x00000000c0000000,0x00000000dbbd8ec8,0x00000000dda00000)
 Metaspace       used 6460K, capacity 7280K, committed 7552K, reserved 1056768K
  class space    used 588K, capacity 616K, committed 640K, reserved 1048576K
Event: 14.399 GC heap after
Heap after GC invocations=32 (full 4):
 PSYoungGen      total 232960K, used 28848K [0x00000000eab00000, 0x0000000100000000, 0x0000000100000000)
  eden space 116736K, 0% used [0x00000000eab00000,0x00000000eab00000,0x00000000f1d00000)
  from space 116224K, 24% used [0x00000000f8e80000,0x00000000faaac2c8,0x0000000100000000)
  to   space 116224K, 0% used [0x00000000f1d00000,0x00000000f1d00000,0x00000000f8e80000)
 ParOldGen       total 699392K, used 484907K [0x00000000c0000000, 0x00000000eab00000, 0x00000000eab00000)
  object space 699392K, 69% used [0x00000000c0000000,0x00000000dd98aec0,0x00000000eab00000)
 Metaspace       used 6460K, capacity 7280K, committed 7552K, reserved 1056768K
  class space    used 588K, capacity 616K, committed 640K, reserved 1048576K
}
Event: 14.639 GC heap before
{Heap before GC invocations=33 (full 4):
 PSYoungGen      total 232960K, used 145584K [0x00000000eab00000, 0x0000000100000000, 0x0000000100000000)
  eden space 116736K, 100% used [0x00000000eab00000,0x00000000f1d00000,0x00000000f1d00000)
  from space 116224K, 24% used [0x00000000f8e80000,0x00000000faaac2c8,0x0000000100000000)
  to   space 116224K, 0% used [0x00000000f1d00000,0x00000000f1d00000,0x00000000f8e80000)
 ParOldGen       total 699392K, used 484907K [0x00000000c0000000, 0x00000000eab00000, 0x00000000eab00000)
  object space 699392K, 69% used [0x00000000c0000000,0x00000000dd98aec0,0x00000000eab00000)
 Metaspace       used 6469K, capacity 7280K, committed 7552K, reserved 1056768K
  class space    used 589K, capacity 616K, committed 640K, reserved 1048576K
Event: 14.741 GC heap after
Heap after GC invocations=33 (full 4):
 PSYoungGen      total 232960K, used 18340K [0x00000000eab00000, 0x0000000100000000, 0x0000000100000000)
  eden space 116736K, 0% used [0x00000000eab00000,0x00000000eab00000,0x00000000f1d00000)
  from space 116224K, 15% used [0x00000000f1d00000,0x00000000f2ee9060,0x00000000f8e80000)
  to   space 116224K, 0% used [0x00000000f8e80000,0x00000000f8e80000,0x0000000100000000)
 ParOldGen       total 699392K, used 506409K [0x00000000c0000000, 0x00000000eab00000, 0x00000000eab00000)
  object space 699392K, 72% used [0x00000000c0000000,0x00000000dee8a650,0x00000000eab00000)
 Metaspace       used 6469K, capacity 7280K, committed 7552K, reserved 1056768K
  class space    used 589K, capacity 616K, committed 640K, reserved 1048576K
}
Event: 14.900 GC heap before
{Heap before GC invocations=34 (full 4):
 PSYoungGen      total 232960K, used 135076K [0x00000000eab00000, 0x0000000100000000, 0x0000000100000000)
  eden space 116736K, 100% used [0x00000000eab00000,0x00000000f1d00000,0x00000000f1d00000)
  from space 116224K, 15% used [0x00000000f1d00000,0x00000000f2ee9060,0x00000000f8e80000)
  to   space 116224K, 0% used [0x00000000f8e80000,0x00000000f8e80000,0x0000000100000000)
 ParOldGen       total 699392K, used 506409K [0x00000000c0000000, 0x00000000eab00000, 0x00000000eab00000)
  object space 699392K, 72% used [0x00000000c0000000,0x00000000dee8a650,0x00000000eab00000)
 Metaspace       used 6469K, capacity 7280K, committed 7552K, reserved 1056768K
  class space    used 589K, capacity 616K, committed 640K, reserved 1048576K
Event: 14.937 GC heap after
Heap after GC invocations=34 (full 4):
 PSYoungGen      total 232960K, used 18064K [0x00000000eab00000, 0x0000000100000000, 0x0000000100000000)
  eden space 116736K, 0% used [0x00000000eab00000,0x00000000eab00000,0x00000000f1d00000)
  from space 116224K, 15% used [0x00000000f8e80000,0x00000000fa0241b0,0x0000000100000000)
  to   space 116224K, 0% used [0x00000000f1d00000,0x00000000f1d00000,0x00000000f8e80000)
 ParOldGen       total 699392K, used 524448K [0x00000000c0000000, 0x00000000eab00000, 0x00000000eab00000)
  object space 699392K, 74% used [0x00000000c0000000,0x00000000e0028238,0x00000000eab00000)
 Metaspace       used 6469K, capacity 7280K, committed 7552K, reserved 1056768K
  class space    used 589K, capacity 616K, committed 640K, reserved 1048576K
}

Deoptimization events (10 events):
Event: 14.546 Thread 0x000000001730b800 Uncommon trap: reason=class_check action=maybe_recompile pc=0x0000000003496c30 method=com.android.dx.ssa.back.InterferenceGraph.add(II)V @ 19
Event: 14.546 Thread 0x000000001730b800 Uncommon trap: reason=class_check action=maybe_recompile pc=0x0000000003496c30 method=com.android.dx.ssa.back.InterferenceGraph.add(II)V @ 19
Event: 14.546 Thread 0x000000001730b800 Uncommon trap: reason=class_check action=maybe_recompile pc=0x0000000003496c30 method=com.android.dx.ssa.back.InterferenceGraph.add(II)V @ 19
Event: 14.546 Thread 0x000000001730b800 Uncommon trap: reason=class_check action=maybe_recompile pc=0x0000000003496c30 method=com.android.dx.ssa.back.InterferenceGraph.add(II)V @ 19
Event: 14.584 Thread 0x000000001730b800 Uncommon trap: reason=class_check action=maybe_recompile pc=0x0000000003a9ffe4 method=com.android.dx.ssa.back.InterferenceGraph.mergeInterferenceSet(ILcom/android/dx/util/IntSet;)V @ 20
Event: 14.584 Thread 0x000000001730b800 Uncommon trap: reason=class_check action=maybe_recompile pc=0x000000000317823c method=com.android.dx.ssa.back.InterferenceGraph.mergeInterferenceSet(ILcom/android/dx/util/IntSet;)V @ 20
Event: 14.584 Thread 0x000000001730b800 Uncommon trap: reason=class_check action=maybe_recompile pc=0x000000000317823c method=com.android.dx.ssa.back.InterferenceGraph.mergeInterferenceSet(ILcom/android/dx/util/IntSet;)V @ 20
Event: 14.584 Thread 0x000000001730b800 Uncommon trap: reason=class_check action=maybe_recompile pc=0x000000000317823c method=com.android.dx.ssa.back.InterferenceGraph.mergeInterferenceSet(ILcom/android/dx/util/IntSet;)V @ 20
Event: 14.752 Thread 0x00000000172ef800 Uncommon trap: reason=class_check action=maybe_recompile pc=0x0000000003be2928 method=com.android.dx.cf.code.BytecodeArray.parseInstruction(ILcom/android/dx/cf/code/BytecodeArray$Visitor;)I @ 1019
Event: 14.753 Thread 0x00000000172ef800 Uncommon trap: reason=class_check action=maybe_recompile pc=0x0000000003be2928 method=com.android.dx.cf.code.BytecodeArray.parseInstruction(ILcom/android/dx/cf/code/BytecodeArray$Visitor;)I @ 1019

Internal exceptions (8 events):
Event: 0.016 Thread 0x0000000002f10800 Exception <a 'java/lang/NoSuchMethodError': Method sun.misc.Unsafe.defineClass(Ljava/lang/String;[BII)Ljava/lang/Class; name or signature does not match> (0x00000000eab07c78) thrown at [C:\src\android\AOSP-openjdk\external\jetbrains\jdk\hotspot\src\share\vÙæ9ñÊê?
Event: 0.017 Thread 0x0000000002f10800 Exception <a 'java/lang/NoSuchMethodError': Method sun.misc.Unsafe.prefetchRead(Ljava/lang/Object;J)V name or signature does not match> (0x00000000eab07f60) thrown at [C:\src\android\AOSP-openjdk\external\jetbrains\jdk\hotspot\src\share\vm\prims\jni.cpp, l∂q}qæ⁄?
Event: 0.418 Thread 0x000000001730d000 Implicit null exception at 0x000000000334fc22 to 0x000000000334fd1a
Event: 0.491 Thread 0x000000001730b800 Implicit null exception at 0x000000000343d9a9 to 0x000000000343ef4d
Event: 0.683 Thread 0x00000000172ef800 Implicit null exception at 0x00000000036055e2 to 0x00000000036057a5
Event: 0.757 Thread 0x000000001730c800 Exception <a 'java/lang/ArrayIndexOutOfBoundsException': 18> (0x00000000ee44bce0) thrown at [C:\src\android\AOSP-openjdk\external\jetbrains\jdk\hotspot\src\share\vm\interpreter\interpreterRuntime.cpp, line 366]
Event: 0.757 Thread 0x000000001730c800 Exception <a 'java/lang/ArrayIndexOutOfBoundsException': 145> (0x00000000ee44d860) thrown at [C:\src\android\AOSP-openjdk\external\jetbrains\jdk\hotspot\src\share\vm\interpreter\interpreterRuntime.cpp, line 366]
Event: 0.758 Thread 0x000000001730c800 Exception <a 'java/lang/ArrayIndexOutOfBoundsException'> (0x00000000ee44eb48) thrown at [C:\src\android\AOSP-openjdk\external\jetbrains\jdk\hotspot\src\share\vm\runtime\sharedRuntime.cpp, line 605]

Events (10 events):
Event: 14.984 Thread 0x00000000156ea800 flushing nmethod 0x00000000033f7d50
Event: 14.984 Thread 0x00000000156ea800 flushing nmethod 0x00000000033fcc90
Event: 14.987 Thread 0x00000000172ef800 DEOPT PACKING pc=0x00000000034fef21 sp=0x0000000017e3e9b0
Event: 14.987 Thread 0x00000000172ef800 DEOPT UNPACKING pc=0x00000000030575bf sp=0x0000000017e3e7f0 mode 0
Event: 15.000 Thread 0x000000001730c800 DEOPT PACKING pc=0x00000000034fef21 sp=0x000000001813e610
Event: 15.000 Thread 0x000000001730c800 DEOPT UNPACKING pc=0x00000000030575bf sp=0x000000001813e450 mode 0
Event: 15.026 Thread 0x00000000172ef800 DEOPT PACKING pc=0x00000000034fef21 sp=0x0000000017e3e9b0
Event: 15.026 Thread 0x00000000172ef800 DEOPT UNPACKING pc=0x00000000030575bf sp=0x0000000017e3e7f0 mode 0
Event: 15.028 Thread 0x000000001730d000 DEOPT PACKING pc=0x00000000034d0ff9 sp=0x000000001823ee50
Event: 15.028 Thread 0x000000001730d000 DEOPT UNPACKING pc=0x00000000030575bf sp=0x000000001823ebe0 mode 0


Dynamic libraries:
0x00007ff6c2b20000 - 0x00007ff6c2b51000 	C:\Program Files\Android\Android Studio\jre\bin\java.exe
0x00007ff9234d0000 - 0x00007ff923692000 	C:\Windows\SYSTEM32\ntdll.dll
0x00007ff923420000 - 0x00007ff9234cd000 	C:\Windows\system32\KERNEL32.DLL
0x00007ff920950000 - 0x00007ff920b2d000 	C:\Windows\system32\KERNELBASE.dll
0x00007ff922ff0000 - 0x00007ff923096000 	C:\Windows\system32\ADVAPI32.dll
0x00007ff920c00000 - 0x00007ff920c9d000 	C:\Windows\system32\msvcrt.dll
0x00007ff921990000 - 0x00007ff9219eb000 	C:\Windows\system32\sechost.dll
0x00007ff9232f0000 - 0x00007ff923416000 	C:\Windows\system32\RPCRT4.dll
0x00007ff9230a0000 - 0x00007ff9231ee000 	C:\Windows\system32\USER32.dll
0x00007ff921720000 - 0x00007ff9218a3000 	C:\Windows\system32\GDI32.dll
0x00007ff913890000 - 0x00007ff913b04000 	C:\Windows\WinSxS\amd64_microsoft.windows.common-controls_6595b64144ccf1df_6.0.10240.17184_none_f41d7a705752bce6\COMCTL32.dll
0x00007ff921180000 - 0x00007ff9211b6000 	C:\Windows\system32\IMM32.DLL
0x00007ff9214f0000 - 0x00007ff92164c000 	C:\Windows\system32\MSCTF.dll
0x0000000065ef0000 - 0x0000000065fc2000 	C:\Program Files\Android\Android Studio\jre\jre\bin\msvcr100.dll
0x0000000065fd0000 - 0x000000006680c000 	C:\Program Files\Android\Android Studio\jre\jre\bin\server\jvm.dll
0x00007ff921170000 - 0x00007ff921178000 	C:\Windows\system32\PSAPI.DLL
0x00007ff91b9f0000 - 0x00007ff91b9f9000 	C:\Windows\SYSTEM32\WSOCK32.dll
0x00007ff91e1b0000 - 0x00007ff91e1d3000 	C:\Windows\SYSTEM32\WINMM.dll
0x00007ff9179d0000 - 0x00007ff9179da000 	C:\Windows\SYSTEM32\VERSION.dll
0x00007ff923280000 - 0x00007ff9232e9000 	C:\Windows\system32\WS2_32.dll
0x00007ff920bf0000 - 0x00007ff920bf8000 	C:\Windows\system32\NSI.dll
0x00007ff91e150000 - 0x00007ff91e17c000 	C:\Windows\SYSTEM32\WINMMBASE.dll
0x00007ff91ff90000 - 0x00007ff91ffd4000 	C:\Windows\system32\cfgmgr32.dll
0x00007ff91e7d0000 - 0x00007ff91e7f7000 	C:\Windows\SYSTEM32\DEVOBJ.dll
0x00007ff91b9e0000 - 0x00007ff91b9ef000 	C:\Program Files\Android\Android Studio\jre\jre\bin\verify.dll
0x00007ff91b9a0000 - 0x00007ff91b9c9000 	C:\Program Files\Android\Android Studio\jre\jre\bin\java.dll
0x00007ff91b2e0000 - 0x00007ff91b2f6000 	C:\Program Files\Android\Android Studio\jre\jre\bin\zip.dll
0x00007ff9219f0000 - 0x00007ff922f13000 	C:\Windows\system32\SHELL32.dll
0x00007ff920320000 - 0x00007ff920949000 	C:\Windows\system32\windows.storage.dll
0x00007ff9211c0000 - 0x00007ff92143c000 	C:\Windows\system32\combase.dll
0x00007ff920b90000 - 0x00007ff920be1000 	C:\Windows\system32\shlwapi.dll
0x00007ff91ff10000 - 0x00007ff91ff1f000 	C:\Windows\system32\kernel.appcore.dll
0x00007ff91ffe0000 - 0x00007ff920093000 	C:\Windows\system32\shcore.dll
0x00007ff91ff40000 - 0x00007ff91ff8a000 	C:\Windows\system32\powrprof.dll
0x00007ff91fef0000 - 0x00007ff91ff03000 	C:\Windows\system32\profapi.dll

VM Arguments:
jvm_args: -Djava.awt.headless=true -Xmx1024M -Dfile.encoding=windows-1256 -Duser.country=US -Duser.language=en -Duser.variant 
java_command: com.android.dx.command.Main --dex --num-threads=4 --multi-dex --main-dex-list C:\Users\FCC\Desktop\Projects\Mahan\app\build\intermediates\multi-dex\debug\maindexlist.txt --output C:\Users\FCC\Desktop\Projects\Mahan\app\build\intermediates\transforms\dex\debug\folders\1000\1f\main C:\Users\FCC\Desktop\Projects\Mahan\app\build\intermediates\transforms\jarMerging\debug\jars\1\1f\combined.jar
java_class_path (initial): C:\AndroidSDK\AndroidSDK\AndroidSDK\build-tools\25.0.3\lib\dx.jar
Launcher Type: SUN_STANDARD

Environment Variables:
JAVA_HOME=C:\Program Files\Java\jdk1.9.0
PATH=C:\ProgramData\Oracle\Java\javapath;C:\Program Files\Microsoft MPI\Bin\;C:\Program Files (x86)\Intel\iCLS Client\;C:\Program Files\Intel\iCLS Client\;C:\Windows\system32;C:\Windows;C:\Windows\System32\Wbem;C:\Windows\System32\WindowsPowerShell\v1.0\;C:\Program Files (x86)\Intel\Intel(R) Management Engine Components\DAL;C:\Program Files\Intel\Intel(R) Management Engine Components\DAL;C:\Program Files (x86)\Intel\Intel(R) Management Engine Components\IPT;C:\Program Files\Intel\Intel(R) Management Engine Components\IPT;C:\Program Files\Git\cmd
USERNAME=FCC
OS=Windows_NT
PROCESSOR_IDENTIFIER=Intel64 Family 6 Model 94 Stepping 3, GenuineIntel



---------------  S Y S T E M  ---------------

OS: Windows 10.0 , 64 bit Build 10240 (10.0.10240.17113)

CPU:total 4 (4 cores per cpu, 1 threads per core) family 6 model 94 stepping 3, cmov, cx8, fxsr, mmx, sse, sse2, sse3, ssse3, sse4.1, sse4.2, popcnt, avx, avx2, aes, clmul, erms, rtm, 3dnowpref, lzcnt, tsc, tscinvbit, bmi1, bmi2, adx

Memory: 4k page, physical 8261104k(400764k free), swap 10040708k(6016k free)

vm_info: OpenJDK 64-Bit Server VM (25.112-b06) for windows-amd64 JRE (1.8.0_112-release-b06), built on Dec  8 2016 00:54:26 by "builder" with MS VC++ 10.0 (VS2010)

time: Wed Oct 25 13:25:44 2017
elapsed time: 15 seconds (0d 0h 0m 15s)

