#
# There is insufficient memory for the Java Runtime Environment to continue.
# Native memory allocation (malloc) failed to allocate 336176 bytes for Chunk::new
# Possible reasons:
#   The system is out of physical RAM or swap space
#   In 32 bit mode, the process size limit was hit
# Possible solutions:
#   Reduce memory load on the system
#   Increase physical memory or swap space
#   Check if swap backing store is full
#   Use 64 bit Java on a 64 bit OS
#   Decrease Java heap size (-Xmx/-Xms)
#   Decrease number of Java threads
#   Decrease Java thread stack sizes (-Xss)
#   Set larger code cache with -XX:ReservedCodeCacheSize=
# This output file may be truncated or incomplete.
#
#  Out of Memory Error (allocation.cpp:390), pid=6880, tid=0x0000000000001d20
#
# JRE version: OpenJDK Runtime Environment (8.0_112-b06) (build 1.8.0_112-release-b06)
# Java VM: OpenJDK 64-Bit Server VM (25.112-b06 mixed mode windows-amd64 compressed oops)
# Failed to write core dump. Minidumps are not enabled by default on client versions of Windows
#

---------------  T H R E A D  ---------------

Current thread (0x0000000014ecc800):  JavaThread "C2 CompilerThread1" daemon [_thread_in_native, id=7456, stack(0x00000000169a0000,0x0000000016aa0000)]

Stack: [0x00000000169a0000,0x0000000016aa0000]
[error occurred during error reporting (printing stack bounds), id 0xc0000005]

Native frames: (J=compiled Java code, j=interpreted, Vv=VM code, C=native code)


Current CompileTask:
C2:   1091 1649   !   4       com.android.dx.cf.code.BytecodeArray::parseInstruction (2764 bytes)


---------------  P R O C E S S  ---------------

Java Threads: ( => current thread )
  0x0000000016715000 JavaThread "pool-2-thread-4" [_thread_in_Java, id=4960, stack(0x00000000171a0000,0x00000000172a0000)]
  0x000000001670b800 JavaThread "pool-2-thread-3" [_thread_in_Java, id=7744, stack(0x00000000170a0000,0x00000000171a0000)]
  0x0000000016709000 JavaThread "pool-2-thread-2" [_thread_in_Java, id=7516, stack(0x0000000016fa0000,0x00000000170a0000)]
  0x00000000166fe000 JavaThread "pool-3-thread-1" [_thread_blocked, id=8032, stack(0x0000000016ea0000,0x0000000016fa0000)]
  0x00000000166f8000 JavaThread "pool-2-thread-1" [_thread_blocked, id=3636, stack(0x0000000016da0000,0x0000000016ea0000)]
  0x0000000014ece800 JavaThread "Service Thread" daemon [_thread_blocked, id=4068, stack(0x0000000016ba0000,0x0000000016ca0000)]
  0x00000000165eb800 JavaThread "C1 CompilerThread2" daemon [_thread_blocked, id=7408, stack(0x0000000016aa0000,0x0000000016ba0000)]
=>0x0000000014ecc800 JavaThread "C2 CompilerThread1" daemon [_thread_in_native, id=7456, stack(0x00000000169a0000,0x0000000016aa0000)]
  0x0000000014eb8000 JavaThread "C2 CompilerThread0" daemon [_thread_in_native, id=7700, stack(0x00000000164a0000,0x00000000165a0000)]
  0x0000000014eb7000 JavaThread "Attach Listener" daemon [_thread_blocked, id=6320, stack(0x00000000163a0000,0x00000000164a0000)]
  0x0000000014e65800 JavaThread "Signal Dispatcher" daemon [_thread_blocked, id=7224, stack(0x00000000162a0000,0x00000000163a0000)]
  0x000000000279b000 JavaThread "Finalizer" daemon [_thread_blocked, id=1356, stack(0x00000000160c0000,0x00000000161c0000)]
  0x0000000002790800 JavaThread "Reference Handler" daemon [_thread_blocked, id=2576, stack(0x0000000015fc0000,0x00000000160c0000)]
  0x00000000026a0800 JavaThread "main" [_thread_in_Java, id=7492, stack(0x00000000025a0000,0x00000000026a0000)]

Other Threads:
  0x0000000014e35800 VMThread [stack: 0x0000000015ec0000,0x0000000015fc0000] [id=7896]
  0x0000000016600800 WatcherThread [stack: 0x0000000016ca0000,0x0000000016da0000] [id=7384]

VM state:not at safepoint (normal execution)

VM Mutex/Monitor currently owned by a thread: None

Heap:
 PSYoungGen      total 71680K, used 27983K [0x00000000eab00000, 0x00000000ef600000, 0x0000000100000000)
  eden space 66560K, 34% used [0x00000000eab00000,0x00000000ec1557c0,0x00000000eec00000)
  from space 5120K, 99% used [0x00000000eec00000,0x00000000ef0fe5e8,0x00000000ef100000)
  to   space 5120K, 0% used [0x00000000ef100000,0x00000000ef100000,0x00000000ef600000)
 ParOldGen       total 87552K, used 18820K [0x00000000c0000000, 0x00000000c5580000, 0x00000000eab00000)
  object space 87552K, 21% used [0x00000000c0000000,0x00000000c1261330,0x00000000c5580000)
 Metaspace       used 6170K, capacity 7216K, committed 7296K, reserved 1056768K
  class space    used 565K, capacity 616K, committed 640K, reserved 1048576K

Card table byte_map: [0x0000000011b60000,0x0000000011d70000] byte_map_base: 0x0000000011560000

Marking Bits: (ParMarkBitMap*) 0x000000005aa718f0
 Begin Bits: [0x00000000122d0000, 0x00000000132d0000)
 End Bits:   [0x00000000132d0000, 0x00000000142d0000)

Polling page: 0x0000000000960000

CodeCache: size=245760Kb used=7398Kb max_used=7398Kb free=238362Kb
 bounds [0x00000000027a0000, 0x0000000002ef0000, 0x00000000117a0000]
 total_blobs=2089 nmethods=1827 adapters=175
 compilation: enabled

Compilation events (10 events):
Event: 1.015 Thread 0x00000000165eb800 1829   !   2       com.android.dx.command.dexer.Main$ClassDefItemConsumer::call (177 bytes)
Event: 1.016 Thread 0x00000000165eb800 nmethod 1829 0x0000000002ebdc10 code [0x0000000002ebde00, 0x0000000002ebe7b8]
Event: 1.016 Thread 0x00000000165eb800 1830       2       com.android.dx.command.dexer.Main::access$2900 (5 bytes)
Event: 1.016 Thread 0x00000000165eb800 nmethod 1830 0x0000000002ebf010 code [0x0000000002ebf160, 0x0000000002ebf2b0]
Event: 1.016 Thread 0x00000000165eb800 1832       2       java.util.concurrent.locks.ReentrantLock$Sync::nonfairTryAcquire (67 bytes)
Event: 1.016 Thread 0x00000000165eb800 nmethod 1832 0x0000000002ebf350 code [0x0000000002ebf4c0, 0x0000000002ebf748]
Event: 1.018 Thread 0x00000000165eb800 1833   !   2       com.android.dx.rop.cst.CstType::intern (48 bytes)
Event: 1.019 Thread 0x00000000165eb800 nmethod 1833 0x0000000002ebf850 code [0x0000000002ebfa00, 0x0000000002ebff08]
Event: 1.060 Thread 0x00000000165eb800 1835       2       java.io.File::<init> (80 bytes)
Event: 1.060 Thread 0x00000000165eb800 nmethod 1835 0x0000000002ec0450 code [0x0000000002ec05c0, 0x0000000002ec07a8]

GC Heap History (6 events):
Event: 0.450 GC heap before
{Heap before GC invocations=1 (full 0):
 PSYoungGen      total 38400K, used 33280K [0x00000000eab00000, 0x00000000ed580000, 0x0000000100000000)
  eden space 33280K, 100% used [0x00000000eab00000,0x00000000ecb80000,0x00000000ecb80000)
  from space 5120K, 0% used [0x00000000ed080000,0x00000000ed080000,0x00000000ed580000)
  to   space 5120K, 0% used [0x00000000ecb80000,0x00000000ecb80000,0x00000000ed080000)
 ParOldGen       total 87552K, used 0K [0x00000000c0000000, 0x00000000c5580000, 0x00000000eab00000)
  object space 87552K, 0% used [0x00000000c0000000,0x00000000c0000000,0x00000000c5580000)
 Metaspace       used 5747K, capacity 6896K, committed 7040K, reserved 1056768K
  class space    used 559K, capacity 616K, committed 640K, reserved 1048576K
Event: 0.457 GC heap after
Heap after GC invocations=1 (full 0):
 PSYoungGen      total 38400K, used 5118K [0x00000000eab00000, 0x00000000ef600000, 0x0000000100000000)
  eden space 33280K, 0% used [0x00000000eab00000,0x00000000eab00000,0x00000000ecb80000)
  from space 5120K, 99% used [0x00000000ecb80000,0x00000000ed07f800,0x00000000ed080000)
  to   space 5120K, 0% used [0x00000000ef100000,0x00000000ef100000,0x00000000ef600000)
 ParOldGen       total 87552K, used 2858K [0x00000000c0000000, 0x00000000c5580000, 0x00000000eab00000)
  object space 87552K, 3% used [0x00000000c0000000,0x00000000c02ca990,0x00000000c5580000)
 Metaspace       used 5747K, capacity 6896K, committed 7040K, reserved 1056768K
  class space    used 559K, capacity 616K, committed 640K, reserved 1048576K
}
Event: 0.653 GC heap before
{Heap before GC invocations=2 (full 0):
 PSYoungGen      total 38400K, used 38398K [0x00000000eab00000, 0x00000000ef600000, 0x0000000100000000)
  eden space 33280K, 100% used [0x00000000eab00000,0x00000000ecb80000,0x00000000ecb80000)
  from space 5120K, 99% used [0x00000000ecb80000,0x00000000ed07f800,0x00000000ed080000)
  to   space 5120K, 0% used [0x00000000ef100000,0x00000000ef100000,0x00000000ef600000)
 ParOldGen       total 87552K, used 2858K [0x00000000c0000000, 0x00000000c5580000, 0x00000000eab00000)
  object space 87552K, 3% used [0x00000000c0000000,0x00000000c02ca990,0x00000000c5580000)
 Metaspace       used 5979K, capacity 7088K, committed 7296K, reserved 1056768K
  class space    used 565K, capacity 616K, committed 640K, reserved 1048576K
Event: 0.666 GC heap after
Heap after GC invocations=2 (full 0):
 PSYoungGen      total 71680K, used 5090K [0x00000000eab00000, 0x00000000ef600000, 0x0000000100000000)
  eden space 66560K, 0% used [0x00000000eab00000,0x00000000eab00000,0x00000000eec00000)
  from space 5120K, 99% used [0x00000000ef100000,0x00000000ef5f8a10,0x00000000ef600000)
  to   space 5120K, 0% used [0x00000000eec00000,0x00000000eec00000,0x00000000ef100000)
 ParOldGen       total 87552K, used 8403K [0x00000000c0000000, 0x00000000c5580000, 0x00000000eab00000)
  object space 87552K, 9% used [0x00000000c0000000,0x00000000c0834c58,0x00000000c5580000)
 Metaspace       used 5979K, capacity 7088K, committed 7296K, reserved 1056768K
  class space    used 565K, capacity 616K, committed 640K, reserved 1048576K
}
Event: 0.981 GC heap before
{Heap before GC invocations=3 (full 0):
 PSYoungGen      total 71680K, used 71650K [0x00000000eab00000, 0x00000000ef600000, 0x0000000100000000)
  eden space 66560K, 100% used [0x00000000eab00000,0x00000000eec00000,0x00000000eec00000)
  from space 5120K, 99% used [0x00000000ef100000,0x00000000ef5f8a10,0x00000000ef600000)
  to   space 5120K, 0% used [0x00000000eec00000,0x00000000eec00000,0x00000000ef100000)
 ParOldGen       total 87552K, used 8403K [0x00000000c0000000, 0x00000000c5580000, 0x00000000eab00000)
  object space 87552K, 9% used [0x00000000c0000000,0x00000000c0834c58,0x00000000c5580000)
 Metaspace       used 6157K, capacity 7152K, committed 7296K, reserved 1056768K
  class space    used 565K, capacity 616K, committed 640K, reserved 1048576K
Event: 1.014 GC heap after
Heap after GC invocations=3 (full 0):
 PSYoungGen      total 71680K, used 5113K [0x00000000eab00000, 0x00000000ef600000, 0x0000000100000000)
  eden space 66560K, 0% used [0x00000000eab00000,0x00000000eab00000,0x00000000eec00000)
  from space 5120K, 99% used [0x00000000eec00000,0x00000000ef0fe5e8,0x00000000ef100000)
  to   space 5120K, 0% used [0x00000000ef100000,0x00000000ef100000,0x00000000ef600000)
 ParOldGen       total 87552K, used 18820K [0x00000000c0000000, 0x00000000c5580000, 0x00000000eab00000)
  object space 87552K, 21% used [0x00000000c0000000,0x00000000c1261330,0x00000000c5580000)
 Metaspace       used 6157K, capacity 7152K, committed 7296K, reserved 1056768K
  class space    used 565K, capacity 616K, committed 640K, reserved 1048576K
}

Deoptimization events (10 events):
Event: 0.618 Thread 0x000000001670b800 Uncommon trap: reason=unstable_if action=reinterpret pc=0x0000000002d4cb88 method=com.android.dx.util.IntList.sort()V @ 8
Event: 0.623 Thread 0x000000001670b800 Uncommon trap: reason=null_check action=make_not_entrant pc=0x0000000002cc8748 method=com.android.dx.ssa.SsaRenamer.getLocalForNewReg(I)Lcom/android/dx/rop/code/LocalItem; @ 19
Event: 0.623 Thread 0x000000001670b800 Uncommon trap: reason=null_check action=make_not_entrant pc=0x0000000002ca8f9c method=com.android.dx.ssa.SsaRenamer.getLocalForNewReg(I)Lcom/android/dx/rop/code/LocalItem; @ 19
Event: 0.626 Thread 0x000000001670b800 Uncommon trap: reason=unstable_if action=reinterpret pc=0x0000000002bb755c method=com.android.dx.rop.cst.Constant.compareTo(Lcom/android/dx/rop/cst/Constant;)I @ 12
Event: 0.705 Thread 0x000000001670b800 Uncommon trap: reason=bimorphic action=maybe_recompile pc=0x0000000002a8e958 method=java.util.HashMap.putVal(ILjava/lang/Object;Ljava/lang/Object;ZZ)Ljava/lang/Object; @ 91
Event: 0.790 Thread 0x0000000016715000 Uncommon trap: reason=bimorphic action=maybe_recompile pc=0x0000000002bb6b34 method=java.util.HashMap.putVal(ILjava/lang/Object;Ljava/lang/Object;ZZ)Ljava/lang/Object; @ 91
Event: 0.790 Thread 0x0000000016715000 Uncommon trap: reason=bimorphic action=maybe_recompile pc=0x0000000002ac2490 method=java.util.HashMap.getNode(ILjava/lang/Object;)Ljava/util/HashMap$Node; @ 126
Event: 0.794 Thread 0x0000000016715000 Uncommon trap: reason=unstable_if action=reinterpret pc=0x0000000002d2a0f8 method=com.android.dx.ssa.SsaRenamer$BlockRenamer.addMapping(ILcom/android/dx/rop/code/RegisterSpec;)V @ 120
Event: 0.801 Thread 0x00000000166f8000 Uncommon trap: reason=unstable_if action=reinterpret pc=0x0000000002dc135c method=com.android.dx.ssa.SCCP.simulateStmt(Lcom/android/dx/ssa/SsaInsn;)V @ 53
Event: 0.878 Thread 0x00000000166f8000 Uncommon trap: reason=bimorphic action=maybe_recompile pc=0x0000000002ac2490 method=java.util.HashMap.getNode(ILjava/lang/Object;)Ljava/util/HashMap$Node; @ 126

Internal exceptions (5 events):
Event: 0.024 Thread 0x00000000026a0800 Exception <a 'java/lang/NoSuchMethodError': Method sun.misc.Unsafe.defineClass(Ljava/lang/String;[BII)Ljava/lang/Class; name or signature does not match> (0x00000000eab07c78) thrown at [C:\src\android\AOSP-openjdk\external\jetbrains\jdk\hotspot\src\share\v‘“Kˇ|	ô?
Event: 0.024 Thread 0x00000000026a0800 Exception <a 'java/lang/NoSuchMethodError': Method sun.misc.Unsafe.prefetchRead(Ljava/lang/Object;J)V name or signature does not match> (0x00000000eab07f60) thrown at [C:\src\android\AOSP-openjdk\external\jetbrains\jdk\hotspot\src\share\vm\prims\jni.cpp, l∂wCxùﬁ?
Event: 0.469 Thread 0x000000001670b800 Implicit null exception at 0x0000000002c8ba22 to 0x0000000002c8bb1a
Event: 0.623 Thread 0x000000001670b800 Implicit null exception at 0x0000000002cc79d9 to 0x0000000002cc86fd
Event: 0.623 Thread 0x000000001670b800 Implicit null exception at 0x0000000002ca8486 to 0x0000000002ca8f79

Events (10 events):
Event: 0.861 Thread 0x0000000016715000 DEOPT UNPACKING pc=0x00000000027e75bf sp=0x000000001729e6b0 mode 0
Event: 0.862 Thread 0x0000000016715000 DEOPT PACKING pc=0x0000000002ca6f1c sp=0x000000001729e8d0
Event: 0.862 Thread 0x0000000016715000 DEOPT UNPACKING pc=0x00000000027e75bf sp=0x000000001729e630 mode 0
Event: 0.878 Thread 0x00000000166f8000 Uncommon trap: trap_request=0xffffffc6 fr.pc=0x0000000002ac2490
Event: 0.878 Thread 0x00000000166f8000 DEOPT PACKING pc=0x0000000002ac2490 sp=0x0000000016e9e330
Event: 0.878 Thread 0x00000000166f8000 DEOPT UNPACKING pc=0x00000000027e556a sp=0x0000000016e9e248 mode 2
Event: 0.968 Thread 0x00000000166f8000 DEOPT PACKING pc=0x0000000002ca0457 sp=0x0000000016e9e1f0
Event: 0.968 Thread 0x00000000166f8000 DEOPT UNPACKING pc=0x00000000027e75bf sp=0x0000000016e9dfb0 mode 0
Event: 0.981 Executing VM operation: ParallelGCFailedAllocation
Event: 1.014 Executing VM operation: ParallelGCFailedAllocation done


Dynamic libraries:
0x00007ff6a0730000 - 0x00007ff6a0761000 	C:\Program Files\Android\Android Studio\jre\bin\java.exe
0x00007ff8b8430000 - 0x00007ff8b85f2000 	C:\Windows\SYSTEM32\ntdll.dll
0x00007ff8b7440000 - 0x00007ff8b74ed000 	C:\Windows\system32\KERNEL32.DLL
0x00007ff8b5810000 - 0x00007ff8b59ed000 	C:\Windows\system32\KERNELBASE.dll
0x00007ff8b8110000 - 0x00007ff8b81b6000 	C:\Windows\system32\ADVAPI32.dll
0x00007ff8b8390000 - 0x00007ff8b842d000 	C:\Windows\system32\msvcrt.dll
0x00007ff8b5b70000 - 0x00007ff8b5bcb000 	C:\Windows\system32\sechost.dll
0x00007ff8b7630000 - 0x00007ff8b7756000 	C:\Windows\system32\RPCRT4.dll
0x00007ff8b5d60000 - 0x00007ff8b5eae000 	C:\Windows\system32\USER32.dll
0x00007ff8b5bd0000 - 0x00007ff8b5d53000 	C:\Windows\system32\GDI32.dll
0x00007ff8ad830000 - 0x00007ff8adaa4000 	C:\Windows\WinSxS\amd64_microsoft.windows.common-controls_6595b64144ccf1df_6.0.10240.17184_none_f41d7a705752bce6\COMCTL32.dll
0x00007ff8b80c0000 - 0x00007ff8b80f6000 	C:\Windows\system32\IMM32.DLL
0x00007ff8b7980000 - 0x00007ff8b7adc000 	C:\Windows\system32\MSCTF.dll
0x000000005a1d0000 - 0x000000005a2a2000 	C:\Program Files\Android\Android Studio\jre\jre\bin\msvcr100.dll
0x000000005a2b0000 - 0x000000005aaec000 	C:\Program Files\Android\Android Studio\jre\jre\bin\server\jvm.dll
0x00007ff8b8100000 - 0x00007ff8b8108000 	C:\Windows\system32\PSAPI.DLL
0x00007ff8aac90000 - 0x00007ff8aac99000 	C:\Windows\SYSTEM32\WSOCK32.dll
0x00007ff8b7760000 - 0x00007ff8b77c9000 	C:\Windows\system32\WS2_32.dll
0x00007ff8b5b50000 - 0x00007ff8b5b58000 	C:\Windows\system32\NSI.dll
0x00007ff8b3110000 - 0x00007ff8b3133000 	C:\Windows\SYSTEM32\WINMM.dll
0x00007ff8acb00000 - 0x00007ff8acb0a000 	C:\Windows\SYSTEM32\VERSION.dll
0x00007ff8b30b0000 - 0x00007ff8b30dc000 	C:\Windows\SYSTEM32\WINMMBASE.dll
0x00007ff8b59f0000 - 0x00007ff8b5a34000 	C:\Windows\system32\cfgmgr32.dll
0x00007ff8b37d0000 - 0x00007ff8b37f7000 	C:\Windows\SYSTEM32\DEVOBJ.dll
0x00007ff8ad770000 - 0x00007ff8ad77f000 	C:\Program Files\Android\Android Studio\jre\jre\bin\verify.dll
0x00007ff8abbb0000 - 0x00007ff8abbd9000 	C:\Program Files\Android\Android Studio\jre\jre\bin\java.dll
0x00007ff8ad550000 - 0x00007ff8ad566000 	C:\Program Files\Android\Android Studio\jre\jre\bin\zip.dll
0x00007ff8b5f10000 - 0x00007ff8b7433000 	C:\Windows\system32\SHELL32.dll
0x00007ff8b4ef0000 - 0x00007ff8b5519000 	C:\Windows\system32\windows.storage.dll
0x00007ff8b7bb0000 - 0x00007ff8b7e2c000 	C:\Windows\system32\combase.dll
0x00007ff8b5af0000 - 0x00007ff8b5b41000 	C:\Windows\system32\shlwapi.dll
0x00007ff8b4ec0000 - 0x00007ff8b4ecf000 	C:\Windows\system32\kernel.appcore.dll
0x00007ff8b56f0000 - 0x00007ff8b57a3000 	C:\Windows\system32\shcore.dll
0x00007ff8b4e70000 - 0x00007ff8b4eba000 	C:\Windows\system32\powrprof.dll
0x00007ff8b4e50000 - 0x00007ff8b4e63000 	C:\Windows\system32\profapi.dll

VM Arguments:
jvm_args: -Djava.awt.headless=true -Xmx1024M -Dfile.encoding=windows-1256 -Duser.country=US -Duser.language=en -Duser.variant 
java_command: com.android.dx.command.Main --dex --num-threads=4 --multi-dex --output C:\Users\FCC\Desktop\Projects\Mahan\app\build\intermediates\transforms\dex\debug\folders\1000\1\debug_121a6cf105b6af5ee7b1e1b4f53140a6205c8b5b C:\Users\FCC\Desktop\Projects\Mahan\app\build\intermediates\classes\debug
java_class_path (initial): C:\AndroidSDK\AndroidSDK\AndroidSDK\build-tools\25.0.3\lib\dx.jar
Launcher Type: SUN_STANDARD

Environment Variables:
JAVA_HOME=C:\Program Files\Java\jdk1.9.0
PATH=C:\ProgramData\Oracle\Java\javapath;C:\Program Files\Microsoft MPI\Bin\;C:\Program Files (x86)\Intel\iCLS Client\;C:\Program Files\Intel\iCLS Client\;C:\Windows\system32;C:\Windows;C:\Windows\System32\Wbem;C:\Windows\System32\WindowsPowerShell\v1.0\;C:\Program Files (x86)\Intel\Intel(R) Management Engine Components\DAL;C:\Program Files\Intel\Intel(R) Management Engine Components\DAL;C:\Program Files (x86)\Intel\Intel(R) Management Engine Components\IPT;C:\Program Files\Intel\Intel(R) Management Engine Components\IPT;C:\Program Files\Git\cmd
USERNAME=FCC
OS=Windows_NT
PROCESSOR_IDENTIFIER=Intel64 Family 6 Model 94 Stepping 3, GenuineIntel



---------------  S Y S T E M  ---------------

OS: Windows 10.0 , 64 bit Build 10240 (10.0.10240.17113)

CPU:total 4 (4 cores per cpu, 1 threads per core) family 6 model 94 stepping 3, cmov, cx8, fxsr, mmx, sse, sse2, sse3, ssse3, sse4.1, sse4.2, popcnt, avx, avx2, aes, clmul, erms, rtm, 3dnowpref, lzcnt, tsc, tscinvbit, bmi1, bmi2, adx

Memory: 4k page, physical 8261104k(1140056k free), swap 10340368k(4256k free)

vm_info: OpenJDK 64-Bit Server VM (25.112-b06) for windows-amd64 JRE (1.8.0_112-release-b06), built on Dec  8 2016 00:54:26 by "builder" with MS VC++ 10.0 (VS2010)

time: Tue Oct 24 09:22:23 2017
elapsed time: 1 seconds (0d 0h 0m 1s)

