#
# There is insufficient memory for the Java Runtime Environment to continue.
# Native memory allocation (malloc) failed to allocate 1180256 bytes for Chunk::new
# Possible reasons:
#   The system is out of physical RAM or swap space
#   In 32 bit mode, the process size limit was hit
# Possible solutions:
#   Reduce memory load on the system
#   Increase physical memory or swap space
#   Check if swap backing store is full
#   Use 64 bit Java on a 64 bit OS
#   Decrease Java heap size (-Xmx/-Xms)
#   Decrease number of Java threads
#   Decrease Java thread stack sizes (-Xss)
#   Set larger code cache with -XX:ReservedCodeCacheSize=
# This output file may be truncated or incomplete.
#
#  Out of Memory Error (allocation.cpp:390), pid=3544, tid=0x0000000000002b74
#
# JRE version: OpenJDK Runtime Environment (8.0_76-b03) (build 1.8.0_76-release-b03)
# Java VM: OpenJDK 64-Bit Server VM (25.76-b03 mixed mode windows-amd64 compressed oops)
# Failed to write core dump. Minidumps are not enabled by default on client versions of Windows
#

---------------  T H R E A D  ---------------

Current thread (0x00000000155fb000):  JavaThread "C2 CompilerThread1" daemon [_thread_in_native, id=11124, stack(0x0000000017010000,0x0000000017110000)]

Stack: [0x0000000017010000,0x0000000017110000]
[error occurred during error reporting (printing stack bounds), id 0xc0000005]

Native frames: (J=compiled Java code, j=interpreted, Vv=VM code, C=native code)


Current CompileTask:
C2:   1621 1425   !   4       com.android.dx.cf.cst.ConstantPoolParser::parse0 (731 bytes)


---------------  P R O C E S S  ---------------

Java Threads: ( => current thread )
  0x0000000016f7c000 JavaThread "pool-2-thread-4" [_thread_blocked, id=1288, stack(0x0000000018010000,0x0000000018110000)]
  0x0000000016f7b800 JavaThread "pool-2-thread-3" [_thread_blocked, id=10436, stack(0x0000000017f10000,0x0000000018010000)]
  0x0000000016f7a800 JavaThread "pool-2-thread-2" [_thread_in_Java, id=13136, stack(0x0000000017e10000,0x0000000017f10000)]
  0x0000000016eef800 JavaThread "pool-3-thread-1" [_thread_blocked, id=13500, stack(0x0000000017d10000,0x0000000017e10000)]
  0x0000000016f4a000 JavaThread "pool-2-thread-1" [_thread_blocked, id=9560, stack(0x0000000017c10000,0x0000000017d10000)]
  0x0000000016c5a800 JavaThread "Service Thread" daemon [_thread_blocked, id=11052, stack(0x0000000017210000,0x0000000017310000)]
  0x00000000155fe000 JavaThread "C1 CompilerThread2" daemon [_thread_blocked, id=14732, stack(0x0000000017110000,0x0000000017210000)]
=>0x00000000155fb000 JavaThread "C2 CompilerThread1" daemon [_thread_in_native, id=11124, stack(0x0000000017010000,0x0000000017110000)]
  0x00000000155ea000 JavaThread "C2 CompilerThread0" daemon [_thread_in_native, id=8264, stack(0x0000000016b10000,0x0000000016c10000)]
  0x00000000155e9000 JavaThread "Attach Listener" daemon [_thread_blocked, id=12936, stack(0x0000000016a10000,0x0000000016b10000)]
  0x0000000015595800 JavaThread "Signal Dispatcher" daemon [_thread_blocked, id=6104, stack(0x0000000016910000,0x0000000016a10000)]
  0x0000000002ec5800 JavaThread "Finalizer" daemon [_thread_blocked, id=13656, stack(0x0000000016810000,0x0000000016910000)]
  0x0000000002ec0000 JavaThread "Reference Handler" daemon [_thread_blocked, id=8020, stack(0x0000000016710000,0x0000000016810000)]
  0x0000000002dd0800 JavaThread "main" [_thread_blocked, id=12300, stack(0x00000000029d0000,0x0000000002ad0000)]

Other Threads:
  0x0000000015565800 VMThread [stack: 0x0000000016610000,0x0000000016710000] [id=9388]
  0x0000000016c5c800 WatcherThread [stack: 0x0000000017310000,0x0000000017410000] [id=16212]

VM state:synchronizing (normal execution)

VM Mutex/Monitor currently owned by a thread:  ([mutex/lock_event])
[0x0000000002dccdb0] Safepoint_lock - owner thread: 0x0000000015565800
[0x0000000002dcc930] Threads_lock - owner thread: 0x0000000015565800
[0x0000000002dccb30] Heap_lock - owner thread: 0x0000000016f7b800

Heap:
 PSYoungGen      total 38400K, used 38398K [0x00000000eab00000, 0x00000000ed580000, 0x0000000100000000)
  eden space 33280K, 100% used [0x00000000eab00000,0x00000000ecb80000,0x00000000ecb80000)
  from space 5120K, 99% used [0x00000000ecb80000,0x00000000ed07f990,0x00000000ed080000)
  to   space 5120K, 0% used [0x00000000ed080000,0x00000000ed080000,0x00000000ed580000)
 ParOldGen       total 87552K, used 109K [0x00000000c0000000, 0x00000000c5580000, 0x00000000eab00000)
  object space 87552K, 0% used [0x00000000c0000000,0x00000000c001b4c8,0x00000000c5580000)
 Metaspace       used 6053K, capacity 7088K, committed 7296K, reserved 1056768K
  class space    used 568K, capacity 616K, committed 640K, reserved 1048576K

Card table byte_map: [0x0000000012290000,0x00000000124a0000] byte_map_base: 0x0000000011c90000

Marking Bits: (ParMarkBitMap*) 0x0000000060b79d00
 Begin Bits: [0x0000000012a00000, 0x0000000013a00000)
 End Bits:   [0x0000000013a00000, 0x0000000014a00000)

Polling page: 0x0000000001230000

CodeCache: size=245760Kb used=6006Kb max_used=6006Kb free=239753Kb
 bounds [0x0000000002ed0000, 0x00000000034c0000, 0x0000000011ed0000]
 total_blobs=1750 nmethods=1488 adapters=176
 compilation: enabled

Compilation events (10 events):
Event: 1.602 Thread 0x00000000155fe000 nmethod 1498 0x00000000034ae6d0 code [0x00000000034ae880, 0x00000000034aeda8]
Event: 1.603 Thread 0x00000000155fe000 1499       3       java.lang.String::<init> (15 bytes)
Event: 1.603 Thread 0x00000000155fe000 nmethod 1499 0x00000000034aefd0 code [0x00000000034af160, 0x00000000034af548]
Event: 1.604 Thread 0x00000000155fe000 1500       3       com.android.dx.util.Hex::u2 (44 bytes)
Event: 1.604 Thread 0x00000000155fe000 nmethod 1500 0x00000000034af710 code [0x00000000034af8c0, 0x00000000034aff38]
Event: 1.608 Thread 0x00000000155fe000 1501       3       java.util.concurrent.locks.LockSupport::setBlocker (12 bytes)
Event: 1.608 Thread 0x00000000155fe000 nmethod 1501 0x00000000034b05d0 code [0x00000000034b0720, 0x00000000034b0870]
Event: 1.609 Thread 0x00000000155fe000 1503       3       com.android.dx.cf.code.OneLocalsArray::makeInitialized (55 bytes)
Event: 1.609 Thread 0x00000000155fe000 nmethod 1503 0x00000000034b08d0 code [0x00000000034b0a80, 0x00000000034b1138]
Event: 1.620 Thread 0x00000000155fe000 1504       3       com.android.dx.ssa.NormalSsaInsn::isMoveException (20 bytes)

GC Heap History (2 events):
Event: 1.242 GC heap before
{Heap before GC invocations=1 (full 0):
 PSYoungGen      total 38400K, used 33280K [0x00000000eab00000, 0x00000000ed580000, 0x0000000100000000)
  eden space 33280K, 100% used [0x00000000eab00000,0x00000000ecb80000,0x00000000ecb80000)
  from space 5120K, 0% used [0x00000000ed080000,0x00000000ed080000,0x00000000ed580000)
  to   space 5120K, 0% used [0x00000000ecb80000,0x00000000ecb80000,0x00000000ed080000)
 ParOldGen       total 87552K, used 0K [0x00000000c0000000, 0x00000000c5580000, 0x00000000eab00000)
  object space 87552K, 0% used [0x00000000c0000000,0x00000000c0000000,0x00000000c5580000)
 Metaspace       used 5750K, capacity 6832K, committed 7040K, reserved 1056768K
  class space    used 565K, capacity 616K, committed 640K, reserved 1048576K
Event: 1.281 GC heap after
Heap after GC invocations=1 (full 0):
 PSYoungGen      total 38400K, used 5118K [0x00000000eab00000, 0x00000000ed580000, 0x0000000100000000)
  eden space 33280K, 0% used [0x00000000eab00000,0x00000000eab00000,0x00000000ecb80000)
  from space 5120K, 99% used [0x00000000ecb80000,0x00000000ed07f990,0x00000000ed080000)
  to   space 5120K, 0% used [0x00000000ed080000,0x00000000ed080000,0x00000000ed580000)
 ParOldGen       total 87552K, used 109K [0x00000000c0000000, 0x00000000c5580000, 0x00000000eab00000)
  object space 87552K, 0% used [0x00000000c0000000,0x00000000c001b4c8,0x00000000c5580000)
 Metaspace       used 5750K, capacity 6832K, committed 7040K, reserved 1056768K
  class space    used 565K, capacity 616K, committed 640K, reserved 1048576K
}

Deoptimization events (10 events):
Event: 1.222 Thread 0x0000000002dd0800 Uncommon trap: reason=class_check action=maybe_recompile pc=0x000000000323f928 method=com.android.dx.rop.type.Type.equals(Ljava/lang/Object;)Z @ 8
Event: 1.222 Thread 0x0000000002dd0800 Uncommon trap: reason=class_check action=maybe_recompile pc=0x000000000323f928 method=com.android.dx.rop.type.Type.equals(Ljava/lang/Object;)Z @ 8
Event: 1.223 Thread 0x0000000002dd0800 Uncommon trap: reason=class_check action=maybe_recompile pc=0x000000000323f928 method=com.android.dx.rop.type.Type.equals(Ljava/lang/Object;)Z @ 8
Event: 1.223 Thread 0x0000000002dd0800 Uncommon trap: reason=class_check action=maybe_recompile pc=0x000000000323f928 method=com.android.dx.rop.type.Type.equals(Ljava/lang/Object;)Z @ 8
Event: 1.223 Thread 0x0000000002dd0800 Uncommon trap: reason=class_check action=maybe_recompile pc=0x0000000003236028 method=com.android.dx.rop.type.Type.equals(Ljava/lang/Object;)Z @ 8
Event: 1.224 Thread 0x0000000002dd0800 Uncommon trap: reason=unstable_if action=reinterpret pc=0x0000000003123970 method=java.util.BitSet.nextSetBit(I)I @ 87
Event: 1.286 Thread 0x0000000002dd0800 Uncommon trap: reason=unstable_if action=reinterpret pc=0x000000000320435c method=com.android.dx.rop.cst.Constant.compareTo(Lcom/android/dx/rop/cst/Constant;)I @ 12
Event: 1.287 Thread 0x0000000002dd0800 Uncommon trap: reason=class_check action=maybe_recompile pc=0x0000000003177a5c method=com.android.dx.rop.type.Type.equals(Ljava/lang/Object;)Z @ 8
Event: 1.288 Thread 0x0000000002dd0800 Uncommon trap: reason=class_check action=maybe_recompile pc=0x00000000031806b4 method=com.android.dx.rop.type.Type.equals(Ljava/lang/Object;)Z @ 8
Event: 1.332 Thread 0x0000000016f7c000 Uncommon trap: reason=unstable_if action=reinterpret pc=0x000000000321248c method=com.android.dx.rop.code.LocalItem.hashCode()I @ 25

Internal exceptions (2 events):
Event: 0.145 Thread 0x0000000002dd0800 Exception <a 'java/lang/NoSuchMethodError': Method sun.misc.Unsafe.defineClass(Ljava/lang/String;[BII)Ljava/lang/Class; name or signature does not match> (0x00000000eab07cc0) thrown at [C:\src\android\AOSP-openjdk\external\jetbrains\jdk\hotspot\src\share\v»±›©ä˜Â?
Event: 0.145 Thread 0x0000000002dd0800 Exception <a 'java/lang/NoSuchMethodError': Method sun.misc.Unsafe.prefetchRead(Ljava/lang/Object;J)V name or signature does not match> (0x00000000eab07fa8) thrown at [C:\src\android\AOSP-openjdk\external\jetbrains\jdk\hotspot\src\share\vm\prims\jni.cpp, l

Events (10 events):
Event: 1.327 loading class com/android/dx/cf/attrib/AttRuntimeVisibleAnnotations done
Event: 1.330 loading class java/util/TreeMap$EntrySet
Event: 1.330 loading class java/util/TreeMap$EntrySet done
Event: 1.330 loading class java/util/TreeMap$EntryIterator
Event: 1.330 loading class java/util/TreeMap$EntryIterator done
Event: 1.330 Executing VM operation: Deoptimize
Event: 1.330 Executing VM operation: Deoptimize done
Event: 1.332 Thread 0x0000000016f7c000 Uncommon trap: trap_request=0xffffff65 fr.pc=0x000000000321248c
Event: 1.332 Thread 0x0000000016f7c000 DEOPT PACKING pc=0x000000000321248c sp=0x000000001810e5e0
Event: 1.332 Thread 0x0000000016f7c000 DEOPT UNPACKING pc=0x0000000002f1556a sp=0x000000001810e208 mode 2


Dynamic libraries:
0x00007ff671860000 - 0x00007ff671891000 	C:\Program Files\Android\Android Studio\jre\bin\java.exe
0x00007ffc03e20000 - 0x00007ffc03fe2000 	C:\Windows\SYSTEM32\ntdll.dll
0x00007ffc03890000 - 0x00007ffc0393d000 	C:\Windows\system32\KERNEL32.DLL
0x00007ffc01310000 - 0x00007ffc014ed000 	C:\Windows\system32\KERNELBASE.dll
0x00007ffc03bc0000 - 0x00007ffc03c66000 	C:\Windows\system32\ADVAPI32.dll
0x00007ffc03ae0000 - 0x00007ffc03b7d000 	C:\Windows\system32\msvcrt.dll
0x00007ffc01a90000 - 0x00007ffc01aeb000 	C:\Windows\system32\sechost.dll
0x00007ffc014f0000 - 0x00007ffc01616000 	C:\Windows\system32\RPCRT4.dll
0x00007ffc01620000 - 0x00007ffc0176e000 	C:\Windows\system32\USER32.dll
0x00007ffc01d40000 - 0x00007ffc01ec5000 	C:\Windows\system32\GDI32.dll
0x00007ffbeb0d0000 - 0x00007ffbeb344000 	C:\Windows\WinSxS\amd64_microsoft.windows.common-controls_6595b64144ccf1df_6.0.10240.16384_none_f41f7b285750ef43\COMCTL32.dll
0x00007ffc03b80000 - 0x00007ffc03bb6000 	C:\Windows\system32\IMM32.DLL
0x00007ffc03400000 - 0x00007ffc0355c000 	C:\Windows\system32\MSCTF.dll
0x00000000602e0000 - 0x00000000603b2000 	C:\Program Files\Android\Android Studio\jre\jre\bin\msvcr100.dll
0x00000000603c0000 - 0x0000000060bf4000 	C:\Program Files\Android\Android Studio\jre\jre\bin\server\jvm.dll
0x00007ffc01a00000 - 0x00007ffc01a08000 	C:\Windows\system32\PSAPI.DLL
0x00007ffbe4230000 - 0x00007ffbe4239000 	C:\Windows\SYSTEM32\WSOCK32.dll
0x00007ffc01a20000 - 0x00007ffc01a89000 	C:\Windows\system32\WS2_32.dll
0x00007ffc01af0000 - 0x00007ffc01af8000 	C:\Windows\system32\NSI.dll
0x00007ffbf0dc0000 - 0x00007ffbf0de3000 	C:\Windows\SYSTEM32\WINMM.dll
0x00007ffbf7eb0000 - 0x00007ffbf7eba000 	C:\Windows\SYSTEM32\VERSION.dll
0x00007ffbf0d50000 - 0x00007ffbf0d7c000 	C:\Windows\SYSTEM32\WINMMBASE.dll
0x00007ffc010f0000 - 0x00007ffc01134000 	C:\Windows\system32\cfgmgr32.dll
0x00007ffbff1c0000 - 0x00007ffbff1e7000 	C:\Windows\SYSTEM32\DEVOBJ.dll
0x00007ffbf9c80000 - 0x00007ffbf9c8f000 	C:\Program Files\Android\Android Studio\jre\jre\bin\verify.dll
0x00007ffbf9630000 - 0x00007ffbf9659000 	C:\Program Files\Android\Android Studio\jre\jre\bin\java.dll
0x00007ffbf93d0000 - 0x00007ffbf93e6000 	C:\Program Files\Android\Android Studio\jre\jre\bin\zip.dll
0x00007ffc01ed0000 - 0x00007ffc033f5000 	C:\Windows\system32\SHELL32.dll
0x00007ffc008f0000 - 0x00007ffc00f18000 	C:\Windows\system32\windows.storage.dll
0x00007ffc03610000 - 0x00007ffc0388c000 	C:\Windows\system32\combase.dll
0x00007ffc03a80000 - 0x00007ffc03ad1000 	C:\Windows\system32\shlwapi.dll
0x00007ffc00870000 - 0x00007ffc0087f000 	C:\Windows\system32\kernel.appcore.dll
0x00007ffc01250000 - 0x00007ffc01303000 	C:\Windows\system32\shcore.dll
0x00007ffc008a0000 - 0x00007ffc008ea000 	C:\Windows\system32\powrprof.dll
0x00007ffc00850000 - 0x00007ffc00863000 	C:\Windows\system32\profapi.dll

VM Arguments:
jvm_args: -Djava.awt.headless=true -Xmx1024M -Dfile.encoding=windows-1256 -Duser.country=US -Duser.language=en -Duser.variant 
java_command: com.android.dx.command.Main --dex --force-jumbo --num-threads=4 --multi-dex --output C:\Users\FCC\Desktop\Aspa\app\build\intermediates\transforms\dex\debug\folders\1000\10\com.android.support-support-compat-25.1.0_f1246ff97e2dda8ad8f48fa8d8921b43cba0dace C:\Users\FCC\Desktop\Aspa\app\build\intermediates\exploded-aar\com.android.support\support-compat\25.1.0\jars\classes.jar
java_class_path (initial): C:\Users\FCC\AppData\Local\Android\AndroidSDK\build-tools\23.0.3\lib\dx.jar
Launcher Type: SUN_STANDARD

Environment Variables:
PATH=C:\ProgramData\Oracle\Java\javapath;C:\Program Files\Microsoft MPI\Bin\;C:\Program Files (x86)\Intel\iCLS Client\;C:\Program Files\Intel\iCLS Client\;C:\Windows\system32;C:\Windows;C:\Windows\System32\Wbem;C:\Windows\System32\WindowsPowerShell\v1.0\;C:\Program Files (x86)\Intel\Intel(R) Management Engine Components\DAL;C:\Program Files\Intel\Intel(R) Management Engine Components\DAL;C:\Program Files (x86)\Intel\Intel(R) Management Engine Components\IPT;C:\Program Files\Intel\Intel(R) Management Engine Components\IPT;C:\Program Files\Microsoft SQL Server\120\Tools\Binn\;C:\Program Files\Microsoft SQL Server\130\Tools\Binn\;C:\Program Files (x86)\Microsoft SQL Server\130\Tools\Binn\;C:\Program Files (x86)\Microsoft SQL Server\130\DTS\Binn\;C:\Program Files\Microsoft SQL Server\130\DTS\Binn\;C:\Program Files\Microsoft SQL Server\Client SDK\ODBC\130\Tools\Binn\;C:\Program Files\Git\cmd
USERNAME=FCC
OS=Windows_NT
PROCESSOR_IDENTIFIER=Intel64 Family 6 Model 94 Stepping 3, GenuineIntel



---------------  S Y S T E M  ---------------

OS: Windows 10.0 , 64 bit Build 10240 (10.0.10240.16384)

CPU:total 4 (4 cores per cpu, 1 threads per core) family 6 model 94 stepping 3, cmov, cx8, fxsr, mmx, sse, sse2, sse3, ssse3, sse4.1, sse4.2, popcnt, avx, avx2, aes, clmul, erms, rtm, 3dnowpref, lzcnt, tsc, tscinvbit, bmi1, bmi2, adx

Memory: 4k page, physical 8261104k(622420k free), swap 12918812k(6260k free)

vm_info: OpenJDK 64-Bit Server VM (25.76-b03) for windows-amd64 JRE (1.8.0_76-release-b03), built on Jun 29 2016 19:09:20 by "ralucas" with MS VC++ 10.0 (VS2010)

time: Sun Feb 26 10:55:15 2017
elapsed time: 1 seconds (0d 0h 0m 1s)

