#
# There is insufficient memory for the Java Runtime Environment to continue.
# Native memory allocation (malloc) failed to allocate 363056 bytes for Chunk::new
# Possible reasons:
#   The system is out of physical RAM or swap space
#   In 32 bit mode, the process size limit was hit
# Possible solutions:
#   Reduce memory load on the system
#   Increase physical memory or swap space
#   Check if swap backing store is full
#   Use 64 bit Java on a 64 bit OS
#   Decrease Java heap size (-Xmx/-Xms)
#   Decrease number of Java threads
#   Decrease Java thread stack sizes (-Xss)
#   Set larger code cache with -XX:ReservedCodeCacheSize=
# This output file may be truncated or incomplete.
#
#  Out of Memory Error (allocation.cpp:390), pid=5044, tid=0x0000000000001cd0
#
# JRE version: OpenJDK Runtime Environment (8.0_112-b06) (build 1.8.0_112-release-b06)
# Java VM: OpenJDK 64-Bit Server VM (25.112-b06 mixed mode windows-amd64 compressed oops)
# Failed to write core dump. Minidumps are not enabled by default on client versions of Windows
#

---------------  T H R E A D  ---------------

Current thread (0x00000000148ba800):  JavaThread "C2 CompilerThread0" daemon [_thread_in_native, id=7376, stack(0x0000000015eb0000,0x0000000015fb0000)]

Stack: [0x0000000015eb0000,0x0000000015fb0000]
[error occurred during error reporting (printing stack bounds), id 0xc0000005]

Native frames: (J=compiled Java code, j=interpreted, Vv=VM code, C=native code)


Current CompileTask:
C2:  11677 2621       4       com.android.dx.cf.code.Simulator$SimVisitor::visitNoArgs (2136 bytes)


---------------  P R O C E S S  ---------------

Java Threads: ( => current thread )
  0x0000000016912800 JavaThread "pool-2-thread-4" [_thread_blocked, id=5260, stack(0x00000000173b0000,0x00000000174b0000)]
  0x0000000016912000 JavaThread "pool-2-thread-3" [_thread_blocked, id=6432, stack(0x00000000172b0000,0x00000000173b0000)]
  0x000000001689c000 JavaThread "pool-2-thread-2" [_thread_in_Java, id=1360, stack(0x00000000171b0000,0x00000000172b0000)]
  0x00000000164f4800 JavaThread "pool-3-thread-1" [_thread_blocked, id=6208, stack(0x00000000170b0000,0x00000000171b0000)]
  0x00000000164f3800 JavaThread "pool-2-thread-1" [_thread_blocked, id=2752, stack(0x0000000016fb0000,0x00000000170b0000)]
  0x00000000161b0800 JavaThread "Service Thread" daemon [_thread_blocked, id=3908, stack(0x00000000165b0000,0x00000000166b0000)]
  0x00000000148c4800 JavaThread "C1 CompilerThread2" daemon [_thread_blocked, id=7324, stack(0x00000000160b0000,0x00000000161b0000)]
  0x00000000148be000 JavaThread "C2 CompilerThread1" daemon [_thread_in_native, id=7280, stack(0x0000000015fb0000,0x00000000160b0000)]
=>0x00000000148ba800 JavaThread "C2 CompilerThread0" daemon [_thread_in_native, id=7376, stack(0x0000000015eb0000,0x0000000015fb0000)]
  0x00000000148b9800 JavaThread "Attach Listener" daemon [_thread_blocked, id=4804, stack(0x0000000015db0000,0x0000000015eb0000)]
  0x00000000148b6800 JavaThread "Signal Dispatcher" daemon [_thread_blocked, id=6336, stack(0x0000000015cb0000,0x0000000015db0000)]
  0x000000000219b000 JavaThread "Finalizer" daemon [_thread_blocked, id=8064, stack(0x0000000015ad0000,0x0000000015bd0000)]
  0x0000000002190000 JavaThread "Reference Handler" daemon [_thread_blocked, id=7720, stack(0x00000000159d0000,0x0000000015ad0000)]
  0x00000000020a0800 JavaThread "main" [_thread_blocked, id=5144, stack(0x0000000001fa0000,0x00000000020a0000)]

Other Threads:
  0x0000000014835800 VMThread [stack: 0x00000000158d0000,0x00000000159d0000] [id=7320]
  0x00000000161b2800 WatcherThread [stack: 0x00000000166b0000,0x00000000167b0000] [id=6768]

VM state:not at safepoint (normal execution)

VM Mutex/Monitor currently owned by a thread: None

Heap:
 PSYoungGen      total 232960K, used 109447K [0x00000000eab00000, 0x0000000100000000, 0x0000000100000000)
  eden space 116736K, 62% used [0x00000000eab00000,0x00000000ef1e1580,0x00000000f1d00000)
  from space 116224K, 31% used [0x00000000f8e80000,0x00000000fb280968,0x0000000100000000)
  to   space 116224K, 0% used [0x00000000f1d00000,0x00000000f1d00000,0x00000000f8e80000)
 ParOldGen       total 664576K, used 479991K [0x00000000c0000000, 0x00000000e8900000, 0x00000000eab00000)
  object space 664576K, 72% used [0x00000000c0000000,0x00000000dd4bdfe8,0x00000000e8900000)
 Metaspace       used 6464K, capacity 7280K, committed 7552K, reserved 1056768K
  class space    used 590K, capacity 616K, committed 640K, reserved 1048576K

Card table byte_map: [0x0000000011560000,0x0000000011770000] byte_map_base: 0x0000000010f60000

Marking Bits: (ParMarkBitMap*) 0x00000000667918f0
 Begin Bits: [0x0000000011cd0000, 0x0000000012cd0000)
 End Bits:   [0x0000000012cd0000, 0x0000000013cd0000)

Polling page: 0x0000000001ea0000

CodeCache: size=245760Kb used=12905Kb max_used=13042Kb free=232854Kb
 bounds [0x00000000021a0000, 0x0000000002e70000, 0x00000000111a0000]
 total_blobs=2852 nmethods=2589 adapters=176
 compilation: enabled

Compilation events (10 events):
Event: 11.645 Thread 0x00000000148c4800 2673       2       java.util.HashMap::newTreeNode (13 bytes)
Event: 11.645 Thread 0x00000000148c4800 nmethod 2673 0x00000000022ffe10 code [0x00000000022fff60, 0x0000000002300150]
Event: 11.667 Thread 0x00000000148c4800 2676       2       com.android.dx.util.ListIntSet::<init> (23 bytes)
Event: 11.668 Thread 0x00000000148c4800 nmethod 2676 0x000000000230f6d0 code [0x000000000230f860, 0x000000000230fbd8]
Event: 11.672 Thread 0x00000000148c4800 2681       2       com.android.dx.util.ListIntSet::iterator (9 bytes)
Event: 11.672 Thread 0x00000000148c4800 nmethod 2681 0x00000000022afcd0 code [0x00000000022afe20, 0x00000000022affd0]
Event: 11.672 Thread 0x00000000148c4800 2683       2       com.android.dx.util.ListIntSet$1::hasNext (23 bytes)
Event: 11.673 Thread 0x00000000148c4800 nmethod 2683 0x0000000002305110 code [0x0000000002305260, 0x00000000023053d0]
Event: 11.673 Thread 0x00000000148c4800 2682       2       com.android.dx.util.ListIntSet$1::<init> (15 bytes)
Event: 11.673 Thread 0x00000000148c4800 nmethod 2682 0x0000000002e33890 code [0x0000000002e339e0, 0x0000000002e33b50]

GC Heap History (10 events):
Event: 9.197 GC heap before
{Heap before GC invocations=28 (full 3):
 PSYoungGen      total 225280K, used 202995K [0x00000000eab00000, 0x0000000100000000, 0x0000000100000000)
  eden space 118784K, 100% used [0x00000000eab00000,0x00000000f1f00000,0x00000000f1f00000)
  from space 106496K, 79% used [0x00000000f9800000,0x00000000fea3cce0,0x0000000100000000)
  to   space 115200K, 0% used [0x00000000f1f00000,0x00000000f1f00000,0x00000000f8f80000)
 ParOldGen       total 461312K, used 354774K [0x00000000c0000000, 0x00000000dc280000, 0x00000000eab00000)
  object space 461312K, 76% used [0x00000000c0000000,0x00000000d5a75970,0x00000000dc280000)
 Metaspace       used 6453K, capacity 7280K, committed 7552K, reserved 1056768K
  class space    used 589K, capacity 616K, committed 640K, reserved 1048576K
Event: 9.273 GC heap after
Heap after GC invocations=28 (full 3):
 PSYoungGen      total 221696K, used 102460K [0x00000000eab00000, 0x0000000100000000, 0x0000000100000000)
  eden space 118784K, 0% used [0x00000000eab00000,0x00000000eab00000,0x00000000f1f00000)
  from space 102912K, 99% used [0x00000000f1f00000,0x00000000f830f280,0x00000000f8380000)
  to   space 116224K, 0% used [0x00000000f8e80000,0x00000000f8e80000,0x0000000100000000)
 ParOldGen       total 461312K, used 354774K [0x00000000c0000000, 0x00000000dc280000, 0x00000000eab00000)
  object space 461312K, 76% used [0x00000000c0000000,0x00000000d5a75970,0x00000000dc280000)
 Metaspace       used 6453K, capacity 7280K, committed 7552K, reserved 1056768K
  class space    used 589K, capacity 616K, committed 640K, reserved 1048576K
}
Event: 9.455 GC heap before
{Heap before GC invocations=29 (full 3):
 PSYoungGen      total 221696K, used 221244K [0x00000000eab00000, 0x0000000100000000, 0x0000000100000000)
  eden space 118784K, 100% used [0x00000000eab00000,0x00000000f1f00000,0x00000000f1f00000)
  from space 102912K, 99% used [0x00000000f1f00000,0x00000000f830f280,0x00000000f8380000)
  to   space 116224K, 0% used [0x00000000f8e80000,0x00000000f8e80000,0x0000000100000000)
 ParOldGen       total 461312K, used 354774K [0x00000000c0000000, 0x00000000dc280000, 0x00000000eab00000)
  object space 461312K, 76% used [0x00000000c0000000,0x00000000d5a75970,0x00000000dc280000)
 Metaspace       used 6453K, capacity 7280K, committed 7552K, reserved 1056768K
  class space    used 589K, capacity 616K, committed 640K, reserved 1048576K
Event: 9.532 GC heap after
Heap after GC invocations=29 (full 3):
 PSYoungGen      total 232960K, used 87942K [0x00000000eab00000, 0x0000000100000000, 0x0000000100000000)
  eden space 116736K, 0% used [0x00000000eab00000,0x00000000eab00000,0x00000000f1d00000)
  from space 116224K, 75% used [0x00000000f8e80000,0x00000000fe461b30,0x0000000100000000)
  to   space 116224K, 0% used [0x00000000f1d00000,0x00000000f1d00000,0x00000000f8e80000)
 ParOldGen       total 461312K, used 387205K [0x00000000c0000000, 0x00000000dc280000, 0x00000000eab00000)
  object space 461312K, 83% used [0x00000000c0000000,0x00000000d7a215b8,0x00000000dc280000)
 Metaspace       used 6453K, capacity 7280K, committed 7552K, reserved 1056768K
  class space    used 589K, capacity 616K, committed 640K, reserved 1048576K
}
Event: 9.670 GC heap before
{Heap before GC invocations=30 (full 3):
 PSYoungGen      total 232960K, used 204678K [0x00000000eab00000, 0x0000000100000000, 0x0000000100000000)
  eden space 116736K, 100% used [0x00000000eab00000,0x00000000f1d00000,0x00000000f1d00000)
  from space 116224K, 75% used [0x00000000f8e80000,0x00000000fe461b30,0x0000000100000000)
  to   space 116224K, 0% used [0x00000000f1d00000,0x00000000f1d00000,0x00000000f8e80000)
 ParOldGen       total 461312K, used 387205K [0x00000000c0000000, 0x00000000dc280000, 0x00000000eab00000)
  object space 461312K, 83% used [0x00000000c0000000,0x00000000d7a215b8,0x00000000dc280000)
 Metaspace       used 6453K, capacity 7280K, committed 7552K, reserved 1056768K
  class space    used 589K, capacity 616K, committed 640K, reserved 1048576K
Event: 9.738 GC heap after
Heap after GC invocations=30 (full 3):
 PSYoungGen      total 232960K, used 77862K [0x00000000eab00000, 0x0000000100000000, 0x0000000100000000)
  eden space 116736K, 0% used [0x00000000eab00000,0x00000000eab00000,0x00000000f1d00000)
  from space 116224K, 66% used [0x00000000f1d00000,0x00000000f6909af0,0x00000000f8e80000)
  to   space 116224K, 0% used [0x00000000f8e80000,0x00000000f8e80000,0x0000000100000000)
 ParOldGen       total 461312K, used 419379K [0x00000000c0000000, 0x00000000dc280000, 0x00000000eab00000)
  object space 461312K, 90% used [0x00000000c0000000,0x00000000d998cda8,0x00000000dc280000)
 Metaspace       used 6453K, capacity 7280K, committed 7552K, reserved 1056768K
  class space    used 589K, capacity 616K, committed 640K, reserved 1048576K
}
Event: 9.738 GC heap before
{Heap before GC invocations=31 (full 4):
 PSYoungGen      total 232960K, used 77862K [0x00000000eab00000, 0x0000000100000000, 0x0000000100000000)
  eden space 116736K, 0% used [0x00000000eab00000,0x00000000eab00000,0x00000000f1d00000)
  from space 116224K, 66% used [0x00000000f1d00000,0x00000000f6909af0,0x00000000f8e80000)
  to   space 116224K, 0% used [0x00000000f8e80000,0x00000000f8e80000,0x0000000100000000)
 ParOldGen       total 461312K, used 419379K [0x00000000c0000000, 0x00000000dc280000, 0x00000000eab00000)
  object space 461312K, 90% used [0x00000000c0000000,0x00000000d998cda8,0x00000000dc280000)
 Metaspace       used 6453K, capacity 7280K, committed 7552K, reserved 1056768K
  class space    used 589K, capacity 616K, committed 640K, reserved 1048576K
Event: 11.291 GC heap after
Heap after GC invocations=31 (full 4):
 PSYoungGen      total 232960K, used 34145K [0x00000000eab00000, 0x0000000100000000, 0x0000000100000000)
  eden space 116736K, 0% used [0x00000000eab00000,0x00000000eab00000,0x00000000f1d00000)
  from space 116224K, 29% used [0x00000000f1d00000,0x00000000f3e586a8,0x00000000f8e80000)
  to   space 116224K, 0% used [0x00000000f8e80000,0x00000000f8e80000,0x0000000100000000)
 ParOldGen       total 664576K, used 461078K [0x00000000c0000000, 0x00000000e8900000, 0x00000000eab00000)
  object space 664576K, 69% used [0x00000000c0000000,0x00000000dc2459f0,0x00000000e8900000)
 Metaspace       used 6453K, capacity 7280K, committed 7552K, reserved 1056768K
  class space    used 589K, capacity 616K, committed 640K, reserved 1048576K
}
Event: 11.482 GC heap before
{Heap before GC invocations=32 (full 4):
 PSYoungGen      total 232960K, used 150881K [0x00000000eab00000, 0x0000000100000000, 0x0000000100000000)
  eden space 116736K, 100% used [0x00000000eab00000,0x00000000f1d00000,0x00000000f1d00000)
  from space 116224K, 29% used [0x00000000f1d00000,0x00000000f3e586a8,0x00000000f8e80000)
  to   space 116224K, 0% used [0x00000000f8e80000,0x00000000f8e80000,0x0000000100000000)
 ParOldGen       total 664576K, used 461078K [0x00000000c0000000, 0x00000000e8900000, 0x00000000eab00000)
  object space 664576K, 69% used [0x00000000c0000000,0x00000000dc2459f0,0x00000000e8900000)
 Metaspace       used 6456K, capacity 7280K, committed 7552K, reserved 1056768K
  class space    used 589K, capacity 616K, committed 640K, reserved 1048576K
Event: 11.586 GC heap after
Heap after GC invocations=32 (full 4):
 PSYoungGen      total 232960K, used 36866K [0x00000000eab00000, 0x0000000100000000, 0x0000000100000000)
  eden space 116736K, 0% used [0x00000000eab00000,0x00000000eab00000,0x00000000f1d00000)
  from space 116224K, 31% used [0x00000000f8e80000,0x00000000fb280968,0x0000000100000000)
  to   space 116224K, 0% used [0x00000000f1d00000,0x00000000f1d00000,0x00000000f8e80000)
 ParOldGen       total 664576K, used 479991K [0x00000000c0000000, 0x00000000e8900000, 0x00000000eab00000)
  object space 664576K, 72% used [0x00000000c0000000,0x00000000dd4bdfe8,0x00000000e8900000)
 Metaspace       used 6456K, capacity 7280K, committed 7552K, reserved 1056768K
  class space    used 589K, capacity 616K, committed 640K, reserved 1048576K
}

Deoptimization events (10 events):
Event: 11.465 Thread 0x0000000016912800 Uncommon trap: reason=bimorphic action=maybe_recompile pc=0x0000000002cad998 method=com.android.dx.cf.code.BytecodeArray.parseInstruction(ILcom/android/dx/cf/code/BytecodeArray$Visitor;)I @ 1019
Event: 11.465 Thread 0x0000000016912800 Uncommon trap: reason=bimorphic action=maybe_recompile pc=0x0000000002cade68 method=com.android.dx.cf.code.BytecodeArray.parseInstruction(ILcom/android/dx/cf/code/BytecodeArray$Visitor;)I @ 1327
Event: 11.465 Thread 0x0000000016912800 Uncommon trap: reason=bimorphic action=maybe_recompile pc=0x0000000002cade68 method=com.android.dx.cf.code.BytecodeArray.parseInstruction(ILcom/android/dx/cf/code/BytecodeArray$Visitor;)I @ 1327
Event: 11.608 Thread 0x0000000016912000 Uncommon trap: reason=class_check action=maybe_recompile pc=0x0000000002b2b504 method=com.android.dx.ssa.SCCP.simulateBranch(Lcom/android/dx/ssa/SsaInsn;)V @ 339
Event: 11.609 Thread 0x0000000016912000 Uncommon trap: reason=class_check action=maybe_recompile pc=0x0000000002b2b504 method=com.android.dx.ssa.SCCP.simulateBranch(Lcom/android/dx/ssa/SsaInsn;)V @ 339
Event: 11.666 Thread 0x000000001689c000 Uncommon trap: reason=predicate action=maybe_recompile pc=0x0000000002be1ee0 method=com.android.dx.ssa.DomFront.run()[Lcom/android/dx/ssa/DomFront$DomInfo; @ 175
Event: 11.671 Thread 0x000000001689c000 Uncommon trap: reason=class_check action=maybe_recompile pc=0x0000000002d64e78 method=com.android.dx.ssa.SsaConverter.placePhiFunctions(Lcom/android/dx/ssa/SsaMethod;Lcom/android/dx/ssa/LocalVariableInfo;I)V @ 257
Event: 11.672 Thread 0x000000001689c000 Uncommon trap: reason=class_check action=maybe_recompile pc=0x0000000002b8530c method=com.android.dx.ssa.SsaConverter.placePhiFunctions(Lcom/android/dx/ssa/SsaMethod;Lcom/android/dx/ssa/LocalVariableInfo;I)V @ 257
Event: 11.672 Thread 0x000000001689c000 Uncommon trap: reason=class_check action=maybe_recompile pc=0x0000000002b8530c method=com.android.dx.ssa.SsaConverter.placePhiFunctions(Lcom/android/dx/ssa/SsaMethod;Lcom/android/dx/ssa/LocalVariableInfo;I)V @ 257
Event: 11.672 Thread 0x000000001689c000 Uncommon trap: reason=class_check action=maybe_recompile pc=0x0000000002b8530c method=com.android.dx.ssa.SsaConverter.placePhiFunctions(Lcom/android/dx/ssa/SsaMethod;Lcom/android/dx/ssa/LocalVariableInfo;I)V @ 257

Internal exceptions (9 events):
Event: 0.018 Thread 0x00000000020a0800 Exception <a 'java/lang/NoSuchMethodError': Method sun.misc.Unsafe.defineClass(Ljava/lang/String;[BII)Ljava/lang/Class; name or signature does not match> (0x00000000eab07c78) thrown at [C:\src\android\AOSP-openjdk\external\jetbrains\jdk\hotspot\src\share\vL¥uΩúOí?
Event: 0.018 Thread 0x00000000020a0800 Exception <a 'java/lang/NoSuchMethodError': Method sun.misc.Unsafe.prefetchRead(Ljava/lang/Object;J)V name or signature does not match> (0x00000000eab07f60) thrown at [C:\src\android\AOSP-openjdk\external\jetbrains\jdk\hotspot\src\share\vm\prims\jni.cpp, lp‡Oç$€?
Event: 0.424 Thread 0x000000001689c000 Implicit null exception at 0x000000000248a022 to 0x000000000248a11a
Event: 0.487 Thread 0x00000000164f3800 Implicit null exception at 0x00000000025565b1 to 0x00000000025589e1
Event: 0.993 Thread 0x00000000164f3800 Exception <a 'java/lang/ArrayIndexOutOfBoundsException': 18> (0x00000000ec8ce1a0) thrown at [C:\src\android\AOSP-openjdk\external\jetbrains\jdk\hotspot\src\share\vm\interpreter\interpreterRuntime.cpp, line 366]
Event: 0.993 Thread 0x00000000164f3800 Exception <a 'java/lang/ArrayIndexOutOfBoundsException': 145> (0x00000000ec8cfd20) thrown at [C:\src\android\AOSP-openjdk\external\jetbrains\jdk\hotspot\src\share\vm\interpreter\interpreterRuntime.cpp, line 366]
Event: 0.994 Thread 0x00000000164f3800 Exception <a 'java/lang/ArrayIndexOutOfBoundsException'> (0x00000000ec8d1008) thrown at [C:\src\android\AOSP-openjdk\external\jetbrains\jdk\hotspot\src\share\vm\runtime\sharedRuntime.cpp, line 605]
Event: 3.077 Thread 0x00000000020a0800 Implicit null exception at 0x0000000002305638 to 0x0000000002305a95
Event: 5.250 Thread 0x0000000016912000 Implicit null exception at 0x0000000002bea238 to 0x0000000002befc29

Events (10 events):
Event: 11.671 loading class com/android/dx/util/ListIntSet$1 done
Event: 11.672 Thread 0x000000001689c000 Uncommon trap: trap_request=0xffffffde fr.pc=0x0000000002b8530c
Event: 11.672 Thread 0x000000001689c000 DEOPT PACKING pc=0x0000000002b8530c sp=0x00000000172ae6f0
Event: 11.672 Thread 0x000000001689c000 DEOPT UNPACKING pc=0x00000000021e556a sp=0x00000000172ae708 mode 2
Event: 11.672 Thread 0x000000001689c000 Uncommon trap: trap_request=0xffffffde fr.pc=0x0000000002b8530c
Event: 11.672 Thread 0x000000001689c000 DEOPT PACKING pc=0x0000000002b8530c sp=0x00000000172ae6f0
Event: 11.672 Thread 0x000000001689c000 DEOPT UNPACKING pc=0x00000000021e556a sp=0x00000000172ae708 mode 2
Event: 11.672 Thread 0x000000001689c000 Uncommon trap: trap_request=0xffffffde fr.pc=0x0000000002b8530c
Event: 11.672 Thread 0x000000001689c000 DEOPT PACKING pc=0x0000000002b8530c sp=0x00000000172ae6f0
Event: 11.672 Thread 0x000000001689c000 DEOPT UNPACKING pc=0x00000000021e556a sp=0x00000000172ae708 mode 2


Dynamic libraries:
0x00007ff6c2b20000 - 0x00007ff6c2b51000 	C:\Program Files\Android\Android Studio\jre\bin\java.exe
0x00007ff9234d0000 - 0x00007ff923692000 	C:\Windows\SYSTEM32\ntdll.dll
0x00007ff923420000 - 0x00007ff9234cd000 	C:\Windows\system32\KERNEL32.DLL
0x00007ff920950000 - 0x00007ff920b2d000 	C:\Windows\system32\KERNELBASE.dll
0x00007ff922ff0000 - 0x00007ff923096000 	C:\Windows\system32\ADVAPI32.dll
0x00007ff920c00000 - 0x00007ff920c9d000 	C:\Windows\system32\msvcrt.dll
0x00007ff921990000 - 0x00007ff9219eb000 	C:\Windows\system32\sechost.dll
0x00007ff9232f0000 - 0x00007ff923416000 	C:\Windows\system32\RPCRT4.dll
0x00007ff9230a0000 - 0x00007ff9231ee000 	C:\Windows\system32\USER32.dll
0x00007ff921720000 - 0x00007ff9218a3000 	C:\Windows\system32\GDI32.dll
0x00007ff913890000 - 0x00007ff913b04000 	C:\Windows\WinSxS\amd64_microsoft.windows.common-controls_6595b64144ccf1df_6.0.10240.17184_none_f41d7a705752bce6\COMCTL32.dll
0x00007ff921180000 - 0x00007ff9211b6000 	C:\Windows\system32\IMM32.DLL
0x00007ff9214f0000 - 0x00007ff92164c000 	C:\Windows\system32\MSCTF.dll
0x0000000065ef0000 - 0x0000000065fc2000 	C:\Program Files\Android\Android Studio\jre\jre\bin\msvcr100.dll
0x0000000065fd0000 - 0x000000006680c000 	C:\Program Files\Android\Android Studio\jre\jre\bin\server\jvm.dll
0x00007ff921170000 - 0x00007ff921178000 	C:\Windows\system32\PSAPI.DLL
0x00007ff91b9f0000 - 0x00007ff91b9f9000 	C:\Windows\SYSTEM32\WSOCK32.dll
0x00007ff91e1b0000 - 0x00007ff91e1d3000 	C:\Windows\SYSTEM32\WINMM.dll
0x00007ff923280000 - 0x00007ff9232e9000 	C:\Windows\system32\WS2_32.dll
0x00007ff920bf0000 - 0x00007ff920bf8000 	C:\Windows\system32\NSI.dll
0x00007ff9179d0000 - 0x00007ff9179da000 	C:\Windows\SYSTEM32\VERSION.dll
0x00007ff91e150000 - 0x00007ff91e17c000 	C:\Windows\SYSTEM32\WINMMBASE.dll
0x00007ff91ff90000 - 0x00007ff91ffd4000 	C:\Windows\system32\cfgmgr32.dll
0x00007ff91e7d0000 - 0x00007ff91e7f7000 	C:\Windows\SYSTEM32\DEVOBJ.dll
0x00007ff91b9e0000 - 0x00007ff91b9ef000 	C:\Program Files\Android\Android Studio\jre\jre\bin\verify.dll
0x00007ff91b9a0000 - 0x00007ff91b9c9000 	C:\Program Files\Android\Android Studio\jre\jre\bin\java.dll
0x00007ff91b2e0000 - 0x00007ff91b2f6000 	C:\Program Files\Android\Android Studio\jre\jre\bin\zip.dll
0x00007ff9219f0000 - 0x00007ff922f13000 	C:\Windows\system32\SHELL32.dll
0x00007ff920320000 - 0x00007ff920949000 	C:\Windows\system32\windows.storage.dll
0x00007ff9211c0000 - 0x00007ff92143c000 	C:\Windows\system32\combase.dll
0x00007ff920b90000 - 0x00007ff920be1000 	C:\Windows\system32\shlwapi.dll
0x00007ff91ff10000 - 0x00007ff91ff1f000 	C:\Windows\system32\kernel.appcore.dll
0x00007ff91ffe0000 - 0x00007ff920093000 	C:\Windows\system32\shcore.dll
0x00007ff91ff40000 - 0x00007ff91ff8a000 	C:\Windows\system32\powrprof.dll
0x00007ff91fef0000 - 0x00007ff91ff03000 	C:\Windows\system32\profapi.dll

VM Arguments:
jvm_args: -Djava.awt.headless=true -Xmx1024M -Dfile.encoding=windows-1256 -Duser.country=US -Duser.language=en -Duser.variant 
java_command: com.android.dx.command.Main --dex --num-threads=4 --multi-dex --main-dex-list C:\Users\FCC\Desktop\Projects\Mahan\app\build\intermediates\multi-dex\debug\maindexlist.txt --output C:\Users\FCC\Desktop\Projects\Mahan\app\build\intermediates\transforms\dex\debug\folders\1000\1f\main C:\Users\FCC\Desktop\Projects\Mahan\app\build\intermediates\transforms\jarMerging\debug\jars\1\1f\combined.jar
java_class_path (initial): C:\AndroidSDK\AndroidSDK\AndroidSDK\build-tools\25.0.3\lib\dx.jar
Launcher Type: SUN_STANDARD

Environment Variables:
JAVA_HOME=C:\Program Files\Java\jdk1.9.0
PATH=C:\ProgramData\Oracle\Java\javapath;C:\Program Files\Microsoft MPI\Bin\;C:\Program Files (x86)\Intel\iCLS Client\;C:\Program Files\Intel\iCLS Client\;C:\Windows\system32;C:\Windows;C:\Windows\System32\Wbem;C:\Windows\System32\WindowsPowerShell\v1.0\;C:\Program Files (x86)\Intel\Intel(R) Management Engine Components\DAL;C:\Program Files\Intel\Intel(R) Management Engine Components\DAL;C:\Program Files (x86)\Intel\Intel(R) Management Engine Components\IPT;C:\Program Files\Intel\Intel(R) Management Engine Components\IPT;C:\Program Files\Git\cmd
USERNAME=FCC
OS=Windows_NT
PROCESSOR_IDENTIFIER=Intel64 Family 6 Model 94 Stepping 3, GenuineIntel



---------------  S Y S T E M  ---------------

OS: Windows 10.0 , 64 bit Build 10240 (10.0.10240.17113)

CPU:total 4 (4 cores per cpu, 1 threads per core) family 6 model 94 stepping 3, cmov, cx8, fxsr, mmx, sse, sse2, sse3, ssse3, sse4.1, sse4.2, popcnt, avx, avx2, aes, clmul, erms, rtm, 3dnowpref, lzcnt, tsc, tscinvbit, bmi1, bmi2, adx

Memory: 4k page, physical 8261104k(1206320k free), swap 9901284k(4180k free)

vm_info: OpenJDK 64-Bit Server VM (25.112-b06) for windows-amd64 JRE (1.8.0_112-release-b06), built on Dec  8 2016 00:54:26 by "builder" with MS VC++ 10.0 (VS2010)

time: Wed Oct 25 14:59:59 2017
elapsed time: 11 seconds (0d 0h 0m 11s)

