#
# There is insufficient memory for the Java Runtime Environment to continue.
# Native memory allocation (malloc) failed to allocate 494608 bytes for Chunk::new
# Possible reasons:
#   The system is out of physical RAM or swap space
#   In 32 bit mode, the process size limit was hit
# Possible solutions:
#   Reduce memory load on the system
#   Increase physical memory or swap space
#   Check if swap backing store is full
#   Use 64 bit Java on a 64 bit OS
#   Decrease Java heap size (-Xmx/-Xms)
#   Decrease number of Java threads
#   Decrease Java thread stack sizes (-Xss)
#   Set larger code cache with -XX:ReservedCodeCacheSize=
# This output file may be truncated or incomplete.
#
#  Out of Memory Error (allocation.cpp:390), pid=7296, tid=0x0000000000003bac
#
# JRE version: OpenJDK Runtime Environment (8.0_76-b03) (build 1.8.0_76-release-b03)
# Java VM: OpenJDK 64-Bit Server VM (25.76-b03 mixed mode windows-amd64 compressed oops)
# Failed to write core dump. Minidumps are not enabled by default on client versions of Windows
#

---------------  T H R E A D  ---------------

Current thread (0x0000000014c79800):  JavaThread "C2 CompilerThread1" daemon [_thread_in_native, id=15276, stack(0x00000000167b0000,0x00000000168b0000)]

Stack: [0x00000000167b0000,0x00000000168b0000]
[error occurred during error reporting (printing stack bounds), id 0xc0000005]

Native frames: (J=compiled Java code, j=interpreted, Vv=VM code, C=native code)


Current CompileTask:
C2:   3039 1715       4       com.android.dx.ssa.SsaMethod::forEachBlockDepthFirst (194 bytes)


---------------  P R O C E S S  ---------------

Java Threads: ( => current thread )
  0x000000001664e000 JavaThread "pool-1-thread-4" [_thread_in_Java, id=3376, stack(0x0000000016fb0000,0x00000000170b0000)]
  0x000000001664d000 JavaThread "pool-1-thread-3" [_thread_blocked, id=9020, stack(0x0000000016eb0000,0x0000000016fb0000)]
  0x000000001664c000 JavaThread "pool-1-thread-2" [_thread_in_Java, id=12240, stack(0x0000000016db0000,0x0000000016eb0000)]
  0x0000000016647800 JavaThread "pool-2-thread-1" [_thread_blocked, id=8248, stack(0x0000000016cb0000,0x0000000016db0000)]
  0x000000001666c800 JavaThread "pool-1-thread-1" [_thread_in_Java, id=13868, stack(0x0000000016bb0000,0x0000000016cb0000)]
  0x0000000016400000 JavaThread "Service Thread" daemon [_thread_blocked, id=7040, stack(0x00000000169b0000,0x0000000016ab0000)]
  0x00000000163fb800 JavaThread "C1 CompilerThread2" daemon [_thread_blocked, id=15672, stack(0x00000000168b0000,0x00000000169b0000)]
=>0x0000000014c79800 JavaThread "C2 CompilerThread1" daemon [_thread_in_native, id=15276, stack(0x00000000167b0000,0x00000000168b0000)]
  0x0000000014c74000 JavaThread "C2 CompilerThread0" daemon [_thread_in_native, id=11092, stack(0x00000000162b0000,0x00000000163b0000)]
  0x0000000014cc2800 JavaThread "Attach Listener" daemon [_thread_blocked, id=11428, stack(0x00000000161b0000,0x00000000162b0000)]
  0x0000000014cc1800 JavaThread "Signal Dispatcher" daemon [_thread_blocked, id=7276, stack(0x00000000160b0000,0x00000000161b0000)]
  0x000000000259b800 JavaThread "Finalizer" daemon [_thread_blocked, id=7732, stack(0x0000000015ed0000,0x0000000015fd0000)]
  0x0000000002590800 JavaThread "Reference Handler" daemon [_thread_blocked, id=16300, stack(0x0000000015dd0000,0x0000000015ed0000)]
  0x00000000024a0800 JavaThread "main" [_thread_blocked, id=13160, stack(0x00000000022a0000,0x00000000023a0000)]

Other Threads:
  0x0000000014c34800 VMThread [stack: 0x0000000015cd0000,0x0000000015dd0000] [id=15280]
  0x0000000016402000 WatcherThread [stack: 0x0000000016ab0000,0x0000000016bb0000] [id=2544]

VM state:synchronizing (normal execution)

VM Mutex/Monitor currently owned by a thread:  ([mutex/lock_event])
[0x000000000229c630] Safepoint_lock - owner thread: 0x0000000014c34800
[0x000000000229cc30] Threads_lock - owner thread: 0x0000000014c34800
[0x000000000229c030] Heap_lock - owner thread: 0x000000001664d000

Heap:
 PSYoungGen      total 38400K, used 38391K [0x00000000eab00000, 0x00000000ed580000, 0x0000000100000000)
  eden space 33280K, 100% used [0x00000000eab00000,0x00000000ecb80000,0x00000000ecb80000)
  from space 5120K, 99% used [0x00000000ed080000,0x00000000ed57dc88,0x00000000ed580000)
  to   space 5120K, 0% used [0x00000000ecb80000,0x00000000ecb80000,0x00000000ed080000)
 ParOldGen       total 87552K, used 2993K [0x00000000c0000000, 0x00000000c5580000, 0x00000000eab00000)
  object space 87552K, 3% used [0x00000000c0000000,0x00000000c02ec538,0x00000000c5580000)
 Metaspace       used 6142K, capacity 7152K, committed 7296K, reserved 1056768K
  class space    used 568K, capacity 616K, committed 640K, reserved 1048576K

Card table byte_map: [0x0000000011960000,0x0000000011b70000] byte_map_base: 0x0000000011360000

Marking Bits: (ParMarkBitMap*) 0x0000000060b79d00
 Begin Bits: [0x00000000120d0000, 0x00000000130d0000)
 End Bits:   [0x00000000130d0000, 0x00000000140d0000)

Polling page: 0x0000000000bd0000

CodeCache: size=245760Kb used=7512Kb max_used=7512Kb free=238247Kb
 bounds [0x00000000025a0000, 0x0000000002d00000, 0x00000000115a0000]
 total_blobs=2017 nmethods=1754 adapters=176
 compilation: enabled

Compilation events (10 events):
Event: 3.024 Thread 0x00000000163fb800 1762       3       com.android.dx.rop.code.LocalVariableExtractor::processBlock (327 bytes)
Event: 3.025 Thread 0x00000000163fb800 nmethod 1762 0x0000000002cf2c90 code [0x0000000002cf3100, 0x0000000002cf6b98]
Event: 3.032 Thread 0x00000000163fb800 1763       3       com.android.dx.cf.attrib.AttConstantValue::<init> (71 bytes)
Event: 3.033 Thread 0x00000000163fb800 nmethod 1763 0x0000000002cf8fd0 code [0x0000000002cf91a0, 0x0000000002cf9b98]
Event: 3.034 Thread 0x00000000163fb800 1764       3       com.android.dx.dex.cf.CfTranslator::coerceConstant (144 bytes)
Event: 3.035 Thread 0x00000000163fb800 nmethod 1764 0x0000000002cf9d50 code [0x0000000002cfa060, 0x0000000002cfbdc8]
Event: 3.035 Thread 0x00000000163fb800 1765       3       com.android.dx.ssa.LiteralOpUpgrader::isConstIntZeroOrKnownNull (34 bytes)
Event: 3.036 Thread 0x00000000163fb800 nmethod 1765 0x0000000002cd4d90 code [0x0000000002cd4f20, 0x0000000002cd5448]
Event: 3.036 Thread 0x00000000163fb800 1766       1       com.android.dx.cf.direct.DirectClassFile$DcfTypeList::size (5 bytes)
Event: 3.036 Thread 0x00000000163fb800 nmethod 1766 0x0000000002cfc790 code [0x0000000002cfc8e0, 0x0000000002cfc9f0]

GC Heap History (4 events):
Event: 1.721 GC heap before
{Heap before GC invocations=1 (full 0):
 PSYoungGen      total 38400K, used 33280K [0x00000000eab00000, 0x00000000ed580000, 0x0000000100000000)
  eden space 33280K, 100% used [0x00000000eab00000,0x00000000ecb80000,0x00000000ecb80000)
  from space 5120K, 0% used [0x00000000ed080000,0x00000000ed080000,0x00000000ed580000)
  to   space 5120K, 0% used [0x00000000ecb80000,0x00000000ecb80000,0x00000000ed080000)
 ParOldGen       total 87552K, used 0K [0x00000000c0000000, 0x00000000c5580000, 0x00000000eab00000)
  object space 87552K, 0% used [0x00000000c0000000,0x00000000c0000000,0x00000000c5580000)
 Metaspace       used 5756K, capacity 6832K, committed 7040K, reserved 1056768K
  class space    used 563K, capacity 616K, committed 640K, reserved 1048576K
Event: 1.728 GC heap after
Heap after GC invocations=1 (full 0):
 PSYoungGen      total 38400K, used 5093K [0x00000000eab00000, 0x00000000ed580000, 0x0000000100000000)
  eden space 33280K, 0% used [0x00000000eab00000,0x00000000eab00000,0x00000000ecb80000)
  from space 5120K, 99% used [0x00000000ecb80000,0x00000000ed0794a8,0x00000000ed080000)
  to   space 5120K, 0% used [0x00000000ed080000,0x00000000ed080000,0x00000000ed580000)
 ParOldGen       total 87552K, used 16K [0x00000000c0000000, 0x00000000c5580000, 0x00000000eab00000)
  object space 87552K, 0% used [0x00000000c0000000,0x00000000c0004000,0x00000000c5580000)
 Metaspace       used 5756K, capacity 6832K, committed 7040K, reserved 1056768K
  class space    used 563K, capacity 616K, committed 640K, reserved 1048576K
}
Event: 2.555 GC heap before
{Heap before GC invocations=2 (full 0):
 PSYoungGen      total 38400K, used 38373K [0x00000000eab00000, 0x00000000ed580000, 0x0000000100000000)
  eden space 33280K, 100% used [0x00000000eab00000,0x00000000ecb80000,0x00000000ecb80000)
  from space 5120K, 99% used [0x00000000ecb80000,0x00000000ed0794a8,0x00000000ed080000)
  to   space 5120K, 0% used [0x00000000ed080000,0x00000000ed080000,0x00000000ed580000)
 ParOldGen       total 87552K, used 16K [0x00000000c0000000, 0x00000000c5580000, 0x00000000eab00000)
  object space 87552K, 0% used [0x00000000c0000000,0x00000000c0004000,0x00000000c5580000)
 Metaspace       used 6074K, capacity 7088K, committed 7296K, reserved 1056768K
  class space    used 568K, capacity 616K, committed 640K, reserved 1048576K
Event: 2.702 GC heap after
Heap after GC invocations=2 (full 0):
 PSYoungGen      total 38400K, used 5111K [0x00000000eab00000, 0x00000000ed580000, 0x0000000100000000)
  eden space 33280K, 0% used [0x00000000eab00000,0x00000000eab00000,0x00000000ecb80000)
  from space 5120K, 99% used [0x00000000ed080000,0x00000000ed57dc88,0x00000000ed580000)
  to   space 5120K, 0% used [0x00000000ecb80000,0x00000000ecb80000,0x00000000ed080000)
 ParOldGen       total 87552K, used 2993K [0x00000000c0000000, 0x00000000c5580000, 0x00000000eab00000)
  object space 87552K, 3% used [0x00000000c0000000,0x00000000c02ec538,0x00000000c5580000)
 Metaspace       used 6074K, capacity 7088K, committed 7296K, reserved 1056768K
  class space    used 568K, capacity 616K, committed 640K, reserved 1048576K
}

Deoptimization events (10 events):
Event: 1.737 Thread 0x000000001664d000 Uncommon trap: reason=class_check action=maybe_recompile pc=0x00000000028865e8 method=com.android.dx.rop.type.Type.equals(Ljava/lang/Object;)Z @ 8
Event: 1.737 Thread 0x000000001664e000 Uncommon trap: reason=class_check action=maybe_recompile pc=0x0000000002884f20 method=com.android.dx.rop.type.Type.equals(Ljava/lang/Object;)Z @ 8
Event: 1.773 Thread 0x000000001664d000 Uncommon trap: reason=unstable_if action=reinterpret pc=0x00000000027c61b0 method=java.util.BitSet.nextSetBit(I)I @ 87
Event: 1.784 Thread 0x000000001664e000 Uncommon trap: reason=class_check action=maybe_recompile pc=0x00000000028e0860 method=com.android.dx.rop.type.Type.equals(Ljava/lang/Object;)Z @ 8
Event: 1.787 Thread 0x000000001664e000 Uncommon trap: reason=unstable_if action=reinterpret pc=0x000000000287615c method=com.android.dx.rop.cst.Constant.compareTo(Lcom/android/dx/rop/cst/Constant;)I @ 12
Event: 2.494 Thread 0x000000001664e000 Uncommon trap: reason=unstable_if action=reinterpret pc=0x0000000002b89524 method=com.android.dx.cf.code.BytecodeArray.parseInstruction(ILcom/android/dx/cf/code/BytecodeArray$Visitor;)I @ 1198
Event: 2.886 Thread 0x000000001664e000 Uncommon trap: reason=null_check action=make_not_entrant pc=0x0000000002c1a6b0 method=com.android.dx.ssa.SsaRenamer.getLocalForNewReg(I)Lcom/android/dx/rop/code/LocalItem; @ 19
Event: 2.995 Thread 0x000000001664e000 Uncommon trap: reason=unstable_if action=reinterpret pc=0x0000000002c4dd9c method=com.android.dx.rop.code.RegisterSpecSet.localItemToSpec(Lcom/android/dx/rop/code/LocalItem;)Lcom/android/dx/rop/code/RegisterSpec; @ 35
Event: 3.002 Thread 0x000000001664e000 Uncommon trap: reason=null_check action=make_not_entrant pc=0x0000000002b4da28 method=com.android.dx.rop.type.Type.equals(Ljava/lang/Object;)Z @ 8
Event: 3.022 Thread 0x000000001664e000 Uncommon trap: reason=unstable_if action=reinterpret pc=0x0000000002c5fe30 method=com.android.dx.rop.code.RegisterSpecSet.localItemToSpec(Lcom/android/dx/rop/code/LocalItem;)Lcom/android/dx/rop/code/RegisterSpec; @ 35

Internal exceptions (4 events):
Event: 0.407 Thread 0x00000000024a0800 Exception <a 'java/lang/NoSuchMethodError': Method sun.misc.Unsafe.defineClass(Ljava/lang/String;[BII)Ljava/lang/Class; name or signature does not match> (0x00000000eab07cc0) thrown at [C:\src\android\AOSP-openjdk\external\jetbrains\jdk\hotspot\src\share\v¸ºöû(	Ú?
Event: 0.407 Thread 0x00000000024a0800 Exception <a 'java/lang/NoSuchMethodError': Method sun.misc.Unsafe.prefetchRead(Ljava/lang/Object;J)V name or signature does not match> (0x00000000eab07fa8) thrown at [C:\src\android\AOSP-openjdk\external\jetbrains\jdk\hotspot\src\share\vm\prims\jni.cpp, l†`ÍÈ{@
Event: 2.886 Thread 0x000000001664e000 Implicit null exception at 0x0000000002c1867f to 0x0000000002c1a665
Event: 3.002 Thread 0x000000001664e000 Implicit null exception at 0x0000000002b4d922 to 0x0000000002b4da1a

Events (10 events):
Event: 2.995 Thread 0x000000001664e000 Uncommon trap: trap_request=0xffffff65 fr.pc=0x0000000002c4dd9c
Event: 2.995 Thread 0x000000001664e000 DEOPT PACKING pc=0x0000000002c4dd9c sp=0x00000000170ae8f0
Event: 2.995 Thread 0x000000001664e000 DEOPT UNPACKING pc=0x00000000025e556a sp=0x00000000170ae818 mode 2
Event: 3.002 Thread 0x000000001664e000 Uncommon trap: trap_request=0xfffffff4 fr.pc=0x0000000002b4da28
Event: 3.002 Thread 0x000000001664e000 DEOPT PACKING pc=0x0000000002b4da28 sp=0x00000000170ae430
Event: 3.002 Thread 0x000000001664e000 DEOPT UNPACKING pc=0x00000000025e556a sp=0x00000000170ae3b8 mode 2
Event: 3.022 Thread 0x000000001664e000 Uncommon trap: trap_request=0xffffff65 fr.pc=0x0000000002c5fe30
Event: 3.022 Thread 0x000000001664e000 DEOPT PACKING pc=0x0000000002c5fe30 sp=0x00000000170aeab0
Event: 3.022 Thread 0x000000001664e000 DEOPT UNPACKING pc=0x00000000025e556a sp=0x00000000170aea18 mode 2
Event: 3.037 Executing VM operation: ParallelGCFailedAllocation


Dynamic libraries:
0x00007ff671860000 - 0x00007ff671891000 	C:\Program Files\Android\Android Studio\jre\bin\java.exe
0x00007ffc03e20000 - 0x00007ffc03fe2000 	C:\Windows\SYSTEM32\ntdll.dll
0x00007ffc03890000 - 0x00007ffc0393d000 	C:\Windows\system32\KERNEL32.DLL
0x00007ffc01310000 - 0x00007ffc014ed000 	C:\Windows\system32\KERNELBASE.dll
0x00007ffc03bc0000 - 0x00007ffc03c66000 	C:\Windows\system32\ADVAPI32.dll
0x00007ffc03ae0000 - 0x00007ffc03b7d000 	C:\Windows\system32\msvcrt.dll
0x00007ffc01a90000 - 0x00007ffc01aeb000 	C:\Windows\system32\sechost.dll
0x00007ffc014f0000 - 0x00007ffc01616000 	C:\Windows\system32\RPCRT4.dll
0x00007ffc01620000 - 0x00007ffc0176e000 	C:\Windows\system32\USER32.dll
0x00007ffc01d40000 - 0x00007ffc01ec5000 	C:\Windows\system32\GDI32.dll
0x00007ffbeb0d0000 - 0x00007ffbeb344000 	C:\Windows\WinSxS\amd64_microsoft.windows.common-controls_6595b64144ccf1df_6.0.10240.16384_none_f41f7b285750ef43\COMCTL32.dll
0x00007ffc03b80000 - 0x00007ffc03bb6000 	C:\Windows\system32\IMM32.DLL
0x00007ffc03400000 - 0x00007ffc0355c000 	C:\Windows\system32\MSCTF.dll
0x00000000602e0000 - 0x00000000603b2000 	C:\Program Files\Android\Android Studio\jre\jre\bin\msvcr100.dll
0x00000000603c0000 - 0x0000000060bf4000 	C:\Program Files\Android\Android Studio\jre\jre\bin\server\jvm.dll
0x00007ffc01a00000 - 0x00007ffc01a08000 	C:\Windows\system32\PSAPI.DLL
0x00007ffbe4230000 - 0x00007ffbe4239000 	C:\Windows\SYSTEM32\WSOCK32.dll
0x00007ffc01a20000 - 0x00007ffc01a89000 	C:\Windows\system32\WS2_32.dll
0x00007ffc01af0000 - 0x00007ffc01af8000 	C:\Windows\system32\NSI.dll
0x00007ffbf0dc0000 - 0x00007ffbf0de3000 	C:\Windows\SYSTEM32\WINMM.dll
0x00007ffbf7eb0000 - 0x00007ffbf7eba000 	C:\Windows\SYSTEM32\VERSION.dll
0x00007ffbf0d50000 - 0x00007ffbf0d7c000 	C:\Windows\SYSTEM32\WINMMBASE.dll
0x00007ffc010f0000 - 0x00007ffc01134000 	C:\Windows\system32\cfgmgr32.dll
0x00007ffbff1c0000 - 0x00007ffbff1e7000 	C:\Windows\SYSTEM32\DEVOBJ.dll
0x00007ffbf9c80000 - 0x00007ffbf9c8f000 	C:\Program Files\Android\Android Studio\jre\jre\bin\verify.dll
0x00007ffbf9630000 - 0x00007ffbf9659000 	C:\Program Files\Android\Android Studio\jre\jre\bin\java.dll
0x00007ffbf93d0000 - 0x00007ffbf93e6000 	C:\Program Files\Android\Android Studio\jre\jre\bin\zip.dll
0x00007ffc01ed0000 - 0x00007ffc033f5000 	C:\Windows\system32\SHELL32.dll
0x00007ffc008f0000 - 0x00007ffc00f18000 	C:\Windows\system32\windows.storage.dll
0x00007ffc03610000 - 0x00007ffc0388c000 	C:\Windows\system32\combase.dll
0x00007ffc03a80000 - 0x00007ffc03ad1000 	C:\Windows\system32\shlwapi.dll
0x00007ffc00870000 - 0x00007ffc0087f000 	C:\Windows\system32\kernel.appcore.dll
0x00007ffc01250000 - 0x00007ffc01303000 	C:\Windows\system32\shcore.dll
0x00007ffc008a0000 - 0x00007ffc008ea000 	C:\Windows\system32\powrprof.dll
0x00007ffc00850000 - 0x00007ffc00863000 	C:\Windows\system32\profapi.dll

VM Arguments:
jvm_args: -Djava.awt.headless=true -Xmx1024M -Dfile.encoding=windows-1256 -Duser.country=US -Duser.language=en -Duser.variant 
java_command: com.android.dx.command.Main --dex --num-threads=4 --output C:\Users\FCC\Desktop\Aspa\app\build\intermediates\pre-dexed\debug\com.android.support-support-compat-25.1.0_f1246ff97e2dda8ad8f48fa8d8921b43cba0dace.jar C:\Users\FCC\Desktop\Aspa\app\build\intermediates\exploded-aar\com.android.support\support-compat\25.1.0\jars\classes.jar
java_class_path (initial): C:\Users\FCC\AppData\Local\Android\AndroidSDK\build-tools\23.0.3\lib\dx.jar
Launcher Type: SUN_STANDARD

Environment Variables:
PATH=C:\ProgramData\Oracle\Java\javapath;C:\Program Files\Microsoft MPI\Bin\;C:\Program Files (x86)\Intel\iCLS Client\;C:\Program Files\Intel\iCLS Client\;C:\Windows\system32;C:\Windows;C:\Windows\System32\Wbem;C:\Windows\System32\WindowsPowerShell\v1.0\;C:\Program Files (x86)\Intel\Intel(R) Management Engine Components\DAL;C:\Program Files\Intel\Intel(R) Management Engine Components\DAL;C:\Program Files (x86)\Intel\Intel(R) Management Engine Components\IPT;C:\Program Files\Intel\Intel(R) Management Engine Components\IPT;C:\Program Files\Microsoft SQL Server\120\Tools\Binn\;C:\Program Files\Microsoft SQL Server\130\Tools\Binn\;C:\Program Files (x86)\Microsoft SQL Server\130\Tools\Binn\;C:\Program Files (x86)\Microsoft SQL Server\130\DTS\Binn\;C:\Program Files\Microsoft SQL Server\130\DTS\Binn\;C:\Program Files\Microsoft SQL Server\Client SDK\ODBC\130\Tools\Binn\;C:\Program Files\Git\cmd
USERNAME=FCC
OS=Windows_NT
PROCESSOR_IDENTIFIER=Intel64 Family 6 Model 94 Stepping 3, GenuineIntel



---------------  S Y S T E M  ---------------

OS: Windows 10.0 , 64 bit Build 10240 (10.0.10240.16384)

CPU:total 4 (4 cores per cpu, 1 threads per core) family 6 model 94 stepping 3, cmov, cx8, fxsr, mmx, sse, sse2, sse3, ssse3, sse4.1, sse4.2, popcnt, avx, avx2, aes, clmul, erms, rtm, 3dnowpref, lzcnt, tsc, tscinvbit, bmi1, bmi2, adx

Memory: 4k page, physical 8261104k(737200k free), swap 12926808k(5520k free)

vm_info: OpenJDK 64-Bit Server VM (25.76-b03) for windows-amd64 JRE (1.8.0_76-release-b03), built on Jun 29 2016 19:09:20 by "ralucas" with MS VC++ 10.0 (VS2010)

time: Sun Feb 26 10:58:19 2017
elapsed time: 3 seconds (0d 0h 0m 3s)

